$8000: LDX #$00                       (a=$00[m, x=$00[m, y=$00[m, s=$00[m, p=[31m$02[m)
$8002: TXA                            (a=$00[m, x=$00[m, y=$00[m, s=$00[m, p=$02[m)
$8003: STA $00, X                     (a=$00[m, x=$00[m, y=$00[m, s=$00[m, p=$02[m)
$8005: INX                            (a=$00[m, x=[31m$01[m, y=$00[m, s=$00[m, p=[31m$00[m)
$8006: BNE $FA                        (a=$00[m, x=$01[m, y=$00[m, s=$00[m, p=$00[m)
$8002: TXA                            (a=[31m$01[m, x=$01[m, y=$00[m, s=$00[m, p=$00[m)
$8003: STA $00, X                     (a=$01[m, x=$01[m, y=$00[m, s=$00[m, p=$00[m)
$8005: INX                            (a=$01[m, x=[31m$02[m, y=$00[m, s=$00[m, p=$00[m)
$8006: BNE $FA                        (a=$01[m, x=$02[m, y=$00[m, s=$00[m, p=$00[m)
$8002: TXA                            (a=[31m$02[m, x=$02[m, y=$00[m, s=$00[m, p=$00[m)
$8003: STA $00, X                     (a=$02[m, x=$02[m, y=$00[m, s=$00[m, p=$00[m)
$8005: INX                            (a=$02[m, x=[31m$03[m, y=$00[m, s=$00[m, p=$00[m)
$8006: BNE $FA                        (a=$02[m, x=$03[m, y=$00[m, s=$00[m, p=$00[m)
$8002: TXA                            (a=[31m$03[m, x=$03[m, y=$00[m, s=$00[m, p=$00[m)
$8003: STA $00, X                     (a=$03[m, x=$03[m, y=$00[m, s=$00[m, p=$00[m)
$8005: INX                            (a=$03[m, x=[31m$04[m, y=$00[m, s=$00[m, p=$00[m)
$8006: BNE $FA                        (a=$03[m, x=$04[m, y=$00[m, s=$00[m, p=$00[m)
$8002: TXA                            (a=[31m$04[m, x=$04[m, y=$00[m, s=$00[m, p=$00[m)
$8003: STA $00, X                     (a=$04[m, x=$04[m, y=$00[m, s=$00[m, p=$00[m)
$8005: INX                            (a=$04[m, x=[31m$05[m, y=$00[m, s=$00[m, p=$00[m)
$8006: BNE $FA                        (a=$04[m, x=$05[m, y=$00[m, s=$00[m, p=$00[m)
$8002: TXA                            (a=[31m$05[m, x=$05[m, y=$00[m, s=$00[m, p=$00[m)
$8003: STA $00, X                     (a=$05[m, x=$05[m, y=$00[m, s=$00[m, p=$00[m)
$8005: INX                            (a=$05[m, x=[31m$06[m, y=$00[m, s=$00[m, p=$00[m)
$8006: BNE $FA                        (a=$05[m, x=$06[m, y=$00[m, s=$00[m, p=$00[m)
$8002: TXA                            (a=[31m$06[m, x=$06[m, y=$00[m, s=$00[m, p=$00[m)
$8003: STA $00, X                     (a=$06[m, x=$06[m, y=$00[m, s=$00[m, p=$00[m)
$8005: INX                            (a=$06[m, x=[31m$07[m, y=$00[m, s=$00[m, p=$00[m)
$8006: BNE $FA                        (a=$06[m, x=$07[m, y=$00[m, s=$00[m, p=$00[m)
$8002: TXA                            (a=[31m$07[m, x=$07[m, y=$00[m, s=$00[m, p=$00[m)
$8003: STA $00, X                     (a=$07[m, x=$07[m, y=$00[m, s=$00[m, p=$00[m)
$8005: INX                            (a=$07[m, x=[31m$08[m, y=$00[m, s=$00[m, p=$00[m)
$8006: BNE $FA                        (a=$07[m, x=$08[m, y=$00[m, s=$00[m, p=$00[m)
$8002: TXA                            (a=[31m$08[m, x=$08[m, y=$00[m, s=$00[m, p=$00[m)
$8003: STA $00, X                     (a=$08[m, x=$08[m, y=$00[m, s=$00[m, p=$00[m)
$8005: INX                            (a=$08[m, x=[31m$09[m, y=$00[m, s=$00[m, p=$00[m)
$8006: BNE $FA                        (a=$08[m, x=$09[m, y=$00[m, s=$00[m, p=$00[m)
$8002: TXA                            (a=[31m$09[m, x=$09[m, y=$00[m, s=$00[m, p=$00[m)
$8003: STA $00, X                     (a=$09[m, x=$09[m, y=$00[m, s=$00[m, p=$00[m)
$8005: INX                            (a=$09[m, x=[31m$0A[m, y=$00[m, s=$00[m, p=$00[m)
$8006: BNE $FA                        (a=$09[m, x=$0A[m, y=$00[m, s=$00[m, p=$00[m)
$8002: TXA                            (a=[31m$0A[m, x=$0A[m, y=$00[m, s=$00[m, p=$00[m)
$8003: STA $00, X                     (a=$0A[m, x=$0A[m, y=$00[m, s=$00[m, p=$00[m)
$8005: INX                            (a=$0A[m, x=[31m$0B[m, y=$00[m, s=$00[m, p=$00[m)
$8006: BNE $FA                        (a=$0A[m, x=$0B[m, y=$00[m, s=$00[m, p=$00[m)
$8002: TXA                            (a=[31m$0B[m, x=$0B[m, y=$00[m, s=$00[m, p=$00[m)
$8003: STA $00, X                     (a=$0B[m, x=$0B[m, y=$00[m, s=$00[m, p=$00[m)
$8005: INX                            (a=$0B[m, x=[31m$0C[m, y=$00[m, s=$00[m, p=$00[m)
$8006: BNE $FA                        (a=$0B[m, x=$0C[m, y=$00[m, s=$00[m, p=$00[m)
$8002: TXA                            (a=[31m$0C[m, x=$0C[m, y=$00[m, s=$00[m, p=$00[m)
$8003: STA $00, X                     (a=$0C[m, x=$0C[m, y=$00[m, s=$00[m, p=$00[m)
$8005: INX                            (a=$0C[m, x=[31m$0D[m, y=$00[m, s=$00[m, p=$00[m)
$8006: BNE $FA                        (a=$0C[m, x=$0D[m, y=$00[m, s=$00[m, p=$00[m)
$8002: TXA                            (a=[31m$0D[m, x=$0D[m, y=$00[m, s=$00[m, p=$00[m)
$8003: STA $00, X                     (a=$0D[m, x=$0D[m, y=$00[m, s=$00[m, p=$00[m)
$8005: INX                            (a=$0D[m, x=[31m$0E[m, y=$00[m, s=$00[m, p=$00[m)
$8006: BNE $FA                        (a=$0D[m, x=$0E[m, y=$00[m, s=$00[m, p=$00[m)
$8002: TXA                            (a=[31m$0E[m, x=$0E[m, y=$00[m, s=$00[m, p=$00[m)
$8003: STA $00, X                     (a=$0E[m, x=$0E[m, y=$00[m, s=$00[m, p=$00[m)
$8005: INX                            (a=$0E[m, x=[31m$0F[m, y=$00[m, s=$00[m, p=$00[m)
$8006: BNE $FA                        (a=$0E[m, x=$0F[m, y=$00[m, s=$00[m, p=$00[m)
$8002: TXA                            (a=[31m$0F[m, x=$0F[m, y=$00[m, s=$00[m, p=$00[m)
$8003: STA $00, X                     (a=$0F[m, x=$0F[m, y=$00[m, s=$00[m, p=$00[m)
$8005: INX                            (a=$0F[m, x=[31m$10[m, y=$00[m, s=$00[m, p=$00[m)
$8006: BNE $FA                        (a=$0F[m, x=$10[m, y=$00[m, s=$00[m, p=$00[m)
$8002: TXA                            (a=[31m$10[m, x=$10[m, y=$00[m, s=$00[m, p=$00[m)
$8003: STA $00, X                     (a=$10[m, x=$10[m, y=$00[m, s=$00[m, p=$00[m)
$8005: INX                            (a=$10[m, x=[31m$11[m, y=$00[m, s=$00[m, p=$00[m)
$8006: BNE $FA                        (a=$10[m, x=$11[m, y=$00[m, s=$00[m, p=$00[m)
$8002: TXA                            (a=[31m$11[m, x=$11[m, y=$00[m, s=$00[m, p=$00[m)
$8003: STA $00, X                     (a=$11[m, x=$11[m, y=$00[m, s=$00[m, p=$00[m)
$8005: INX                            (a=$11[m, x=[31m$12[m, y=$00[m, s=$00[m, p=$00[m)
$8006: BNE $FA                        (a=$11[m, x=$12[m, y=$00[m, s=$00[m, p=$00[m)
$8002: TXA                            (a=[31m$12[m, x=$12[m, y=$00[m, s=$00[m, p=$00[m)
$8003: STA $00, X                     (a=$12[m, x=$12[m, y=$00[m, s=$00[m, p=$00[m)
$8005: INX                            (a=$12[m, x=[31m$13[m, y=$00[m, s=$00[m, p=$00[m)
$8006: BNE $FA                        (a=$12[m, x=$13[m, y=$00[m, s=$00[m, p=$00[m)
$8002: TXA                            (a=[31m$13[m, x=$13[m, y=$00[m, s=$00[m, p=$00[m)
$8003: STA $00, X                     (a=$13[m, x=$13[m, y=$00[m, s=$00[m, p=$00[m)
$8005: INX                            (a=$13[m, x=[31m$14[m, y=$00[m, s=$00[m, p=$00[m)
$8006: BNE $FA                        (a=$13[m, x=$14[m, y=$00[m, s=$00[m, p=$00[m)
$8002: TXA                            (a=[31m$14[m, x=$14[m, y=$00[m, s=$00[m, p=$00[m)
$8003: STA $00, X                     (a=$14[m, x=$14[m, y=$00[m, s=$00[m, p=$00[m)
$8005: INX                            (a=$14[m, x=[31m$15[m, y=$00[m, s=$00[m, p=$00[m)
$8006: BNE $FA                        (a=$14[m, x=$15[m, y=$00[m, s=$00[m, p=$00[m)
$8002: TXA                            (a=[31m$15[m, x=$15[m, y=$00[m, s=$00[m, p=$00[m)
$8003: STA $00, X                     (a=$15[m, x=$15[m, y=$00[m, s=$00[m, p=$00[m)
$8005: INX                            (a=$15[m, x=[31m$16[m, y=$00[m, s=$00[m, p=$00[m)
$8006: BNE $FA                        (a=$15[m, x=$16[m, y=$00[m, s=$00[m, p=$00[m)
$8002: TXA                            (a=[31m$16[m, x=$16[m, y=$00[m, s=$00[m, p=$00[m)
$8003: STA $00, X                     (a=$16[m, x=$16[m, y=$00[m, s=$00[m, p=$00[m)
$8005: INX                            (a=$16[m, x=[31m$17[m, y=$00[m, s=$00[m, p=$00[m)
$8006: BNE $FA                        (a=$16[m, x=$17[m, y=$00[m, s=$00[m, p=$00[m)
$8002: TXA                            (a=[31m$17[m, x=$17[m, y=$00[m, s=$00[m, p=$00[m)
$8003: STA $00, X                     (a=$17[m, x=$17[m, y=$00[m, s=$00[m, p=$00[m)
$8005: INX                            (a=$17[m, x=[31m$18[m, y=$00[m, s=$00[m, p=$00[m)
$8006: BNE $FA                        (a=$17[m, x=$18[m, y=$00[m, s=$00[m, p=$00[m)
$8002: TXA                            (a=[31m$18[m, x=$18[m, y=$00[m, s=$00[m, p=$00[m)
$8003: STA $00, X                     (a=$18[m, x=$18[m, y=$00[m, s=$00[m, p=$00[m)
$8005: INX                            (a=$18[m, x=[31m$19[m, y=$00[m, s=$00[m, p=$00[m)
$8006: BNE $FA                        (a=$18[m, x=$19[m, y=$00[m, s=$00[m, p=$00[m)
$8002: TXA                            (a=[31m$19[m, x=$19[m, y=$00[m, s=$00[m, p=$00[m)
$8003: STA $00, X                     (a=$19[m, x=$19[m, y=$00[m, s=$00[m, p=$00[m)
$8005: INX                            (a=$19[m, x=[31m$1A[m, y=$00[m, s=$00[m, p=$00[m)
$8006: BNE $FA                        (a=$19[m, x=$1A[m, y=$00[m, s=$00[m, p=$00[m)
$8002: TXA                            (a=[31m$1A[m, x=$1A[m, y=$00[m, s=$00[m, p=$00[m)
$8003: STA $00, X                     (a=$1A[m, x=$1A[m, y=$00[m, s=$00[m, p=$00[m)
$8005: INX                            (a=$1A[m, x=[31m$1B[m, y=$00[m, s=$00[m, p=$00[m)
$8006: BNE $FA                        (a=$1A[m, x=$1B[m, y=$00[m, s=$00[m, p=$00[m)
$8002: TXA                            (a=[31m$1B[m, x=$1B[m, y=$00[m, s=$00[m, p=$00[m)
$8003: STA $00, X                     (a=$1B[m, x=$1B[m, y=$00[m, s=$00[m, p=$00[m)
$8005: INX                            (a=$1B[m, x=[31m$1C[m, y=$00[m, s=$00[m, p=$00[m)
$8006: BNE $FA                        (a=$1B[m, x=$1C[m, y=$00[m, s=$00[m, p=$00[m)
$8002: TXA                            (a=[31m$1C[m, x=$1C[m, y=$00[m, s=$00[m, p=$00[m)
$8003: STA $00, X                     (a=$1C[m, x=$1C[m, y=$00[m, s=$00[m, p=$00[m)
$8005: INX                            (a=$1C[m, x=[31m$1D[m, y=$00[m, s=$00[m, p=$00[m)
$8006: BNE $FA                        (a=$1C[m, x=$1D[m, y=$00[m, s=$00[m, p=$00[m)
$8002: TXA                            (a=[31m$1D[m, x=$1D[m, y=$00[m, s=$00[m, p=$00[m)
$8003: STA $00, X                     (a=$1D[m, x=$1D[m, y=$00[m, s=$00[m, p=$00[m)
$8005: INX                            (a=$1D[m, x=[31m$1E[m, y=$00[m, s=$00[m, p=$00[m)
$8006: BNE $FA                        (a=$1D[m, x=$1E[m, y=$00[m, s=$00[m, p=$00[m)
$8002: TXA                            (a=[31m$1E[m, x=$1E[m, y=$00[m, s=$00[m, p=$00[m)
$8003: STA $00, X                     (a=$1E[m, x=$1E[m, y=$00[m, s=$00[m, p=$00[m)
$8005: INX                            (a=$1E[m, x=[31m$1F[m, y=$00[m, s=$00[m, p=$00[m)
$8006: BNE $FA                        (a=$1E[m, x=$1F[m, y=$00[m, s=$00[m, p=$00[m)
$8002: TXA                            (a=[31m$1F[m, x=$1F[m, y=$00[m, s=$00[m, p=$00[m)
$8003: STA $00, X                     (a=$1F[m, x=$1F[m, y=$00[m, s=$00[m, p=$00[m)
$8005: INX                            (a=$1F[m, x=[31m$20[m, y=$00[m, s=$00[m, p=$00[m)
$8006: BNE $FA                        (a=$1F[m, x=$20[m, y=$00[m, s=$00[m, p=$00[m)
$8002: TXA                            (a=[31m$20[m, x=$20[m, y=$00[m, s=$00[m, p=$00[m)
$8003: STA $00, X                     (a=$20[m, x=$20[m, y=$00[m, s=$00[m, p=$00[m)
$8005: INX                            (a=$20[m, x=[31m$21[m, y=$00[m, s=$00[m, p=$00[m)
$8006: BNE $FA                        (a=$20[m, x=$21[m, y=$00[m, s=$00[m, p=$00[m)
$8002: TXA                            (a=[31m$21[m, x=$21[m, y=$00[m, s=$00[m, p=$00[m)
$8003: STA $00, X                     (a=$21[m, x=$21[m, y=$00[m, s=$00[m, p=$00[m)
$8005: INX                            (a=$21[m, x=[31m$22[m, y=$00[m, s=$00[m, p=$00[m)
$8006: BNE $FA                        (a=$21[m, x=$22[m, y=$00[m, s=$00[m, p=$00[m)
$8002: TXA                            (a=[31m$22[m, x=$22[m, y=$00[m, s=$00[m, p=$00[m)
$8003: STA $00, X                     (a=$22[m, x=$22[m, y=$00[m, s=$00[m, p=$00[m)
$8005: INX                            (a=$22[m, x=[31m$23[m, y=$00[m, s=$00[m, p=$00[m)
$8006: BNE $FA                        (a=$22[m, x=$23[m, y=$00[m, s=$00[m, p=$00[m)
$8002: TXA                            (a=[31m$23[m, x=$23[m, y=$00[m, s=$00[m, p=$00[m)
$8003: STA $00, X                     (a=$23[m, x=$23[m, y=$00[m, s=$00[m, p=$00[m)
$8005: INX                            (a=$23[m, x=[31m$24[m, y=$00[m, s=$00[m, p=$00[m)
$8006: BNE $FA                        (a=$23[m, x=$24[m, y=$00[m, s=$00[m, p=$00[m)
$8002: TXA                            (a=[31m$24[m, x=$24[m, y=$00[m, s=$00[m, p=$00[m)
$8003: STA $00, X                     (a=$24[m, x=$24[m, y=$00[m, s=$00[m, p=$00[m)
$8005: INX                            (a=$24[m, x=[31m$25[m, y=$00[m, s=$00[m, p=$00[m)
$8006: BNE $FA                        (a=$24[m, x=$25[m, y=$00[m, s=$00[m, p=$00[m)
$8002: TXA                            (a=[31m$25[m, x=$25[m, y=$00[m, s=$00[m, p=$00[m)
$8003: STA $00, X                     (a=$25[m, x=$25[m, y=$00[m, s=$00[m, p=$00[m)
$8005: INX                            (a=$25[m, x=[31m$26[m, y=$00[m, s=$00[m, p=$00[m)
$8006: BNE $FA                        (a=$25[m, x=$26[m, y=$00[m, s=$00[m, p=$00[m)
$8002: TXA                            (a=[31m$26[m, x=$26[m, y=$00[m, s=$00[m, p=$00[m)
$8003: STA $00, X                     (a=$26[m, x=$26[m, y=$00[m, s=$00[m, p=$00[m)
$8005: INX                            (a=$26[m, x=[31m$27[m, y=$00[m, s=$00[m, p=$00[m)
$8006: BNE $FA                        (a=$26[m, x=$27[m, y=$00[m, s=$00[m, p=$00[m)
$8002: TXA                            (a=[31m$27[m, x=$27[m, y=$00[m, s=$00[m, p=$00[m)
$8003: STA $00, X                     (a=$27[m, x=$27[m, y=$00[m, s=$00[m, p=$00[m)
$8005: INX                            (a=$27[m, x=[31m$28[m, y=$00[m, s=$00[m, p=$00[m)
$8006: BNE $FA                        (a=$27[m, x=$28[m, y=$00[m, s=$00[m, p=$00[m)
$8002: TXA                            (a=[31m$28[m, x=$28[m, y=$00[m, s=$00[m, p=$00[m)
$8003: STA $00, X                     (a=$28[m, x=$28[m, y=$00[m, s=$00[m, p=$00[m)
$8005: INX                            (a=$28[m, x=[31m$29[m, y=$00[m, s=$00[m, p=$00[m)
$8006: BNE $FA                        (a=$28[m, x=$29[m, y=$00[m, s=$00[m, p=$00[m)
$8002: TXA                            (a=[31m$29[m, x=$29[m, y=$00[m, s=$00[m, p=$00[m)
$8003: STA $00, X                     (a=$29[m, x=$29[m, y=$00[m, s=$00[m, p=$00[m)
$8005: INX                            (a=$29[m, x=[31m$2A[m, y=$00[m, s=$00[m, p=$00[m)
$8006: BNE $FA                        (a=$29[m, x=$2A[m, y=$00[m, s=$00[m, p=$00[m)
$8002: TXA                            (a=[31m$2A[m, x=$2A[m, y=$00[m, s=$00[m, p=$00[m)
$8003: STA $00, X                     (a=$2A[m, x=$2A[m, y=$00[m, s=$00[m, p=$00[m)
$8005: INX                            (a=$2A[m, x=[31m$2B[m, y=$00[m, s=$00[m, p=$00[m)
$8006: BNE $FA                        (a=$2A[m, x=$2B[m, y=$00[m, s=$00[m, p=$00[m)
$8002: TXA                            (a=[31m$2B[m, x=$2B[m, y=$00[m, s=$00[m, p=$00[m)
$8003: STA $00, X                     (a=$2B[m, x=$2B[m, y=$00[m, s=$00[m, p=$00[m)
$8005: INX                            (a=$2B[m, x=[31m$2C[m, y=$00[m, s=$00[m, p=$00[m)
$8006: BNE $FA                        (a=$2B[m, x=$2C[m, y=$00[m, s=$00[m, p=$00[m)
$8002: TXA                            (a=[31m$2C[m, x=$2C[m, y=$00[m, s=$00[m, p=$00[m)
$8003: STA $00, X                     (a=$2C[m, x=$2C[m, y=$00[m, s=$00[m, p=$00[m)
$8005: INX                            (a=$2C[m, x=[31m$2D[m, y=$00[m, s=$00[m, p=$00[m)
$8006: BNE $FA                        (a=$2C[m, x=$2D[m, y=$00[m, s=$00[m, p=$00[m)
$8002: TXA                            (a=[31m$2D[m, x=$2D[m, y=$00[m, s=$00[m, p=$00[m)
$8003: STA $00, X                     (a=$2D[m, x=$2D[m, y=$00[m, s=$00[m, p=$00[m)
$8005: INX                            (a=$2D[m, x=[31m$2E[m, y=$00[m, s=$00[m, p=$00[m)
$8006: BNE $FA                        (a=$2D[m, x=$2E[m, y=$00[m, s=$00[m, p=$00[m)
$8002: TXA                            (a=[31m$2E[m, x=$2E[m, y=$00[m, s=$00[m, p=$00[m)
$8003: STA $00, X                     (a=$2E[m, x=$2E[m, y=$00[m, s=$00[m, p=$00[m)
$8005: INX                            (a=$2E[m, x=[31m$2F[m, y=$00[m, s=$00[m, p=$00[m)
$8006: BNE $FA                        (a=$2E[m, x=$2F[m, y=$00[m, s=$00[m, p=$00[m)
$8002: TXA                            (a=[31m$2F[m, x=$2F[m, y=$00[m, s=$00[m, p=$00[m)
$8003: STA $00, X                     (a=$2F[m, x=$2F[m, y=$00[m, s=$00[m, p=$00[m)
$8005: INX                            (a=$2F[m, x=[31m$30[m, y=$00[m, s=$00[m, p=$00[m)
$8006: BNE $FA                        (a=$2F[m, x=$30[m, y=$00[m, s=$00[m, p=$00[m)
$8002: TXA                            (a=[31m$30[m, x=$30[m, y=$00[m, s=$00[m, p=$00[m)
$8003: STA $00, X                     (a=$30[m, x=$30[m, y=$00[m, s=$00[m, p=$00[m)
$8005: INX                            (a=$30[m, x=[31m$31[m, y=$00[m, s=$00[m, p=$00[m)
$8006: BNE $FA                        (a=$30[m, x=$31[m, y=$00[m, s=$00[m, p=$00[m)
$8002: TXA                            (a=[31m$31[m, x=$31[m, y=$00[m, s=$00[m, p=$00[m)
$8003: STA $00, X                     (a=$31[m, x=$31[m, y=$00[m, s=$00[m, p=$00[m)
$8005: INX                            (a=$31[m, x=[31m$32[m, y=$00[m, s=$00[m, p=$00[m)
$8006: BNE $FA                        (a=$31[m, x=$32[m, y=$00[m, s=$00[m, p=$00[m)
$8002: TXA                            (a=[31m$32[m, x=$32[m, y=$00[m, s=$00[m, p=$00[m)
$8003: STA $00, X                     (a=$32[m, x=$32[m, y=$00[m, s=$00[m, p=$00[m)
$8005: INX                            (a=$32[m, x=[31m$33[m, y=$00[m, s=$00[m, p=$00[m)
$8006: BNE $FA                        (a=$32[m, x=$33[m, y=$00[m, s=$00[m, p=$00[m)
$8002: TXA                            (a=[31m$33[m, x=$33[m, y=$00[m, s=$00[m, p=$00[m)
$8003: STA $00, X                     (a=$33[m, x=$33[m, y=$00[m, s=$00[m, p=$00[m)
$8005: INX                            (a=$33[m, x=[31m$34[m, y=$00[m, s=$00[m, p=$00[m)
$8006: BNE $FA                        (a=$33[m, x=$34[m, y=$00[m, s=$00[m, p=$00[m)
$8002: TXA                            (a=[31m$34[m, x=$34[m, y=$00[m, s=$00[m, p=$00[m)
$8003: STA $00, X                     (a=$34[m, x=$34[m, y=$00[m, s=$00[m, p=$00[m)
$8005: INX                            (a=$34[m, x=[31m$35[m, y=$00[m, s=$00[m, p=$00[m)
$8006: BNE $FA                        (a=$34[m, x=$35[m, y=$00[m, s=$00[m, p=$00[m)
$8002: TXA                            (a=[31m$35[m, x=$35[m, y=$00[m, s=$00[m, p=$00[m)
$8003: STA $00, X                     (a=$35[m, x=$35[m, y=$00[m, s=$00[m, p=$00[m)
$8005: INX                            (a=$35[m, x=[31m$36[m, y=$00[m, s=$00[m, p=$00[m)
$8006: BNE $FA                        (a=$35[m, x=$36[m, y=$00[m, s=$00[m, p=$00[m)
$8002: TXA                            (a=[31m$36[m, x=$36[m, y=$00[m, s=$00[m, p=$00[m)
$8003: STA $00, X                     (a=$36[m, x=$36[m, y=$00[m, s=$00[m, p=$00[m)
$8005: INX                            (a=$36[m, x=[31m$37[m, y=$00[m, s=$00[m, p=$00[m)
$8006: BNE $FA                        (a=$36[m, x=$37[m, y=$00[m, s=$00[m, p=$00[m)
$8002: TXA                            (a=[31m$37[m, x=$37[m, y=$00[m, s=$00[m, p=$00[m)
$8003: STA $00, X                     (a=$37[m, x=$37[m, y=$00[m, s=$00[m, p=$00[m)
$8005: INX                            (a=$37[m, x=[31m$38[m, y=$00[m, s=$00[m, p=$00[m)
$8006: BNE $FA                        (a=$37[m, x=$38[m, y=$00[m, s=$00[m, p=$00[m)
$8002: TXA                            (a=[31m$38[m, x=$38[m, y=$00[m, s=$00[m, p=$00[m)
$8003: STA $00, X                     (a=$38[m, x=$38[m, y=$00[m, s=$00[m, p=$00[m)
$8005: INX                            (a=$38[m, x=[31m$39[m, y=$00[m, s=$00[m, p=$00[m)
$8006: BNE $FA                        (a=$38[m, x=$39[m, y=$00[m, s=$00[m, p=$00[m)
$8002: TXA                            (a=[31m$39[m, x=$39[m, y=$00[m, s=$00[m, p=$00[m)
$8003: STA $00, X                     (a=$39[m, x=$39[m, y=$00[m, s=$00[m, p=$00[m)
$8005: INX                            (a=$39[m, x=[31m$3A[m, y=$00[m, s=$00[m, p=$00[m)
$8006: BNE $FA                        (a=$39[m, x=$3A[m, y=$00[m, s=$00[m, p=$00[m)
$8002: TXA                            (a=[31m$3A[m, x=$3A[m, y=$00[m, s=$00[m, p=$00[m)
$8003: STA $00, X                     (a=$3A[m, x=$3A[m, y=$00[m, s=$00[m, p=$00[m)
$8005: INX                            (a=$3A[m, x=[31m$3B[m, y=$00[m, s=$00[m, p=$00[m)
$8006: BNE $FA                        (a=$3A[m, x=$3B[m, y=$00[m, s=$00[m, p=$00[m)
$8002: TXA                            (a=[31m$3B[m, x=$3B[m, y=$00[m, s=$00[m, p=$00[m)
$8003: STA $00, X                     (a=$3B[m, x=$3B[m, y=$00[m, s=$00[m, p=$00[m)
$8005: INX                            (a=$3B[m, x=[31m$3C[m, y=$00[m, s=$00[m, p=$00[m)
$8006: BNE $FA                        (a=$3B[m, x=$3C[m, y=$00[m, s=$00[m, p=$00[m)
$8002: TXA                            (a=[31m$3C[m, x=$3C[m, y=$00[m, s=$00[m, p=$00[m)
$8003: STA $00, X                     (a=$3C[m, x=$3C[m, y=$00[m, s=$00[m, p=$00[m)
$8005: INX                            (a=$3C[m, x=[31m$3D[m, y=$00[m, s=$00[m, p=$00[m)
$8006: BNE $FA                        (a=$3C[m, x=$3D[m, y=$00[m, s=$00[m, p=$00[m)
$8002: TXA                            (a=[31m$3D[m, x=$3D[m, y=$00[m, s=$00[m, p=$00[m)
$8003: STA $00, X                     (a=$3D[m, x=$3D[m, y=$00[m, s=$00[m, p=$00[m)
$8005: INX                            (a=$3D[m, x=[31m$3E[m, y=$00[m, s=$00[m, p=$00[m)
$8006: BNE $FA                        (a=$3D[m, x=$3E[m, y=$00[m, s=$00[m, p=$00[m)
$8002: TXA                            (a=[31m$3E[m, x=$3E[m, y=$00[m, s=$00[m, p=$00[m)
$8003: STA $00, X                     (a=$3E[m, x=$3E[m, y=$00[m, s=$00[m, p=$00[m)
$8005: INX                            (a=$3E[m, x=[31m$3F[m, y=$00[m, s=$00[m, p=$00[m)
$8006: BNE $FA                        (a=$3E[m, x=$3F[m, y=$00[m, s=$00[m, p=$00[m)
$8002: TXA                            (a=[31m$3F[m, x=$3F[m, y=$00[m, s=$00[m, p=$00[m)
$8003: STA $00, X                     (a=$3F[m, x=$3F[m, y=$00[m, s=$00[m, p=$00[m)
$8005: INX                            (a=$3F[m, x=[31m$40[m, y=$00[m, s=$00[m, p=$00[m)
$8006: BNE $FA                        (a=$3F[m, x=$40[m, y=$00[m, s=$00[m, p=$00[m)
$8002: TXA                            (a=[31m$40[m, x=$40[m, y=$00[m, s=$00[m, p=$00[m)
$8003: STA $00, X                     (a=$40[m, x=$40[m, y=$00[m, s=$00[m, p=$00[m)
$8005: INX                            (a=$40[m, x=[31m$41[m, y=$00[m, s=$00[m, p=$00[m)
$8006: BNE $FA                        (a=$40[m, x=$41[m, y=$00[m, s=$00[m, p=$00[m)
$8002: TXA                            (a=[31m$41[m, x=$41[m, y=$00[m, s=$00[m, p=$00[m)
$8003: STA $00, X                     (a=$41[m, x=$41[m, y=$00[m, s=$00[m, p=$00[m)
$8005: INX                            (a=$41[m, x=[31m$42[m, y=$00[m, s=$00[m, p=$00[m)
$8006: BNE $FA                        (a=$41[m, x=$42[m, y=$00[m, s=$00[m, p=$00[m)
$8002: TXA                            (a=[31m$42[m, x=$42[m, y=$00[m, s=$00[m, p=$00[m)
$8003: STA $00, X                     (a=$42[m, x=$42[m, y=$00[m, s=$00[m, p=$00[m)
$8005: INX                            (a=$42[m, x=[31m$43[m, y=$00[m, s=$00[m, p=$00[m)
$8006: BNE $FA                        (a=$42[m, x=$43[m, y=$00[m, s=$00[m, p=$00[m)
$8002: TXA                            (a=[31m$43[m, x=$43[m, y=$00[m, s=$00[m, p=$00[m)
$8003: STA $00, X                     (a=$43[m, x=$43[m, y=$00[m, s=$00[m, p=$00[m)
$8005: INX                            (a=$43[m, x=[31m$44[m, y=$00[m, s=$00[m, p=$00[m)
$8006: BNE $FA                        (a=$43[m, x=$44[m, y=$00[m, s=$00[m, p=$00[m)
$8002: TXA                            (a=[31m$44[m, x=$44[m, y=$00[m, s=$00[m, p=$00[m)
$8003: STA $00, X                     (a=$44[m, x=$44[m, y=$00[m, s=$00[m, p=$00[m)
$8005: INX                            (a=$44[m, x=[31m$45[m, y=$00[m, s=$00[m, p=$00[m)
$8006: BNE $FA                        (a=$44[m, x=$45[m, y=$00[m, s=$00[m, p=$00[m)
$8002: TXA                            (a=[31m$45[m, x=$45[m, y=$00[m, s=$00[m, p=$00[m)
$8003: STA $00, X                     (a=$45[m, x=$45[m, y=$00[m, s=$00[m, p=$00[m)
$8005: INX                            (a=$45[m, x=[31m$46[m, y=$00[m, s=$00[m, p=$00[m)
$8006: BNE $FA                        (a=$45[m, x=$46[m, y=$00[m, s=$00[m, p=$00[m)
$8002: TXA                            (a=[31m$46[m, x=$46[m, y=$00[m, s=$00[m, p=$00[m)
$8003: STA $00, X                     (a=$46[m, x=$46[m, y=$00[m, s=$00[m, p=$00[m)
$8005: INX                            (a=$46[m, x=[31m$47[m, y=$00[m, s=$00[m, p=$00[m)
$8006: BNE $FA                        (a=$46[m, x=$47[m, y=$00[m, s=$00[m, p=$00[m)
$8002: TXA                            (a=[31m$47[m, x=$47[m, y=$00[m, s=$00[m, p=$00[m)
$8003: STA $00, X                     (a=$47[m, x=$47[m, y=$00[m, s=$00[m, p=$00[m)
$8005: INX                            (a=$47[m, x=[31m$48[m, y=$00[m, s=$00[m, p=$00[m)
$8006: BNE $FA                        (a=$47[m, x=$48[m, y=$00[m, s=$00[m, p=$00[m)
$8002: TXA                            (a=[31m$48[m, x=$48[m, y=$00[m, s=$00[m, p=$00[m)
$8003: STA $00, X                     (a=$48[m, x=$48[m, y=$00[m, s=$00[m, p=$00[m)
$8005: INX                            (a=$48[m, x=[31m$49[m, y=$00[m, s=$00[m, p=$00[m)
$8006: BNE $FA                        (a=$48[m, x=$49[m, y=$00[m, s=$00[m, p=$00[m)
$8002: TXA                            (a=[31m$49[m, x=$49[m, y=$00[m, s=$00[m, p=$00[m)
$8003: STA $00, X                     (a=$49[m, x=$49[m, y=$00[m, s=$00[m, p=$00[m)
$8005: INX                            (a=$49[m, x=[31m$4A[m, y=$00[m, s=$00[m, p=$00[m)
$8006: BNE $FA                        (a=$49[m, x=$4A[m, y=$00[m, s=$00[m, p=$00[m)
$8002: TXA                            (a=[31m$4A[m, x=$4A[m, y=$00[m, s=$00[m, p=$00[m)
$8003: STA $00, X                     (a=$4A[m, x=$4A[m, y=$00[m, s=$00[m, p=$00[m)
$8005: INX                            (a=$4A[m, x=[31m$4B[m, y=$00[m, s=$00[m, p=$00[m)
$8006: BNE $FA                        (a=$4A[m, x=$4B[m, y=$00[m, s=$00[m, p=$00[m)
$8002: TXA                            (a=[31m$4B[m, x=$4B[m, y=$00[m, s=$00[m, p=$00[m)
$8003: STA $00, X                     (a=$4B[m, x=$4B[m, y=$00[m, s=$00[m, p=$00[m)
$8005: INX                            (a=$4B[m, x=[31m$4C[m, y=$00[m, s=$00[m, p=$00[m)
$8006: BNE $FA                        (a=$4B[m, x=$4C[m, y=$00[m, s=$00[m, p=$00[m)
$8002: TXA                            (a=[31m$4C[m, x=$4C[m, y=$00[m, s=$00[m, p=$00[m)
$8003: STA $00, X                     (a=$4C[m, x=$4C[m, y=$00[m, s=$00[m, p=$00[m)
$8005: INX                            (a=$4C[m, x=[31m$4D[m, y=$00[m, s=$00[m, p=$00[m)
$8006: BNE $FA                        (a=$4C[m, x=$4D[m, y=$00[m, s=$00[m, p=$00[m)
$8002: TXA                            (a=[31m$4D[m, x=$4D[m, y=$00[m, s=$00[m, p=$00[m)
$8003: STA $00, X                     (a=$4D[m, x=$4D[m, y=$00[m, s=$00[m, p=$00[m)
$8005: INX                            (a=$4D[m, x=[31m$4E[m, y=$00[m, s=$00[m, p=$00[m)
$8006: BNE $FA                        (a=$4D[m, x=$4E[m, y=$00[m, s=$00[m, p=$00[m)
$8002: TXA                            (a=[31m$4E[m, x=$4E[m, y=$00[m, s=$00[m, p=$00[m)
$8003: STA $00, X                     (a=$4E[m, x=$4E[m, y=$00[m, s=$00[m, p=$00[m)
$8005: INX                            (a=$4E[m, x=[31m$4F[m, y=$00[m, s=$00[m, p=$00[m)
$8006: BNE $FA                        (a=$4E[m, x=$4F[m, y=$00[m, s=$00[m, p=$00[m)
$8002: TXA                            (a=[31m$4F[m, x=$4F[m, y=$00[m, s=$00[m, p=$00[m)
$8003: STA $00, X                     (a=$4F[m, x=$4F[m, y=$00[m, s=$00[m, p=$00[m)
$8005: INX                            (a=$4F[m, x=[31m$50[m, y=$00[m, s=$00[m, p=$00[m)
$8006: BNE $FA                        (a=$4F[m, x=$50[m, y=$00[m, s=$00[m, p=$00[m)
$8002: TXA                            (a=[31m$50[m, x=$50[m, y=$00[m, s=$00[m, p=$00[m)
$8003: STA $00, X                     (a=$50[m, x=$50[m, y=$00[m, s=$00[m, p=$00[m)
$8005: INX                            (a=$50[m, x=[31m$51[m, y=$00[m, s=$00[m, p=$00[m)
$8006: BNE $FA                        (a=$50[m, x=$51[m, y=$00[m, s=$00[m, p=$00[m)
$8002: TXA                            (a=[31m$51[m, x=$51[m, y=$00[m, s=$00[m, p=$00[m)
$8003: STA $00, X                     (a=$51[m, x=$51[m, y=$00[m, s=$00[m, p=$00[m)
$8005: INX                            (a=$51[m, x=[31m$52[m, y=$00[m, s=$00[m, p=$00[m)
$8006: BNE $FA                        (a=$51[m, x=$52[m, y=$00[m, s=$00[m, p=$00[m)
$8002: TXA                            (a=[31m$52[m, x=$52[m, y=$00[m, s=$00[m, p=$00[m)
$8003: STA $00, X                     (a=$52[m, x=$52[m, y=$00[m, s=$00[m, p=$00[m)
$8005: INX                            (a=$52[m, x=[31m$53[m, y=$00[m, s=$00[m, p=$00[m)
$8006: BNE $FA                        (a=$52[m, x=$53[m, y=$00[m, s=$00[m, p=$00[m)
$8002: TXA                            (a=[31m$53[m, x=$53[m, y=$00[m, s=$00[m, p=$00[m)
$8003: STA $00, X                     (a=$53[m, x=$53[m, y=$00[m, s=$00[m, p=$00[m)
$8005: INX                            (a=$53[m, x=[31m$54[m, y=$00[m, s=$00[m, p=$00[m)
$8006: BNE $FA                        (a=$53[m, x=$54[m, y=$00[m, s=$00[m, p=$00[m)
$8002: TXA                            (a=[31m$54[m, x=$54[m, y=$00[m, s=$00[m, p=$00[m)
$8003: STA $00, X                     (a=$54[m, x=$54[m, y=$00[m, s=$00[m, p=$00[m)
$8005: INX                            (a=$54[m, x=[31m$55[m, y=$00[m, s=$00[m, p=$00[m)
$8006: BNE $FA                        (a=$54[m, x=$55[m, y=$00[m, s=$00[m, p=$00[m)
$8002: TXA                            (a=[31m$55[m, x=$55[m, y=$00[m, s=$00[m, p=$00[m)
$8003: STA $00, X                     (a=$55[m, x=$55[m, y=$00[m, s=$00[m, p=$00[m)
$8005: INX                            (a=$55[m, x=[31m$56[m, y=$00[m, s=$00[m, p=$00[m)
$8006: BNE $FA                        (a=$55[m, x=$56[m, y=$00[m, s=$00[m, p=$00[m)
$8002: TXA                            (a=[31m$56[m, x=$56[m, y=$00[m, s=$00[m, p=$00[m)
$8003: STA $00, X                     (a=$56[m, x=$56[m, y=$00[m, s=$00[m, p=$00[m)
$8005: INX                            (a=$56[m, x=[31m$57[m, y=$00[m, s=$00[m, p=$00[m)
$8006: BNE $FA                        (a=$56[m, x=$57[m, y=$00[m, s=$00[m, p=$00[m)
$8002: TXA                            (a=[31m$57[m, x=$57[m, y=$00[m, s=$00[m, p=$00[m)
$8003: STA $00, X                     (a=$57[m, x=$57[m, y=$00[m, s=$00[m, p=$00[m)
$8005: INX                            (a=$57[m, x=[31m$58[m, y=$00[m, s=$00[m, p=$00[m)
$8006: BNE $FA                        (a=$57[m, x=$58[m, y=$00[m, s=$00[m, p=$00[m)
$8002: TXA                            (a=[31m$58[m, x=$58[m, y=$00[m, s=$00[m, p=$00[m)
$8003: STA $00, X                     (a=$58[m, x=$58[m, y=$00[m, s=$00[m, p=$00[m)
$8005: INX                            (a=$58[m, x=[31m$59[m, y=$00[m, s=$00[m, p=$00[m)
$8006: BNE $FA                        (a=$58[m, x=$59[m, y=$00[m, s=$00[m, p=$00[m)
$8002: TXA                            (a=[31m$59[m, x=$59[m, y=$00[m, s=$00[m, p=$00[m)
$8003: STA $00, X                     (a=$59[m, x=$59[m, y=$00[m, s=$00[m, p=$00[m)
$8005: INX                            (a=$59[m, x=[31m$5A[m, y=$00[m, s=$00[m, p=$00[m)
$8006: BNE $FA                        (a=$59[m, x=$5A[m, y=$00[m, s=$00[m, p=$00[m)
$8002: TXA                            (a=[31m$5A[m, x=$5A[m, y=$00[m, s=$00[m, p=$00[m)
$8003: STA $00, X                     (a=$5A[m, x=$5A[m, y=$00[m, s=$00[m, p=$00[m)
$8005: INX                            (a=$5A[m, x=[31m$5B[m, y=$00[m, s=$00[m, p=$00[m)
$8006: BNE $FA                        (a=$5A[m, x=$5B[m, y=$00[m, s=$00[m, p=$00[m)
$8002: TXA                            (a=[31m$5B[m, x=$5B[m, y=$00[m, s=$00[m, p=$00[m)
$8003: STA $00, X                     (a=$5B[m, x=$5B[m, y=$00[m, s=$00[m, p=$00[m)
$8005: INX                            (a=$5B[m, x=[31m$5C[m, y=$00[m, s=$00[m, p=$00[m)
$8006: BNE $FA                        (a=$5B[m, x=$5C[m, y=$00[m, s=$00[m, p=$00[m)
$8002: TXA                            (a=[31m$5C[m, x=$5C[m, y=$00[m, s=$00[m, p=$00[m)
$8003: STA $00, X                     (a=$5C[m, x=$5C[m, y=$00[m, s=$00[m, p=$00[m)
$8005: INX                            (a=$5C[m, x=[31m$5D[m, y=$00[m, s=$00[m, p=$00[m)
$8006: BNE $FA                        (a=$5C[m, x=$5D[m, y=$00[m, s=$00[m, p=$00[m)
$8002: TXA                            (a=[31m$5D[m, x=$5D[m, y=$00[m, s=$00[m, p=$00[m)
$8003: STA $00, X                     (a=$5D[m, x=$5D[m, y=$00[m, s=$00[m, p=$00[m)
$8005: INX                            (a=$5D[m, x=[31m$5E[m, y=$00[m, s=$00[m, p=$00[m)
$8006: BNE $FA                        (a=$5D[m, x=$5E[m, y=$00[m, s=$00[m, p=$00[m)
$8002: TXA                            (a=[31m$5E[m, x=$5E[m, y=$00[m, s=$00[m, p=$00[m)
$8003: STA $00, X                     (a=$5E[m, x=$5E[m, y=$00[m, s=$00[m, p=$00[m)
$8005: INX                            (a=$5E[m, x=[31m$5F[m, y=$00[m, s=$00[m, p=$00[m)
$8006: BNE $FA                        (a=$5E[m, x=$5F[m, y=$00[m, s=$00[m, p=$00[m)
$8002: TXA                            (a=[31m$5F[m, x=$5F[m, y=$00[m, s=$00[m, p=$00[m)
$8003: STA $00, X                     (a=$5F[m, x=$5F[m, y=$00[m, s=$00[m, p=$00[m)
$8005: INX                            (a=$5F[m, x=[31m$60[m, y=$00[m, s=$00[m, p=$00[m)
$8006: BNE $FA                        (a=$5F[m, x=$60[m, y=$00[m, s=$00[m, p=$00[m)
$8002: TXA                            (a=[31m$60[m, x=$60[m, y=$00[m, s=$00[m, p=$00[m)
$8003: STA $00, X                     (a=$60[m, x=$60[m, y=$00[m, s=$00[m, p=$00[m)
$8005: INX                            (a=$60[m, x=[31m$61[m, y=$00[m, s=$00[m, p=$00[m)
$8006: BNE $FA                        (a=$60[m, x=$61[m, y=$00[m, s=$00[m, p=$00[m)
$8002: TXA                            (a=[31m$61[m, x=$61[m, y=$00[m, s=$00[m, p=$00[m)
$8003: STA $00, X                     (a=$61[m, x=$61[m, y=$00[m, s=$00[m, p=$00[m)
$8005: INX                            (a=$61[m, x=[31m$62[m, y=$00[m, s=$00[m, p=$00[m)
$8006: BNE $FA                        (a=$61[m, x=$62[m, y=$00[m, s=$00[m, p=$00[m)
$8002: TXA                            (a=[31m$62[m, x=$62[m, y=$00[m, s=$00[m, p=$00[m)
$8003: STA $00, X                     (a=$62[m, x=$62[m, y=$00[m, s=$00[m, p=$00[m)
$8005: INX                            (a=$62[m, x=[31m$63[m, y=$00[m, s=$00[m, p=$00[m)
$8006: BNE $FA                        (a=$62[m, x=$63[m, y=$00[m, s=$00[m, p=$00[m)
$8002: TXA                            (a=[31m$63[m, x=$63[m, y=$00[m, s=$00[m, p=$00[m)
$8003: STA $00, X                     (a=$63[m, x=$63[m, y=$00[m, s=$00[m, p=$00[m)
$8005: INX                            (a=$63[m, x=[31m$64[m, y=$00[m, s=$00[m, p=$00[m)
$8006: BNE $FA                        (a=$63[m, x=$64[m, y=$00[m, s=$00[m, p=$00[m)
$8002: TXA                            (a=[31m$64[m, x=$64[m, y=$00[m, s=$00[m, p=$00[m)
$8003: STA $00, X                     (a=$64[m, x=$64[m, y=$00[m, s=$00[m, p=$00[m)
$8005: INX                            (a=$64[m, x=[31m$65[m, y=$00[m, s=$00[m, p=$00[m)
$8006: BNE $FA                        (a=$64[m, x=$65[m, y=$00[m, s=$00[m, p=$00[m)
$8002: TXA                            (a=[31m$65[m, x=$65[m, y=$00[m, s=$00[m, p=$00[m)
$8003: STA $00, X                     (a=$65[m, x=$65[m, y=$00[m, s=$00[m, p=$00[m)
$8005: INX                            (a=$65[m, x=[31m$66[m, y=$00[m, s=$00[m, p=$00[m)
$8006: BNE $FA                        (a=$65[m, x=$66[m, y=$00[m, s=$00[m, p=$00[m)
$8002: TXA                            (a=[31m$66[m, x=$66[m, y=$00[m, s=$00[m, p=$00[m)
$8003: STA $00, X                     (a=$66[m, x=$66[m, y=$00[m, s=$00[m, p=$00[m)
$8005: INX                            (a=$66[m, x=[31m$67[m, y=$00[m, s=$00[m, p=$00[m)
$8006: BNE $FA                        (a=$66[m, x=$67[m, y=$00[m, s=$00[m, p=$00[m)
$8002: TXA                            (a=[31m$67[m, x=$67[m, y=$00[m, s=$00[m, p=$00[m)
$8003: STA $00, X                     (a=$67[m, x=$67[m, y=$00[m, s=$00[m, p=$00[m)
$8005: INX                            (a=$67[m, x=[31m$68[m, y=$00[m, s=$00[m, p=$00[m)
$8006: BNE $FA                        (a=$67[m, x=$68[m, y=$00[m, s=$00[m, p=$00[m)
$8002: TXA                            (a=[31m$68[m, x=$68[m, y=$00[m, s=$00[m, p=$00[m)
$8003: STA $00, X                     (a=$68[m, x=$68[m, y=$00[m, s=$00[m, p=$00[m)
$8005: INX                            (a=$68[m, x=[31m$69[m, y=$00[m, s=$00[m, p=$00[m)
$8006: BNE $FA                        (a=$68[m, x=$69[m, y=$00[m, s=$00[m, p=$00[m)
$8002: TXA                            (a=[31m$69[m, x=$69[m, y=$00[m, s=$00[m, p=$00[m)
$8003: STA $00, X                     (a=$69[m, x=$69[m, y=$00[m, s=$00[m, p=$00[m)
$8005: INX                            (a=$69[m, x=[31m$6A[m, y=$00[m, s=$00[m, p=$00[m)
$8006: BNE $FA                        (a=$69[m, x=$6A[m, y=$00[m, s=$00[m, p=$00[m)
$8002: TXA                            (a=[31m$6A[m, x=$6A[m, y=$00[m, s=$00[m, p=$00[m)
$8003: STA $00, X                     (a=$6A[m, x=$6A[m, y=$00[m, s=$00[m, p=$00[m)
$8005: INX                            (a=$6A[m, x=[31m$6B[m, y=$00[m, s=$00[m, p=$00[m)
$8006: BNE $FA                        (a=$6A[m, x=$6B[m, y=$00[m, s=$00[m, p=$00[m)
$8002: TXA                            (a=[31m$6B[m, x=$6B[m, y=$00[m, s=$00[m, p=$00[m)
$8003: STA $00, X                     (a=$6B[m, x=$6B[m, y=$00[m, s=$00[m, p=$00[m)
$8005: INX                            (a=$6B[m, x=[31m$6C[m, y=$00[m, s=$00[m, p=$00[m)
$8006: BNE $FA                        (a=$6B[m, x=$6C[m, y=$00[m, s=$00[m, p=$00[m)
$8002: TXA                            (a=[31m$6C[m, x=$6C[m, y=$00[m, s=$00[m, p=$00[m)
$8003: STA $00, X                     (a=$6C[m, x=$6C[m, y=$00[m, s=$00[m, p=$00[m)
$8005: INX                            (a=$6C[m, x=[31m$6D[m, y=$00[m, s=$00[m, p=$00[m)
$8006: BNE $FA                        (a=$6C[m, x=$6D[m, y=$00[m, s=$00[m, p=$00[m)
$8002: TXA                            (a=[31m$6D[m, x=$6D[m, y=$00[m, s=$00[m, p=$00[m)
$8003: STA $00, X                     (a=$6D[m, x=$6D[m, y=$00[m, s=$00[m, p=$00[m)
$8005: INX                            (a=$6D[m, x=[31m$6E[m, y=$00[m, s=$00[m, p=$00[m)
$8006: BNE $FA                        (a=$6D[m, x=$6E[m, y=$00[m, s=$00[m, p=$00[m)
$8002: TXA                            (a=[31m$6E[m, x=$6E[m, y=$00[m, s=$00[m, p=$00[m)
$8003: STA $00, X                     (a=$6E[m, x=$6E[m, y=$00[m, s=$00[m, p=$00[m)
$8005: INX                            (a=$6E[m, x=[31m$6F[m, y=$00[m, s=$00[m, p=$00[m)
$8006: BNE $FA                        (a=$6E[m, x=$6F[m, y=$00[m, s=$00[m, p=$00[m)
$8002: TXA                            (a=[31m$6F[m, x=$6F[m, y=$00[m, s=$00[m, p=$00[m)
$8003: STA $00, X                     (a=$6F[m, x=$6F[m, y=$00[m, s=$00[m, p=$00[m)
$8005: INX                            (a=$6F[m, x=[31m$70[m, y=$00[m, s=$00[m, p=$00[m)
$8006: BNE $FA                        (a=$6F[m, x=$70[m, y=$00[m, s=$00[m, p=$00[m)
$8002: TXA                            (a=[31m$70[m, x=$70[m, y=$00[m, s=$00[m, p=$00[m)
$8003: STA $00, X                     (a=$70[m, x=$70[m, y=$00[m, s=$00[m, p=$00[m)
$8005: INX                            (a=$70[m, x=[31m$71[m, y=$00[m, s=$00[m, p=$00[m)
$8006: BNE $FA                        (a=$70[m, x=$71[m, y=$00[m, s=$00[m, p=$00[m)
$8002: TXA                            (a=[31m$71[m, x=$71[m, y=$00[m, s=$00[m, p=$00[m)
$8003: STA $00, X                     (a=$71[m, x=$71[m, y=$00[m, s=$00[m, p=$00[m)
$8005: INX                            (a=$71[m, x=[31m$72[m, y=$00[m, s=$00[m, p=$00[m)
$8006: BNE $FA                        (a=$71[m, x=$72[m, y=$00[m, s=$00[m, p=$00[m)
$8002: TXA                            (a=[31m$72[m, x=$72[m, y=$00[m, s=$00[m, p=$00[m)
$8003: STA $00, X                     (a=$72[m, x=$72[m, y=$00[m, s=$00[m, p=$00[m)
$8005: INX                            (a=$72[m, x=[31m$73[m, y=$00[m, s=$00[m, p=$00[m)
$8006: BNE $FA                        (a=$72[m, x=$73[m, y=$00[m, s=$00[m, p=$00[m)
$8002: TXA                            (a=[31m$73[m, x=$73[m, y=$00[m, s=$00[m, p=$00[m)
$8003: STA $00, X                     (a=$73[m, x=$73[m, y=$00[m, s=$00[m, p=$00[m)
$8005: INX                            (a=$73[m, x=[31m$74[m, y=$00[m, s=$00[m, p=$00[m)
$8006: BNE $FA                        (a=$73[m, x=$74[m, y=$00[m, s=$00[m, p=$00[m)
$8002: TXA                            (a=[31m$74[m, x=$74[m, y=$00[m, s=$00[m, p=$00[m)
$8003: STA $00, X                     (a=$74[m, x=$74[m, y=$00[m, s=$00[m, p=$00[m)
$8005: INX                            (a=$74[m, x=[31m$75[m, y=$00[m, s=$00[m, p=$00[m)
$8006: BNE $FA                        (a=$74[m, x=$75[m, y=$00[m, s=$00[m, p=$00[m)
$8002: TXA                            (a=[31m$75[m, x=$75[m, y=$00[m, s=$00[m, p=$00[m)
$8003: STA $00, X                     (a=$75[m, x=$75[m, y=$00[m, s=$00[m, p=$00[m)
$8005: INX                            (a=$75[m, x=[31m$76[m, y=$00[m, s=$00[m, p=$00[m)
$8006: BNE $FA                        (a=$75[m, x=$76[m, y=$00[m, s=$00[m, p=$00[m)
$8002: TXA                            (a=[31m$76[m, x=$76[m, y=$00[m, s=$00[m, p=$00[m)
$8003: STA $00, X                     (a=$76[m, x=$76[m, y=$00[m, s=$00[m, p=$00[m)
$8005: INX                            (a=$76[m, x=[31m$77[m, y=$00[m, s=$00[m, p=$00[m)
$8006: BNE $FA                        (a=$76[m, x=$77[m, y=$00[m, s=$00[m, p=$00[m)
$8002: TXA                            (a=[31m$77[m, x=$77[m, y=$00[m, s=$00[m, p=$00[m)
$8003: STA $00, X                     (a=$77[m, x=$77[m, y=$00[m, s=$00[m, p=$00[m)
$8005: INX                            (a=$77[m, x=[31m$78[m, y=$00[m, s=$00[m, p=$00[m)
$8006: BNE $FA                        (a=$77[m, x=$78[m, y=$00[m, s=$00[m, p=$00[m)
$8002: TXA                            (a=[31m$78[m, x=$78[m, y=$00[m, s=$00[m, p=$00[m)
$8003: STA $00, X                     (a=$78[m, x=$78[m, y=$00[m, s=$00[m, p=$00[m)
$8005: INX                            (a=$78[m, x=[31m$79[m, y=$00[m, s=$00[m, p=$00[m)
$8006: BNE $FA                        (a=$78[m, x=$79[m, y=$00[m, s=$00[m, p=$00[m)
$8002: TXA                            (a=[31m$79[m, x=$79[m, y=$00[m, s=$00[m, p=$00[m)
$8003: STA $00, X                     (a=$79[m, x=$79[m, y=$00[m, s=$00[m, p=$00[m)
$8005: INX                            (a=$79[m, x=[31m$7A[m, y=$00[m, s=$00[m, p=$00[m)
$8006: BNE $FA                        (a=$79[m, x=$7A[m, y=$00[m, s=$00[m, p=$00[m)
$8002: TXA                            (a=[31m$7A[m, x=$7A[m, y=$00[m, s=$00[m, p=$00[m)
$8003: STA $00, X                     (a=$7A[m, x=$7A[m, y=$00[m, s=$00[m, p=$00[m)
$8005: INX                            (a=$7A[m, x=[31m$7B[m, y=$00[m, s=$00[m, p=$00[m)
$8006: BNE $FA                        (a=$7A[m, x=$7B[m, y=$00[m, s=$00[m, p=$00[m)
$8002: TXA                            (a=[31m$7B[m, x=$7B[m, y=$00[m, s=$00[m, p=$00[m)
$8003: STA $00, X                     (a=$7B[m, x=$7B[m, y=$00[m, s=$00[m, p=$00[m)
$8005: INX                            (a=$7B[m, x=[31m$7C[m, y=$00[m, s=$00[m, p=$00[m)
$8006: BNE $FA                        (a=$7B[m, x=$7C[m, y=$00[m, s=$00[m, p=$00[m)
$8002: TXA                            (a=[31m$7C[m, x=$7C[m, y=$00[m, s=$00[m, p=$00[m)
$8003: STA $00, X                     (a=$7C[m, x=$7C[m, y=$00[m, s=$00[m, p=$00[m)
$8005: INX                            (a=$7C[m, x=[31m$7D[m, y=$00[m, s=$00[m, p=$00[m)
$8006: BNE $FA                        (a=$7C[m, x=$7D[m, y=$00[m, s=$00[m, p=$00[m)
$8002: TXA                            (a=[31m$7D[m, x=$7D[m, y=$00[m, s=$00[m, p=$00[m)
$8003: STA $00, X                     (a=$7D[m, x=$7D[m, y=$00[m, s=$00[m, p=$00[m)
$8005: INX                            (a=$7D[m, x=[31m$7E[m, y=$00[m, s=$00[m, p=$00[m)
$8006: BNE $FA                        (a=$7D[m, x=$7E[m, y=$00[m, s=$00[m, p=$00[m)
$8002: TXA                            (a=[31m$7E[m, x=$7E[m, y=$00[m, s=$00[m, p=$00[m)
$8003: STA $00, X                     (a=$7E[m, x=$7E[m, y=$00[m, s=$00[m, p=$00[m)
$8005: INX                            (a=$7E[m, x=[31m$7F[m, y=$00[m, s=$00[m, p=$00[m)
$8006: BNE $FA                        (a=$7E[m, x=$7F[m, y=$00[m, s=$00[m, p=$00[m)
$8002: TXA                            (a=[31m$7F[m, x=$7F[m, y=$00[m, s=$00[m, p=$00[m)
$8003: STA $00, X                     (a=$7F[m, x=$7F[m, y=$00[m, s=$00[m, p=$00[m)
$8005: INX                            (a=$7F[m, x=[31m$80[m, y=$00[m, s=$00[m, p=[31m$80[m)
$8006: BNE $FA                        (a=$7F[m, x=$80[m, y=$00[m, s=$00[m, p=$80[m)
$8002: TXA                            (a=[31m$80[m, x=$80[m, y=$00[m, s=$00[m, p=$80[m)
$8003: STA $00, X                     (a=$80[m, x=$80[m, y=$00[m, s=$00[m, p=$80[m)
$8005: INX                            (a=$80[m, x=[31m$81[m, y=$00[m, s=$00[m, p=$80[m)
$8006: BNE $FA                        (a=$80[m, x=$81[m, y=$00[m, s=$00[m, p=$80[m)
$8002: TXA                            (a=[31m$81[m, x=$81[m, y=$00[m, s=$00[m, p=$80[m)
$8003: STA $00, X                     (a=$81[m, x=$81[m, y=$00[m, s=$00[m, p=$80[m)
$8005: INX                            (a=$81[m, x=[31m$82[m, y=$00[m, s=$00[m, p=$80[m)
$8006: BNE $FA                        (a=$81[m, x=$82[m, y=$00[m, s=$00[m, p=$80[m)
$8002: TXA                            (a=[31m$82[m, x=$82[m, y=$00[m, s=$00[m, p=$80[m)
$8003: STA $00, X                     (a=$82[m, x=$82[m, y=$00[m, s=$00[m, p=$80[m)
$8005: INX                            (a=$82[m, x=[31m$83[m, y=$00[m, s=$00[m, p=$80[m)
$8006: BNE $FA                        (a=$82[m, x=$83[m, y=$00[m, s=$00[m, p=$80[m)
$8002: TXA                            (a=[31m$83[m, x=$83[m, y=$00[m, s=$00[m, p=$80[m)
$8003: STA $00, X                     (a=$83[m, x=$83[m, y=$00[m, s=$00[m, p=$80[m)
$8005: INX                            (a=$83[m, x=[31m$84[m, y=$00[m, s=$00[m, p=$80[m)
$8006: BNE $FA                        (a=$83[m, x=$84[m, y=$00[m, s=$00[m, p=$80[m)
$8002: TXA                            (a=[31m$84[m, x=$84[m, y=$00[m, s=$00[m, p=$80[m)
$8003: STA $00, X                     (a=$84[m, x=$84[m, y=$00[m, s=$00[m, p=$80[m)
$8005: INX                            (a=$84[m, x=[31m$85[m, y=$00[m, s=$00[m, p=$80[m)
$8006: BNE $FA                        (a=$84[m, x=$85[m, y=$00[m, s=$00[m, p=$80[m)
$8002: TXA                            (a=[31m$85[m, x=$85[m, y=$00[m, s=$00[m, p=$80[m)
$8003: STA $00, X                     (a=$85[m, x=$85[m, y=$00[m, s=$00[m, p=$80[m)
$8005: INX                            (a=$85[m, x=[31m$86[m, y=$00[m, s=$00[m, p=$80[m)
$8006: BNE $FA                        (a=$85[m, x=$86[m, y=$00[m, s=$00[m, p=$80[m)
$8002: TXA                            (a=[31m$86[m, x=$86[m, y=$00[m, s=$00[m, p=$80[m)
$8003: STA $00, X                     (a=$86[m, x=$86[m, y=$00[m, s=$00[m, p=$80[m)
$8005: INX                            (a=$86[m, x=[31m$87[m, y=$00[m, s=$00[m, p=$80[m)
$8006: BNE $FA                        (a=$86[m, x=$87[m, y=$00[m, s=$00[m, p=$80[m)
$8002: TXA                            (a=[31m$87[m, x=$87[m, y=$00[m, s=$00[m, p=$80[m)
$8003: STA $00, X                     (a=$87[m, x=$87[m, y=$00[m, s=$00[m, p=$80[m)
$8005: INX                            (a=$87[m, x=[31m$88[m, y=$00[m, s=$00[m, p=$80[m)
$8006: BNE $FA                        (a=$87[m, x=$88[m, y=$00[m, s=$00[m, p=$80[m)
$8002: TXA                            (a=[31m$88[m, x=$88[m, y=$00[m, s=$00[m, p=$80[m)
$8003: STA $00, X                     (a=$88[m, x=$88[m, y=$00[m, s=$00[m, p=$80[m)
$8005: INX                            (a=$88[m, x=[31m$89[m, y=$00[m, s=$00[m, p=$80[m)
$8006: BNE $FA                        (a=$88[m, x=$89[m, y=$00[m, s=$00[m, p=$80[m)
$8002: TXA                            (a=[31m$89[m, x=$89[m, y=$00[m, s=$00[m, p=$80[m)
$8003: STA $00, X                     (a=$89[m, x=$89[m, y=$00[m, s=$00[m, p=$80[m)
$8005: INX                            (a=$89[m, x=[31m$8A[m, y=$00[m, s=$00[m, p=$80[m)
$8006: BNE $FA                        (a=$89[m, x=$8A[m, y=$00[m, s=$00[m, p=$80[m)
$8002: TXA                            (a=[31m$8A[m, x=$8A[m, y=$00[m, s=$00[m, p=$80[m)
$8003: STA $00, X                     (a=$8A[m, x=$8A[m, y=$00[m, s=$00[m, p=$80[m)
$8005: INX                            (a=$8A[m, x=[31m$8B[m, y=$00[m, s=$00[m, p=$80[m)
$8006: BNE $FA                        (a=$8A[m, x=$8B[m, y=$00[m, s=$00[m, p=$80[m)
$8002: TXA                            (a=[31m$8B[m, x=$8B[m, y=$00[m, s=$00[m, p=$80[m)
$8003: STA $00, X                     (a=$8B[m, x=$8B[m, y=$00[m, s=$00[m, p=$80[m)
$8005: INX                            (a=$8B[m, x=[31m$8C[m, y=$00[m, s=$00[m, p=$80[m)
$8006: BNE $FA                        (a=$8B[m, x=$8C[m, y=$00[m, s=$00[m, p=$80[m)
$8002: TXA                            (a=[31m$8C[m, x=$8C[m, y=$00[m, s=$00[m, p=$80[m)
$8003: STA $00, X                     (a=$8C[m, x=$8C[m, y=$00[m, s=$00[m, p=$80[m)
$8005: INX                            (a=$8C[m, x=[31m$8D[m, y=$00[m, s=$00[m, p=$80[m)
$8006: BNE $FA                        (a=$8C[m, x=$8D[m, y=$00[m, s=$00[m, p=$80[m)
$8002: TXA                            (a=[31m$8D[m, x=$8D[m, y=$00[m, s=$00[m, p=$80[m)
$8003: STA $00, X                     (a=$8D[m, x=$8D[m, y=$00[m, s=$00[m, p=$80[m)
$8005: INX                            (a=$8D[m, x=[31m$8E[m, y=$00[m, s=$00[m, p=$80[m)
$8006: BNE $FA                        (a=$8D[m, x=$8E[m, y=$00[m, s=$00[m, p=$80[m)
$8002: TXA                            (a=[31m$8E[m, x=$8E[m, y=$00[m, s=$00[m, p=$80[m)
$8003: STA $00, X                     (a=$8E[m, x=$8E[m, y=$00[m, s=$00[m, p=$80[m)
$8005: INX                            (a=$8E[m, x=[31m$8F[m, y=$00[m, s=$00[m, p=$80[m)
$8006: BNE $FA                        (a=$8E[m, x=$8F[m, y=$00[m, s=$00[m, p=$80[m)
$8002: TXA                            (a=[31m$8F[m, x=$8F[m, y=$00[m, s=$00[m, p=$80[m)
$8003: STA $00, X                     (a=$8F[m, x=$8F[m, y=$00[m, s=$00[m, p=$80[m)
$8005: INX                            (a=$8F[m, x=[31m$90[m, y=$00[m, s=$00[m, p=$80[m)
$8006: BNE $FA                        (a=$8F[m, x=$90[m, y=$00[m, s=$00[m, p=$80[m)
$8002: TXA                            (a=[31m$90[m, x=$90[m, y=$00[m, s=$00[m, p=$80[m)
$8003: STA $00, X                     (a=$90[m, x=$90[m, y=$00[m, s=$00[m, p=$80[m)
$8005: INX                            (a=$90[m, x=[31m$91[m, y=$00[m, s=$00[m, p=$80[m)
$8006: BNE $FA                        (a=$90[m, x=$91[m, y=$00[m, s=$00[m, p=$80[m)
$8002: TXA                            (a=[31m$91[m, x=$91[m, y=$00[m, s=$00[m, p=$80[m)
$8003: STA $00, X                     (a=$91[m, x=$91[m, y=$00[m, s=$00[m, p=$80[m)
$8005: INX                            (a=$91[m, x=[31m$92[m, y=$00[m, s=$00[m, p=$80[m)
$8006: BNE $FA                        (a=$91[m, x=$92[m, y=$00[m, s=$00[m, p=$80[m)
$8002: TXA                            (a=[31m$92[m, x=$92[m, y=$00[m, s=$00[m, p=$80[m)
$8003: STA $00, X                     (a=$92[m, x=$92[m, y=$00[m, s=$00[m, p=$80[m)
$8005: INX                            (a=$92[m, x=[31m$93[m, y=$00[m, s=$00[m, p=$80[m)
$8006: BNE $FA                        (a=$92[m, x=$93[m, y=$00[m, s=$00[m, p=$80[m)
$8002: TXA                            (a=[31m$93[m, x=$93[m, y=$00[m, s=$00[m, p=$80[m)
$8003: STA $00, X                     (a=$93[m, x=$93[m, y=$00[m, s=$00[m, p=$80[m)
$8005: INX                            (a=$93[m, x=[31m$94[m, y=$00[m, s=$00[m, p=$80[m)
$8006: BNE $FA                        (a=$93[m, x=$94[m, y=$00[m, s=$00[m, p=$80[m)
$8002: TXA                            (a=[31m$94[m, x=$94[m, y=$00[m, s=$00[m, p=$80[m)
$8003: STA $00, X                     (a=$94[m, x=$94[m, y=$00[m, s=$00[m, p=$80[m)
$8005: INX                            (a=$94[m, x=[31m$95[m, y=$00[m, s=$00[m, p=$80[m)
$8006: BNE $FA                        (a=$94[m, x=$95[m, y=$00[m, s=$00[m, p=$80[m)
$8002: TXA                            (a=[31m$95[m, x=$95[m, y=$00[m, s=$00[m, p=$80[m)
$8003: STA $00, X                     (a=$95[m, x=$95[m, y=$00[m, s=$00[m, p=$80[m)
$8005: INX                            (a=$95[m, x=[31m$96[m, y=$00[m, s=$00[m, p=$80[m)
$8006: BNE $FA                        (a=$95[m, x=$96[m, y=$00[m, s=$00[m, p=$80[m)
$8002: TXA                            (a=[31m$96[m, x=$96[m, y=$00[m, s=$00[m, p=$80[m)
$8003: STA $00, X                     (a=$96[m, x=$96[m, y=$00[m, s=$00[m, p=$80[m)
$8005: INX                            (a=$96[m, x=[31m$97[m, y=$00[m, s=$00[m, p=$80[m)
$8006: BNE $FA                        (a=$96[m, x=$97[m, y=$00[m, s=$00[m, p=$80[m)
$8002: TXA                            (a=[31m$97[m, x=$97[m, y=$00[m, s=$00[m, p=$80[m)
$8003: STA $00, X                     (a=$97[m, x=$97[m, y=$00[m, s=$00[m, p=$80[m)
$8005: INX                            (a=$97[m, x=[31m$98[m, y=$00[m, s=$00[m, p=$80[m)
$8006: BNE $FA                        (a=$97[m, x=$98[m, y=$00[m, s=$00[m, p=$80[m)
$8002: TXA                            (a=[31m$98[m, x=$98[m, y=$00[m, s=$00[m, p=$80[m)
$8003: STA $00, X                     (a=$98[m, x=$98[m, y=$00[m, s=$00[m, p=$80[m)
$8005: INX                            (a=$98[m, x=[31m$99[m, y=$00[m, s=$00[m, p=$80[m)
$8006: BNE $FA                        (a=$98[m, x=$99[m, y=$00[m, s=$00[m, p=$80[m)
$8002: TXA                            (a=[31m$99[m, x=$99[m, y=$00[m, s=$00[m, p=$80[m)
$8003: STA $00, X                     (a=$99[m, x=$99[m, y=$00[m, s=$00[m, p=$80[m)
$8005: INX                            (a=$99[m, x=[31m$9A[m, y=$00[m, s=$00[m, p=$80[m)
$8006: BNE $FA                        (a=$99[m, x=$9A[m, y=$00[m, s=$00[m, p=$80[m)
$8002: TXA                            (a=[31m$9A[m, x=$9A[m, y=$00[m, s=$00[m, p=$80[m)
$8003: STA $00, X                     (a=$9A[m, x=$9A[m, y=$00[m, s=$00[m, p=$80[m)
$8005: INX                            (a=$9A[m, x=[31m$9B[m, y=$00[m, s=$00[m, p=$80[m)
$8006: BNE $FA                        (a=$9A[m, x=$9B[m, y=$00[m, s=$00[m, p=$80[m)
$8002: TXA                            (a=[31m$9B[m, x=$9B[m, y=$00[m, s=$00[m, p=$80[m)
$8003: STA $00, X                     (a=$9B[m, x=$9B[m, y=$00[m, s=$00[m, p=$80[m)
$8005: INX                            (a=$9B[m, x=[31m$9C[m, y=$00[m, s=$00[m, p=$80[m)
$8006: BNE $FA                        (a=$9B[m, x=$9C[m, y=$00[m, s=$00[m, p=$80[m)
$8002: TXA                            (a=[31m$9C[m, x=$9C[m, y=$00[m, s=$00[m, p=$80[m)
$8003: STA $00, X                     (a=$9C[m, x=$9C[m, y=$00[m, s=$00[m, p=$80[m)
$8005: INX                            (a=$9C[m, x=[31m$9D[m, y=$00[m, s=$00[m, p=$80[m)
$8006: BNE $FA                        (a=$9C[m, x=$9D[m, y=$00[m, s=$00[m, p=$80[m)
$8002: TXA                            (a=[31m$9D[m, x=$9D[m, y=$00[m, s=$00[m, p=$80[m)
$8003: STA $00, X                     (a=$9D[m, x=$9D[m, y=$00[m, s=$00[m, p=$80[m)
$8005: INX                            (a=$9D[m, x=[31m$9E[m, y=$00[m, s=$00[m, p=$80[m)
$8006: BNE $FA                        (a=$9D[m, x=$9E[m, y=$00[m, s=$00[m, p=$80[m)
$8002: TXA                            (a=[31m$9E[m, x=$9E[m, y=$00[m, s=$00[m, p=$80[m)
$8003: STA $00, X                     (a=$9E[m, x=$9E[m, y=$00[m, s=$00[m, p=$80[m)
$8005: INX                            (a=$9E[m, x=[31m$9F[m, y=$00[m, s=$00[m, p=$80[m)
$8006: BNE $FA                        (a=$9E[m, x=$9F[m, y=$00[m, s=$00[m, p=$80[m)
$8002: TXA                            (a=[31m$9F[m, x=$9F[m, y=$00[m, s=$00[m, p=$80[m)
$8003: STA $00, X                     (a=$9F[m, x=$9F[m, y=$00[m, s=$00[m, p=$80[m)
$8005: INX                            (a=$9F[m, x=[31m$A0[m, y=$00[m, s=$00[m, p=$80[m)
$8006: BNE $FA                        (a=$9F[m, x=$A0[m, y=$00[m, s=$00[m, p=$80[m)
$8002: TXA                            (a=[31m$A0[m, x=$A0[m, y=$00[m, s=$00[m, p=$80[m)
$8003: STA $00, X                     (a=$A0[m, x=$A0[m, y=$00[m, s=$00[m, p=$80[m)
$8005: INX                            (a=$A0[m, x=[31m$A1[m, y=$00[m, s=$00[m, p=$80[m)
$8006: BNE $FA                        (a=$A0[m, x=$A1[m, y=$00[m, s=$00[m, p=$80[m)
$8002: TXA                            (a=[31m$A1[m, x=$A1[m, y=$00[m, s=$00[m, p=$80[m)
$8003: STA $00, X                     (a=$A1[m, x=$A1[m, y=$00[m, s=$00[m, p=$80[m)
$8005: INX                            (a=$A1[m, x=[31m$A2[m, y=$00[m, s=$00[m, p=$80[m)
$8006: BNE $FA                        (a=$A1[m, x=$A2[m, y=$00[m, s=$00[m, p=$80[m)
$8002: TXA                            (a=[31m$A2[m, x=$A2[m, y=$00[m, s=$00[m, p=$80[m)
$8003: STA $00, X                     (a=$A2[m, x=$A2[m, y=$00[m, s=$00[m, p=$80[m)
$8005: INX                            (a=$A2[m, x=[31m$A3[m, y=$00[m, s=$00[m, p=$80[m)
$8006: BNE $FA                        (a=$A2[m, x=$A3[m, y=$00[m, s=$00[m, p=$80[m)
$8002: TXA                            (a=[31m$A3[m, x=$A3[m, y=$00[m, s=$00[m, p=$80[m)
$8003: STA $00, X                     (a=$A3[m, x=$A3[m, y=$00[m, s=$00[m, p=$80[m)
$8005: INX                            (a=$A3[m, x=[31m$A4[m, y=$00[m, s=$00[m, p=$80[m)
$8006: BNE $FA                        (a=$A3[m, x=$A4[m, y=$00[m, s=$00[m, p=$80[m)
$8002: TXA                            (a=[31m$A4[m, x=$A4[m, y=$00[m, s=$00[m, p=$80[m)
$8003: STA $00, X                     (a=$A4[m, x=$A4[m, y=$00[m, s=$00[m, p=$80[m)
$8005: INX                            (a=$A4[m, x=[31m$A5[m, y=$00[m, s=$00[m, p=$80[m)
$8006: BNE $FA                        (a=$A4[m, x=$A5[m, y=$00[m, s=$00[m, p=$80[m)
$8002: TXA                            (a=[31m$A5[m, x=$A5[m, y=$00[m, s=$00[m, p=$80[m)
$8003: STA $00, X                     (a=$A5[m, x=$A5[m, y=$00[m, s=$00[m, p=$80[m)
$8005: INX                            (a=$A5[m, x=[31m$A6[m, y=$00[m, s=$00[m, p=$80[m)
$8006: BNE $FA                        (a=$A5[m, x=$A6[m, y=$00[m, s=$00[m, p=$80[m)
$8002: TXA                            (a=[31m$A6[m, x=$A6[m, y=$00[m, s=$00[m, p=$80[m)
$8003: STA $00, X                     (a=$A6[m, x=$A6[m, y=$00[m, s=$00[m, p=$80[m)
$8005: INX                            (a=$A6[m, x=[31m$A7[m, y=$00[m, s=$00[m, p=$80[m)
$8006: BNE $FA                        (a=$A6[m, x=$A7[m, y=$00[m, s=$00[m, p=$80[m)
$8002: TXA                            (a=[31m$A7[m, x=$A7[m, y=$00[m, s=$00[m, p=$80[m)
$8003: STA $00, X                     (a=$A7[m, x=$A7[m, y=$00[m, s=$00[m, p=$80[m)
$8005: INX                            (a=$A7[m, x=[31m$A8[m, y=$00[m, s=$00[m, p=$80[m)
$8006: BNE $FA                        (a=$A7[m, x=$A8[m, y=$00[m, s=$00[m, p=$80[m)
$8002: TXA                            (a=[31m$A8[m, x=$A8[m, y=$00[m, s=$00[m, p=$80[m)
$8003: STA $00, X                     (a=$A8[m, x=$A8[m, y=$00[m, s=$00[m, p=$80[m)
$8005: INX                            (a=$A8[m, x=[31m$A9[m, y=$00[m, s=$00[m, p=$80[m)
$8006: BNE $FA                        (a=$A8[m, x=$A9[m, y=$00[m, s=$00[m, p=$80[m)
$8002: TXA                            (a=[31m$A9[m, x=$A9[m, y=$00[m, s=$00[m, p=$80[m)
$8003: STA $00, X                     (a=$A9[m, x=$A9[m, y=$00[m, s=$00[m, p=$80[m)
$8005: INX                            (a=$A9[m, x=[31m$AA[m, y=$00[m, s=$00[m, p=$80[m)
$8006: BNE $FA                        (a=$A9[m, x=$AA[m, y=$00[m, s=$00[m, p=$80[m)
$8002: TXA                            (a=[31m$AA[m, x=$AA[m, y=$00[m, s=$00[m, p=$80[m)
$8003: STA $00, X                     (a=$AA[m, x=$AA[m, y=$00[m, s=$00[m, p=$80[m)
$8005: INX                            (a=$AA[m, x=[31m$AB[m, y=$00[m, s=$00[m, p=$80[m)
$8006: BNE $FA                        (a=$AA[m, x=$AB[m, y=$00[m, s=$00[m, p=$80[m)
$8002: TXA                            (a=[31m$AB[m, x=$AB[m, y=$00[m, s=$00[m, p=$80[m)
$8003: STA $00, X                     (a=$AB[m, x=$AB[m, y=$00[m, s=$00[m, p=$80[m)
$8005: INX                            (a=$AB[m, x=[31m$AC[m, y=$00[m, s=$00[m, p=$80[m)
$8006: BNE $FA                        (a=$AB[m, x=$AC[m, y=$00[m, s=$00[m, p=$80[m)
$8002: TXA                            (a=[31m$AC[m, x=$AC[m, y=$00[m, s=$00[m, p=$80[m)
$8003: STA $00, X                     (a=$AC[m, x=$AC[m, y=$00[m, s=$00[m, p=$80[m)
$8005: INX                            (a=$AC[m, x=[31m$AD[m, y=$00[m, s=$00[m, p=$80[m)
$8006: BNE $FA                        (a=$AC[m, x=$AD[m, y=$00[m, s=$00[m, p=$80[m)
$8002: TXA                            (a=[31m$AD[m, x=$AD[m, y=$00[m, s=$00[m, p=$80[m)
$8003: STA $00, X                     (a=$AD[m, x=$AD[m, y=$00[m, s=$00[m, p=$80[m)
$8005: INX                            (a=$AD[m, x=[31m$AE[m, y=$00[m, s=$00[m, p=$80[m)
$8006: BNE $FA                        (a=$AD[m, x=$AE[m, y=$00[m, s=$00[m, p=$80[m)
$8002: TXA                            (a=[31m$AE[m, x=$AE[m, y=$00[m, s=$00[m, p=$80[m)
$8003: STA $00, X                     (a=$AE[m, x=$AE[m, y=$00[m, s=$00[m, p=$80[m)
$8005: INX                            (a=$AE[m, x=[31m$AF[m, y=$00[m, s=$00[m, p=$80[m)
$8006: BNE $FA                        (a=$AE[m, x=$AF[m, y=$00[m, s=$00[m, p=$80[m)
$8002: TXA                            (a=[31m$AF[m, x=$AF[m, y=$00[m, s=$00[m, p=$80[m)
$8003: STA $00, X                     (a=$AF[m, x=$AF[m, y=$00[m, s=$00[m, p=$80[m)
$8005: INX                            (a=$AF[m, x=[31m$B0[m, y=$00[m, s=$00[m, p=$80[m)
$8006: BNE $FA                        (a=$AF[m, x=$B0[m, y=$00[m, s=$00[m, p=$80[m)
$8002: TXA                            (a=[31m$B0[m, x=$B0[m, y=$00[m, s=$00[m, p=$80[m)
$8003: STA $00, X                     (a=$B0[m, x=$B0[m, y=$00[m, s=$00[m, p=$80[m)
$8005: INX                            (a=$B0[m, x=[31m$B1[m, y=$00[m, s=$00[m, p=$80[m)
$8006: BNE $FA                        (a=$B0[m, x=$B1[m, y=$00[m, s=$00[m, p=$80[m)
$8002: TXA                            (a=[31m$B1[m, x=$B1[m, y=$00[m, s=$00[m, p=$80[m)
$8003: STA $00, X                     (a=$B1[m, x=$B1[m, y=$00[m, s=$00[m, p=$80[m)
$8005: INX                            (a=$B1[m, x=[31m$B2[m, y=$00[m, s=$00[m, p=$80[m)
$8006: BNE $FA                        (a=$B1[m, x=$B2[m, y=$00[m, s=$00[m, p=$80[m)
$8002: TXA                            (a=[31m$B2[m, x=$B2[m, y=$00[m, s=$00[m, p=$80[m)
$8003: STA $00, X                     (a=$B2[m, x=$B2[m, y=$00[m, s=$00[m, p=$80[m)
$8005: INX                            (a=$B2[m, x=[31m$B3[m, y=$00[m, s=$00[m, p=$80[m)
$8006: BNE $FA                        (a=$B2[m, x=$B3[m, y=$00[m, s=$00[m, p=$80[m)
$8002: TXA                            (a=[31m$B3[m, x=$B3[m, y=$00[m, s=$00[m, p=$80[m)
$8003: STA $00, X                     (a=$B3[m, x=$B3[m, y=$00[m, s=$00[m, p=$80[m)
$8005: INX                            (a=$B3[m, x=[31m$B4[m, y=$00[m, s=$00[m, p=$80[m)
$8006: BNE $FA                        (a=$B3[m, x=$B4[m, y=$00[m, s=$00[m, p=$80[m)
$8002: TXA                            (a=[31m$B4[m, x=$B4[m, y=$00[m, s=$00[m, p=$80[m)
$8003: STA $00, X                     (a=$B4[m, x=$B4[m, y=$00[m, s=$00[m, p=$80[m)
$8005: INX                            (a=$B4[m, x=[31m$B5[m, y=$00[m, s=$00[m, p=$80[m)
$8006: BNE $FA                        (a=$B4[m, x=$B5[m, y=$00[m, s=$00[m, p=$80[m)
$8002: TXA                            (a=[31m$B5[m, x=$B5[m, y=$00[m, s=$00[m, p=$80[m)
$8003: STA $00, X                     (a=$B5[m, x=$B5[m, y=$00[m, s=$00[m, p=$80[m)
$8005: INX                            (a=$B5[m, x=[31m$B6[m, y=$00[m, s=$00[m, p=$80[m)
$8006: BNE $FA                        (a=$B5[m, x=$B6[m, y=$00[m, s=$00[m, p=$80[m)
$8002: TXA                            (a=[31m$B6[m, x=$B6[m, y=$00[m, s=$00[m, p=$80[m)
$8003: STA $00, X                     (a=$B6[m, x=$B6[m, y=$00[m, s=$00[m, p=$80[m)
$8005: INX                            (a=$B6[m, x=[31m$B7[m, y=$00[m, s=$00[m, p=$80[m)
$8006: BNE $FA                        (a=$B6[m, x=$B7[m, y=$00[m, s=$00[m, p=$80[m)
$8002: TXA                            (a=[31m$B7[m, x=$B7[m, y=$00[m, s=$00[m, p=$80[m)
$8003: STA $00, X                     (a=$B7[m, x=$B7[m, y=$00[m, s=$00[m, p=$80[m)
$8005: INX                            (a=$B7[m, x=[31m$B8[m, y=$00[m, s=$00[m, p=$80[m)
$8006: BNE $FA                        (a=$B7[m, x=$B8[m, y=$00[m, s=$00[m, p=$80[m)
$8002: TXA                            (a=[31m$B8[m, x=$B8[m, y=$00[m, s=$00[m, p=$80[m)
$8003: STA $00, X                     (a=$B8[m, x=$B8[m, y=$00[m, s=$00[m, p=$80[m)
$8005: INX                            (a=$B8[m, x=[31m$B9[m, y=$00[m, s=$00[m, p=$80[m)
$8006: BNE $FA                        (a=$B8[m, x=$B9[m, y=$00[m, s=$00[m, p=$80[m)
$8002: TXA                            (a=[31m$B9[m, x=$B9[m, y=$00[m, s=$00[m, p=$80[m)
$8003: STA $00, X                     (a=$B9[m, x=$B9[m, y=$00[m, s=$00[m, p=$80[m)
$8005: INX                            (a=$B9[m, x=[31m$BA[m, y=$00[m, s=$00[m, p=$80[m)
$8006: BNE $FA                        (a=$B9[m, x=$BA[m, y=$00[m, s=$00[m, p=$80[m)
$8002: TXA                            (a=[31m$BA[m, x=$BA[m, y=$00[m, s=$00[m, p=$80[m)
$8003: STA $00, X                     (a=$BA[m, x=$BA[m, y=$00[m, s=$00[m, p=$80[m)
$8005: INX                            (a=$BA[m, x=[31m$BB[m, y=$00[m, s=$00[m, p=$80[m)
$8006: BNE $FA                        (a=$BA[m, x=$BB[m, y=$00[m, s=$00[m, p=$80[m)
$8002: TXA                            (a=[31m$BB[m, x=$BB[m, y=$00[m, s=$00[m, p=$80[m)
$8003: STA $00, X                     (a=$BB[m, x=$BB[m, y=$00[m, s=$00[m, p=$80[m)
$8005: INX                            (a=$BB[m, x=[31m$BC[m, y=$00[m, s=$00[m, p=$80[m)
$8006: BNE $FA                        (a=$BB[m, x=$BC[m, y=$00[m, s=$00[m, p=$80[m)
$8002: TXA                            (a=[31m$BC[m, x=$BC[m, y=$00[m, s=$00[m, p=$80[m)
$8003: STA $00, X                     (a=$BC[m, x=$BC[m, y=$00[m, s=$00[m, p=$80[m)
$8005: INX                            (a=$BC[m, x=[31m$BD[m, y=$00[m, s=$00[m, p=$80[m)
$8006: BNE $FA                        (a=$BC[m, x=$BD[m, y=$00[m, s=$00[m, p=$80[m)
$8002: TXA                            (a=[31m$BD[m, x=$BD[m, y=$00[m, s=$00[m, p=$80[m)
$8003: STA $00, X                     (a=$BD[m, x=$BD[m, y=$00[m, s=$00[m, p=$80[m)
$8005: INX                            (a=$BD[m, x=[31m$BE[m, y=$00[m, s=$00[m, p=$80[m)
$8006: BNE $FA                        (a=$BD[m, x=$BE[m, y=$00[m, s=$00[m, p=$80[m)
$8002: TXA                            (a=[31m$BE[m, x=$BE[m, y=$00[m, s=$00[m, p=$80[m)
$8003: STA $00, X                     (a=$BE[m, x=$BE[m, y=$00[m, s=$00[m, p=$80[m)
$8005: INX                            (a=$BE[m, x=[31m$BF[m, y=$00[m, s=$00[m, p=$80[m)
$8006: BNE $FA                        (a=$BE[m, x=$BF[m, y=$00[m, s=$00[m, p=$80[m)
$8002: TXA                            (a=[31m$BF[m, x=$BF[m, y=$00[m, s=$00[m, p=$80[m)
$8003: STA $00, X                     (a=$BF[m, x=$BF[m, y=$00[m, s=$00[m, p=$80[m)
$8005: INX                            (a=$BF[m, x=[31m$C0[m, y=$00[m, s=$00[m, p=$80[m)
$8006: BNE $FA                        (a=$BF[m, x=$C0[m, y=$00[m, s=$00[m, p=$80[m)
$8002: TXA                            (a=[31m$C0[m, x=$C0[m, y=$00[m, s=$00[m, p=$80[m)
$8003: STA $00, X                     (a=$C0[m, x=$C0[m, y=$00[m, s=$00[m, p=$80[m)
$8005: INX                            (a=$C0[m, x=[31m$C1[m, y=$00[m, s=$00[m, p=$80[m)
$8006: BNE $FA                        (a=$C0[m, x=$C1[m, y=$00[m, s=$00[m, p=$80[m)
$8002: TXA                            (a=[31m$C1[m, x=$C1[m, y=$00[m, s=$00[m, p=$80[m)
$8003: STA $00, X                     (a=$C1[m, x=$C1[m, y=$00[m, s=$00[m, p=$80[m)
$8005: INX                            (a=$C1[m, x=[31m$C2[m, y=$00[m, s=$00[m, p=$80[m)
$8006: BNE $FA                        (a=$C1[m, x=$C2[m, y=$00[m, s=$00[m, p=$80[m)
$8002: TXA                            (a=[31m$C2[m, x=$C2[m, y=$00[m, s=$00[m, p=$80[m)
$8003: STA $00, X                     (a=$C2[m, x=$C2[m, y=$00[m, s=$00[m, p=$80[m)
$8005: INX                            (a=$C2[m, x=[31m$C3[m, y=$00[m, s=$00[m, p=$80[m)
$8006: BNE $FA                        (a=$C2[m, x=$C3[m, y=$00[m, s=$00[m, p=$80[m)
$8002: TXA                            (a=[31m$C3[m, x=$C3[m, y=$00[m, s=$00[m, p=$80[m)
$8003: STA $00, X                     (a=$C3[m, x=$C3[m, y=$00[m, s=$00[m, p=$80[m)
$8005: INX                            (a=$C3[m, x=[31m$C4[m, y=$00[m, s=$00[m, p=$80[m)
$8006: BNE $FA                        (a=$C3[m, x=$C4[m, y=$00[m, s=$00[m, p=$80[m)
$8002: TXA                            (a=[31m$C4[m, x=$C4[m, y=$00[m, s=$00[m, p=$80[m)
$8003: STA $00, X                     (a=$C4[m, x=$C4[m, y=$00[m, s=$00[m, p=$80[m)
$8005: INX                            (a=$C4[m, x=[31m$C5[m, y=$00[m, s=$00[m, p=$80[m)
$8006: BNE $FA                        (a=$C4[m, x=$C5[m, y=$00[m, s=$00[m, p=$80[m)
$8002: TXA                            (a=[31m$C5[m, x=$C5[m, y=$00[m, s=$00[m, p=$80[m)
$8003: STA $00, X                     (a=$C5[m, x=$C5[m, y=$00[m, s=$00[m, p=$80[m)
$8005: INX                            (a=$C5[m, x=[31m$C6[m, y=$00[m, s=$00[m, p=$80[m)
$8006: BNE $FA                        (a=$C5[m, x=$C6[m, y=$00[m, s=$00[m, p=$80[m)
$8002: TXA                            (a=[31m$C6[m, x=$C6[m, y=$00[m, s=$00[m, p=$80[m)
$8003: STA $00, X                     (a=$C6[m, x=$C6[m, y=$00[m, s=$00[m, p=$80[m)
$8005: INX                            (a=$C6[m, x=[31m$C7[m, y=$00[m, s=$00[m, p=$80[m)
$8006: BNE $FA                        (a=$C6[m, x=$C7[m, y=$00[m, s=$00[m, p=$80[m)
$8002: TXA                            (a=[31m$C7[m, x=$C7[m, y=$00[m, s=$00[m, p=$80[m)
$8003: STA $00, X                     (a=$C7[m, x=$C7[m, y=$00[m, s=$00[m, p=$80[m)
$8005: INX                            (a=$C7[m, x=[31m$C8[m, y=$00[m, s=$00[m, p=$80[m)
$8006: BNE $FA                        (a=$C7[m, x=$C8[m, y=$00[m, s=$00[m, p=$80[m)
$8002: TXA                            (a=[31m$C8[m, x=$C8[m, y=$00[m, s=$00[m, p=$80[m)
$8003: STA $00, X                     (a=$C8[m, x=$C8[m, y=$00[m, s=$00[m, p=$80[m)
$8005: INX                            (a=$C8[m, x=[31m$C9[m, y=$00[m, s=$00[m, p=$80[m)
$8006: BNE $FA                        (a=$C8[m, x=$C9[m, y=$00[m, s=$00[m, p=$80[m)
$8002: TXA                            (a=[31m$C9[m, x=$C9[m, y=$00[m, s=$00[m, p=$80[m)
$8003: STA $00, X                     (a=$C9[m, x=$C9[m, y=$00[m, s=$00[m, p=$80[m)
$8005: INX                            (a=$C9[m, x=[31m$CA[m, y=$00[m, s=$00[m, p=$80[m)
$8006: BNE $FA                        (a=$C9[m, x=$CA[m, y=$00[m, s=$00[m, p=$80[m)
$8002: TXA                            (a=[31m$CA[m, x=$CA[m, y=$00[m, s=$00[m, p=$80[m)
$8003: STA $00, X                     (a=$CA[m, x=$CA[m, y=$00[m, s=$00[m, p=$80[m)
$8005: INX                            (a=$CA[m, x=[31m$CB[m, y=$00[m, s=$00[m, p=$80[m)
$8006: BNE $FA                        (a=$CA[m, x=$CB[m, y=$00[m, s=$00[m, p=$80[m)
$8002: TXA                            (a=[31m$CB[m, x=$CB[m, y=$00[m, s=$00[m, p=$80[m)
$8003: STA $00, X                     (a=$CB[m, x=$CB[m, y=$00[m, s=$00[m, p=$80[m)
$8005: INX                            (a=$CB[m, x=[31m$CC[m, y=$00[m, s=$00[m, p=$80[m)
$8006: BNE $FA                        (a=$CB[m, x=$CC[m, y=$00[m, s=$00[m, p=$80[m)
$8002: TXA                            (a=[31m$CC[m, x=$CC[m, y=$00[m, s=$00[m, p=$80[m)
$8003: STA $00, X                     (a=$CC[m, x=$CC[m, y=$00[m, s=$00[m, p=$80[m)
$8005: INX                            (a=$CC[m, x=[31m$CD[m, y=$00[m, s=$00[m, p=$80[m)
$8006: BNE $FA                        (a=$CC[m, x=$CD[m, y=$00[m, s=$00[m, p=$80[m)
$8002: TXA                            (a=[31m$CD[m, x=$CD[m, y=$00[m, s=$00[m, p=$80[m)
$8003: STA $00, X                     (a=$CD[m, x=$CD[m, y=$00[m, s=$00[m, p=$80[m)
$8005: INX                            (a=$CD[m, x=[31m$CE[m, y=$00[m, s=$00[m, p=$80[m)
$8006: BNE $FA                        (a=$CD[m, x=$CE[m, y=$00[m, s=$00[m, p=$80[m)
$8002: TXA                            (a=[31m$CE[m, x=$CE[m, y=$00[m, s=$00[m, p=$80[m)
$8003: STA $00, X                     (a=$CE[m, x=$CE[m, y=$00[m, s=$00[m, p=$80[m)
$8005: INX                            (a=$CE[m, x=[31m$CF[m, y=$00[m, s=$00[m, p=$80[m)
$8006: BNE $FA                        (a=$CE[m, x=$CF[m, y=$00[m, s=$00[m, p=$80[m)
$8002: TXA                            (a=[31m$CF[m, x=$CF[m, y=$00[m, s=$00[m, p=$80[m)
$8003: STA $00, X                     (a=$CF[m, x=$CF[m, y=$00[m, s=$00[m, p=$80[m)
$8005: INX                            (a=$CF[m, x=[31m$D0[m, y=$00[m, s=$00[m, p=$80[m)
$8006: BNE $FA                        (a=$CF[m, x=$D0[m, y=$00[m, s=$00[m, p=$80[m)
$8002: TXA                            (a=[31m$D0[m, x=$D0[m, y=$00[m, s=$00[m, p=$80[m)
$8003: STA $00, X                     (a=$D0[m, x=$D0[m, y=$00[m, s=$00[m, p=$80[m)
$8005: INX                            (a=$D0[m, x=[31m$D1[m, y=$00[m, s=$00[m, p=$80[m)
$8006: BNE $FA                        (a=$D0[m, x=$D1[m, y=$00[m, s=$00[m, p=$80[m)
$8002: TXA                            (a=[31m$D1[m, x=$D1[m, y=$00[m, s=$00[m, p=$80[m)
$8003: STA $00, X                     (a=$D1[m, x=$D1[m, y=$00[m, s=$00[m, p=$80[m)
$8005: INX                            (a=$D1[m, x=[31m$D2[m, y=$00[m, s=$00[m, p=$80[m)
$8006: BNE $FA                        (a=$D1[m, x=$D2[m, y=$00[m, s=$00[m, p=$80[m)
$8002: TXA                            (a=[31m$D2[m, x=$D2[m, y=$00[m, s=$00[m, p=$80[m)
$8003: STA $00, X                     (a=$D2[m, x=$D2[m, y=$00[m, s=$00[m, p=$80[m)
$8005: INX                            (a=$D2[m, x=[31m$D3[m, y=$00[m, s=$00[m, p=$80[m)
$8006: BNE $FA                        (a=$D2[m, x=$D3[m, y=$00[m, s=$00[m, p=$80[m)
$8002: TXA                            (a=[31m$D3[m, x=$D3[m, y=$00[m, s=$00[m, p=$80[m)
$8003: STA $00, X                     (a=$D3[m, x=$D3[m, y=$00[m, s=$00[m, p=$80[m)
$8005: INX                            (a=$D3[m, x=[31m$D4[m, y=$00[m, s=$00[m, p=$80[m)
$8006: BNE $FA                        (a=$D3[m, x=$D4[m, y=$00[m, s=$00[m, p=$80[m)
$8002: TXA                            (a=[31m$D4[m, x=$D4[m, y=$00[m, s=$00[m, p=$80[m)
$8003: STA $00, X                     (a=$D4[m, x=$D4[m, y=$00[m, s=$00[m, p=$80[m)
$8005: INX                            (a=$D4[m, x=[31m$D5[m, y=$00[m, s=$00[m, p=$80[m)
$8006: BNE $FA                        (a=$D4[m, x=$D5[m, y=$00[m, s=$00[m, p=$80[m)
$8002: TXA                            (a=[31m$D5[m, x=$D5[m, y=$00[m, s=$00[m, p=$80[m)
$8003: STA $00, X                     (a=$D5[m, x=$D5[m, y=$00[m, s=$00[m, p=$80[m)
$8005: INX                            (a=$D5[m, x=[31m$D6[m, y=$00[m, s=$00[m, p=$80[m)
$8006: BNE $FA                        (a=$D5[m, x=$D6[m, y=$00[m, s=$00[m, p=$80[m)
$8002: TXA                            (a=[31m$D6[m, x=$D6[m, y=$00[m, s=$00[m, p=$80[m)
$8003: STA $00, X                     (a=$D6[m, x=$D6[m, y=$00[m, s=$00[m, p=$80[m)
$8005: INX                            (a=$D6[m, x=[31m$D7[m, y=$00[m, s=$00[m, p=$80[m)
$8006: BNE $FA                        (a=$D6[m, x=$D7[m, y=$00[m, s=$00[m, p=$80[m)
$8002: TXA                            (a=[31m$D7[m, x=$D7[m, y=$00[m, s=$00[m, p=$80[m)
$8003: STA $00, X                     (a=$D7[m, x=$D7[m, y=$00[m, s=$00[m, p=$80[m)
$8005: INX                            (a=$D7[m, x=[31m$D8[m, y=$00[m, s=$00[m, p=$80[m)
$8006: BNE $FA                        (a=$D7[m, x=$D8[m, y=$00[m, s=$00[m, p=$80[m)
$8002: TXA                            (a=[31m$D8[m, x=$D8[m, y=$00[m, s=$00[m, p=$80[m)
$8003: STA $00, X                     (a=$D8[m, x=$D8[m, y=$00[m, s=$00[m, p=$80[m)
$8005: INX                            (a=$D8[m, x=[31m$D9[m, y=$00[m, s=$00[m, p=$80[m)
$8006: BNE $FA                        (a=$D8[m, x=$D9[m, y=$00[m, s=$00[m, p=$80[m)
$8002: TXA                            (a=[31m$D9[m, x=$D9[m, y=$00[m, s=$00[m, p=$80[m)
$8003: STA $00, X                     (a=$D9[m, x=$D9[m, y=$00[m, s=$00[m, p=$80[m)
$8005: INX                            (a=$D9[m, x=[31m$DA[m, y=$00[m, s=$00[m, p=$80[m)
$8006: BNE $FA                        (a=$D9[m, x=$DA[m, y=$00[m, s=$00[m, p=$80[m)
$8002: TXA                            (a=[31m$DA[m, x=$DA[m, y=$00[m, s=$00[m, p=$80[m)
$8003: STA $00, X                     (a=$DA[m, x=$DA[m, y=$00[m, s=$00[m, p=$80[m)
$8005: INX                            (a=$DA[m, x=[31m$DB[m, y=$00[m, s=$00[m, p=$80[m)
$8006: BNE $FA                        (a=$DA[m, x=$DB[m, y=$00[m, s=$00[m, p=$80[m)
$8002: TXA                            (a=[31m$DB[m, x=$DB[m, y=$00[m, s=$00[m, p=$80[m)
$8003: STA $00, X                     (a=$DB[m, x=$DB[m, y=$00[m, s=$00[m, p=$80[m)
$8005: INX                            (a=$DB[m, x=[31m$DC[m, y=$00[m, s=$00[m, p=$80[m)
$8006: BNE $FA                        (a=$DB[m, x=$DC[m, y=$00[m, s=$00[m, p=$80[m)
$8002: TXA                            (a=[31m$DC[m, x=$DC[m, y=$00[m, s=$00[m, p=$80[m)
$8003: STA $00, X                     (a=$DC[m, x=$DC[m, y=$00[m, s=$00[m, p=$80[m)
$8005: INX                            (a=$DC[m, x=[31m$DD[m, y=$00[m, s=$00[m, p=$80[m)
$8006: BNE $FA                        (a=$DC[m, x=$DD[m, y=$00[m, s=$00[m, p=$80[m)
$8002: TXA                            (a=[31m$DD[m, x=$DD[m, y=$00[m, s=$00[m, p=$80[m)
$8003: STA $00, X                     (a=$DD[m, x=$DD[m, y=$00[m, s=$00[m, p=$80[m)
$8005: INX                            (a=$DD[m, x=[31m$DE[m, y=$00[m, s=$00[m, p=$80[m)
$8006: BNE $FA                        (a=$DD[m, x=$DE[m, y=$00[m, s=$00[m, p=$80[m)
$8002: TXA                            (a=[31m$DE[m, x=$DE[m, y=$00[m, s=$00[m, p=$80[m)
$8003: STA $00, X                     (a=$DE[m, x=$DE[m, y=$00[m, s=$00[m, p=$80[m)
$8005: INX                            (a=$DE[m, x=[31m$DF[m, y=$00[m, s=$00[m, p=$80[m)
$8006: BNE $FA                        (a=$DE[m, x=$DF[m, y=$00[m, s=$00[m, p=$80[m)
$8002: TXA                            (a=[31m$DF[m, x=$DF[m, y=$00[m, s=$00[m, p=$80[m)
$8003: STA $00, X                     (a=$DF[m, x=$DF[m, y=$00[m, s=$00[m, p=$80[m)
$8005: INX                            (a=$DF[m, x=[31m$E0[m, y=$00[m, s=$00[m, p=$80[m)
$8006: BNE $FA                        (a=$DF[m, x=$E0[m, y=$00[m, s=$00[m, p=$80[m)
$8002: TXA                            (a=[31m$E0[m, x=$E0[m, y=$00[m, s=$00[m, p=$80[m)
$8003: STA $00, X                     (a=$E0[m, x=$E0[m, y=$00[m, s=$00[m, p=$80[m)
$8005: INX                            (a=$E0[m, x=[31m$E1[m, y=$00[m, s=$00[m, p=$80[m)
$8006: BNE $FA                        (a=$E0[m, x=$E1[m, y=$00[m, s=$00[m, p=$80[m)
$8002: TXA                            (a=[31m$E1[m, x=$E1[m, y=$00[m, s=$00[m, p=$80[m)
$8003: STA $00, X                     (a=$E1[m, x=$E1[m, y=$00[m, s=$00[m, p=$80[m)
$8005: INX                            (a=$E1[m, x=[31m$E2[m, y=$00[m, s=$00[m, p=$80[m)
$8006: BNE $FA                        (a=$E1[m, x=$E2[m, y=$00[m, s=$00[m, p=$80[m)
$8002: TXA                            (a=[31m$E2[m, x=$E2[m, y=$00[m, s=$00[m, p=$80[m)
$8003: STA $00, X                     (a=$E2[m, x=$E2[m, y=$00[m, s=$00[m, p=$80[m)
$8005: INX                            (a=$E2[m, x=[31m$E3[m, y=$00[m, s=$00[m, p=$80[m)
$8006: BNE $FA                        (a=$E2[m, x=$E3[m, y=$00[m, s=$00[m, p=$80[m)
$8002: TXA                            (a=[31m$E3[m, x=$E3[m, y=$00[m, s=$00[m, p=$80[m)
$8003: STA $00, X                     (a=$E3[m, x=$E3[m, y=$00[m, s=$00[m, p=$80[m)
$8005: INX                            (a=$E3[m, x=[31m$E4[m, y=$00[m, s=$00[m, p=$80[m)
$8006: BNE $FA                        (a=$E3[m, x=$E4[m, y=$00[m, s=$00[m, p=$80[m)
$8002: TXA                            (a=[31m$E4[m, x=$E4[m, y=$00[m, s=$00[m, p=$80[m)
$8003: STA $00, X                     (a=$E4[m, x=$E4[m, y=$00[m, s=$00[m, p=$80[m)
$8005: INX                            (a=$E4[m, x=[31m$E5[m, y=$00[m, s=$00[m, p=$80[m)
$8006: BNE $FA                        (a=$E4[m, x=$E5[m, y=$00[m, s=$00[m, p=$80[m)
$8002: TXA                            (a=[31m$E5[m, x=$E5[m, y=$00[m, s=$00[m, p=$80[m)
$8003: STA $00, X                     (a=$E5[m, x=$E5[m, y=$00[m, s=$00[m, p=$80[m)
$8005: INX                            (a=$E5[m, x=[31m$E6[m, y=$00[m, s=$00[m, p=$80[m)
$8006: BNE $FA                        (a=$E5[m, x=$E6[m, y=$00[m, s=$00[m, p=$80[m)
$8002: TXA                            (a=[31m$E6[m, x=$E6[m, y=$00[m, s=$00[m, p=$80[m)
$8003: STA $00, X                     (a=$E6[m, x=$E6[m, y=$00[m, s=$00[m, p=$80[m)
$8005: INX                            (a=$E6[m, x=[31m$E7[m, y=$00[m, s=$00[m, p=$80[m)
$8006: BNE $FA                        (a=$E6[m, x=$E7[m, y=$00[m, s=$00[m, p=$80[m)
$8002: TXA                            (a=[31m$E7[m, x=$E7[m, y=$00[m, s=$00[m, p=$80[m)
$8003: STA $00, X                     (a=$E7[m, x=$E7[m, y=$00[m, s=$00[m, p=$80[m)
$8005: INX                            (a=$E7[m, x=[31m$E8[m, y=$00[m, s=$00[m, p=$80[m)
$8006: BNE $FA                        (a=$E7[m, x=$E8[m, y=$00[m, s=$00[m, p=$80[m)
$8002: TXA                            (a=[31m$E8[m, x=$E8[m, y=$00[m, s=$00[m, p=$80[m)
$8003: STA $00, X                     (a=$E8[m, x=$E8[m, y=$00[m, s=$00[m, p=$80[m)
$8005: INX                            (a=$E8[m, x=[31m$E9[m, y=$00[m, s=$00[m, p=$80[m)
$8006: BNE $FA                        (a=$E8[m, x=$E9[m, y=$00[m, s=$00[m, p=$80[m)
$8002: TXA                            (a=[31m$E9[m, x=$E9[m, y=$00[m, s=$00[m, p=$80[m)
$8003: STA $00, X                     (a=$E9[m, x=$E9[m, y=$00[m, s=$00[m, p=$80[m)
$8005: INX                            (a=$E9[m, x=[31m$EA[m, y=$00[m, s=$00[m, p=$80[m)
$8006: BNE $FA                        (a=$E9[m, x=$EA[m, y=$00[m, s=$00[m, p=$80[m)
$8002: TXA                            (a=[31m$EA[m, x=$EA[m, y=$00[m, s=$00[m, p=$80[m)
$8003: STA $00, X                     (a=$EA[m, x=$EA[m, y=$00[m, s=$00[m, p=$80[m)
$8005: INX                            (a=$EA[m, x=[31m$EB[m, y=$00[m, s=$00[m, p=$80[m)
$8006: BNE $FA                        (a=$EA[m, x=$EB[m, y=$00[m, s=$00[m, p=$80[m)
$8002: TXA                            (a=[31m$EB[m, x=$EB[m, y=$00[m, s=$00[m, p=$80[m)
$8003: STA $00, X                     (a=$EB[m, x=$EB[m, y=$00[m, s=$00[m, p=$80[m)
$8005: INX                            (a=$EB[m, x=[31m$EC[m, y=$00[m, s=$00[m, p=$80[m)
$8006: BNE $FA                        (a=$EB[m, x=$EC[m, y=$00[m, s=$00[m, p=$80[m)
$8002: TXA                            (a=[31m$EC[m, x=$EC[m, y=$00[m, s=$00[m, p=$80[m)
$8003: STA $00, X                     (a=$EC[m, x=$EC[m, y=$00[m, s=$00[m, p=$80[m)
$8005: INX                            (a=$EC[m, x=[31m$ED[m, y=$00[m, s=$00[m, p=$80[m)
$8006: BNE $FA                        (a=$EC[m, x=$ED[m, y=$00[m, s=$00[m, p=$80[m)
$8002: TXA                            (a=[31m$ED[m, x=$ED[m, y=$00[m, s=$00[m, p=$80[m)
$8003: STA $00, X                     (a=$ED[m, x=$ED[m, y=$00[m, s=$00[m, p=$80[m)
$8005: INX                            (a=$ED[m, x=[31m$EE[m, y=$00[m, s=$00[m, p=$80[m)
$8006: BNE $FA                        (a=$ED[m, x=$EE[m, y=$00[m, s=$00[m, p=$80[m)
$8002: TXA                            (a=[31m$EE[m, x=$EE[m, y=$00[m, s=$00[m, p=$80[m)
$8003: STA $00, X                     (a=$EE[m, x=$EE[m, y=$00[m, s=$00[m, p=$80[m)
$8005: INX                            (a=$EE[m, x=[31m$EF[m, y=$00[m, s=$00[m, p=$80[m)
$8006: BNE $FA                        (a=$EE[m, x=$EF[m, y=$00[m, s=$00[m, p=$80[m)
$8002: TXA                            (a=[31m$EF[m, x=$EF[m, y=$00[m, s=$00[m, p=$80[m)
$8003: STA $00, X                     (a=$EF[m, x=$EF[m, y=$00[m, s=$00[m, p=$80[m)
$8005: INX                            (a=$EF[m, x=[31m$F0[m, y=$00[m, s=$00[m, p=$80[m)
$8006: BNE $FA                        (a=$EF[m, x=$F0[m, y=$00[m, s=$00[m, p=$80[m)
$8002: TXA                            (a=[31m$F0[m, x=$F0[m, y=$00[m, s=$00[m, p=$80[m)
$8003: STA $00, X                     (a=$F0[m, x=$F0[m, y=$00[m, s=$00[m, p=$80[m)
$8005: INX                            (a=$F0[m, x=[31m$F1[m, y=$00[m, s=$00[m, p=$80[m)
$8006: BNE $FA                        (a=$F0[m, x=$F1[m, y=$00[m, s=$00[m, p=$80[m)
$8002: TXA                            (a=[31m$F1[m, x=$F1[m, y=$00[m, s=$00[m, p=$80[m)
$8003: STA $00, X                     (a=$F1[m, x=$F1[m, y=$00[m, s=$00[m, p=$80[m)
$8005: INX                            (a=$F1[m, x=[31m$F2[m, y=$00[m, s=$00[m, p=$80[m)
$8006: BNE $FA                        (a=$F1[m, x=$F2[m, y=$00[m, s=$00[m, p=$80[m)
$8002: TXA                            (a=[31m$F2[m, x=$F2[m, y=$00[m, s=$00[m, p=$80[m)
$8003: STA $00, X                     (a=$F2[m, x=$F2[m, y=$00[m, s=$00[m, p=$80[m)
$8005: INX                            (a=$F2[m, x=[31m$F3[m, y=$00[m, s=$00[m, p=$80[m)
$8006: BNE $FA                        (a=$F2[m, x=$F3[m, y=$00[m, s=$00[m, p=$80[m)
$8002: TXA                            (a=[31m$F3[m, x=$F3[m, y=$00[m, s=$00[m, p=$80[m)
$8003: STA $00, X                     (a=$F3[m, x=$F3[m, y=$00[m, s=$00[m, p=$80[m)
$8005: INX                            (a=$F3[m, x=[31m$F4[m, y=$00[m, s=$00[m, p=$80[m)
$8006: BNE $FA                        (a=$F3[m, x=$F4[m, y=$00[m, s=$00[m, p=$80[m)
$8002: TXA                            (a=[31m$F4[m, x=$F4[m, y=$00[m, s=$00[m, p=$80[m)
$8003: STA $00, X                     (a=$F4[m, x=$F4[m, y=$00[m, s=$00[m, p=$80[m)
$8005: INX                            (a=$F4[m, x=[31m$F5[m, y=$00[m, s=$00[m, p=$80[m)
$8006: BNE $FA                        (a=$F4[m, x=$F5[m, y=$00[m, s=$00[m, p=$80[m)
$8002: TXA                            (a=[31m$F5[m, x=$F5[m, y=$00[m, s=$00[m, p=$80[m)
$8003: STA $00, X                     (a=$F5[m, x=$F5[m, y=$00[m, s=$00[m, p=$80[m)
$8005: INX                            (a=$F5[m, x=[31m$F6[m, y=$00[m, s=$00[m, p=$80[m)
$8006: BNE $FA                        (a=$F5[m, x=$F6[m, y=$00[m, s=$00[m, p=$80[m)
$8002: TXA                            (a=[31m$F6[m, x=$F6[m, y=$00[m, s=$00[m, p=$80[m)
$8003: STA $00, X                     (a=$F6[m, x=$F6[m, y=$00[m, s=$00[m, p=$80[m)
$8005: INX                            (a=$F6[m, x=[31m$F7[m, y=$00[m, s=$00[m, p=$80[m)
$8006: BNE $FA                        (a=$F6[m, x=$F7[m, y=$00[m, s=$00[m, p=$80[m)
$8002: TXA                            (a=[31m$F7[m, x=$F7[m, y=$00[m, s=$00[m, p=$80[m)
$8003: STA $00, X                     (a=$F7[m, x=$F7[m, y=$00[m, s=$00[m, p=$80[m)
$8005: INX                            (a=$F7[m, x=[31m$F8[m, y=$00[m, s=$00[m, p=$80[m)
$8006: BNE $FA                        (a=$F7[m, x=$F8[m, y=$00[m, s=$00[m, p=$80[m)
$8002: TXA                            (a=[31m$F8[m, x=$F8[m, y=$00[m, s=$00[m, p=$80[m)
$8003: STA $00, X                     (a=$F8[m, x=$F8[m, y=$00[m, s=$00[m, p=$80[m)
$8005: INX                            (a=$F8[m, x=[31m$F9[m, y=$00[m, s=$00[m, p=$80[m)
$8006: BNE $FA                        (a=$F8[m, x=$F9[m, y=$00[m, s=$00[m, p=$80[m)
$8002: TXA                            (a=[31m$F9[m, x=$F9[m, y=$00[m, s=$00[m, p=$80[m)
$8003: STA $00, X                     (a=$F9[m, x=$F9[m, y=$00[m, s=$00[m, p=$80[m)
$8005: INX                            (a=$F9[m, x=[31m$FA[m, y=$00[m, s=$00[m, p=$80[m)
$8006: BNE $FA                        (a=$F9[m, x=$FA[m, y=$00[m, s=$00[m, p=$80[m)
$8002: TXA                            (a=[31m$FA[m, x=$FA[m, y=$00[m, s=$00[m, p=$80[m)
$8003: STA $00, X                     (a=$FA[m, x=$FA[m, y=$00[m, s=$00[m, p=$80[m)
$8005: INX                            (a=$FA[m, x=[31m$FB[m, y=$00[m, s=$00[m, p=$80[m)
$8006: BNE $FA                        (a=$FA[m, x=$FB[m, y=$00[m, s=$00[m, p=$80[m)
$8002: TXA                            (a=[31m$FB[m, x=$FB[m, y=$00[m, s=$00[m, p=$80[m)
$8003: STA $00, X                     (a=$FB[m, x=$FB[m, y=$00[m, s=$00[m, p=$80[m)
$8005: INX                            (a=$FB[m, x=[31m$FC[m, y=$00[m, s=$00[m, p=$80[m)
$8006: BNE $FA                        (a=$FB[m, x=$FC[m, y=$00[m, s=$00[m, p=$80[m)
$8002: TXA                            (a=[31m$FC[m, x=$FC[m, y=$00[m, s=$00[m, p=$80[m)
$8003: STA $00, X                     (a=$FC[m, x=$FC[m, y=$00[m, s=$00[m, p=$80[m)
$8005: INX                            (a=$FC[m, x=[31m$FD[m, y=$00[m, s=$00[m, p=$80[m)
$8006: BNE $FA                        (a=$FC[m, x=$FD[m, y=$00[m, s=$00[m, p=$80[m)
$8002: TXA                            (a=[31m$FD[m, x=$FD[m, y=$00[m, s=$00[m, p=$80[m)
$8003: STA $00, X                     (a=$FD[m, x=$FD[m, y=$00[m, s=$00[m, p=$80[m)
$8005: INX                            (a=$FD[m, x=[31m$FE[m, y=$00[m, s=$00[m, p=$80[m)
$8006: BNE $FA                        (a=$FD[m, x=$FE[m, y=$00[m, s=$00[m, p=$80[m)
$8002: TXA                            (a=[31m$FE[m, x=$FE[m, y=$00[m, s=$00[m, p=$80[m)
$8003: STA $00, X                     (a=$FE[m, x=$FE[m, y=$00[m, s=$00[m, p=$80[m)
$8005: INX                            (a=$FE[m, x=[31m$FF[m, y=$00[m, s=$00[m, p=$80[m)
$8006: BNE $FA                        (a=$FE[m, x=$FF[m, y=$00[m, s=$00[m, p=$80[m)
$8002: TXA                            (a=[31m$FF[m, x=$FF[m, y=$00[m, s=$00[m, p=$80[m)
$8003: STA $00, X                     (a=$FF[m, x=$FF[m, y=$00[m, s=$00[m, p=$80[m)
$8005: INX                            (a=$FF[m, x=[31m$00[m, y=$00[m, s=$00[m, p=[31m$02[m)
$8006: BNE $FA                        (a=$FF[m, x=$00[m, y=$00[m, s=$00[m, p=$02[m)
$8008: LDY #$00                       (a=$FF[m, x=$00[m, y=$00[m, s=$00[m, p=$02[m)
$800A: LDA $0000, Y                   (a=[31m$00[m, x=$00[m, y=$00[m, s=$00[m, p=$02[m)
$800D: INY                            (a=$00[m, x=$00[m, y=[31m$01[m, s=$00[m, p=[31m$00[m)
$800E: BNE $FA                        (a=$00[m, x=$00[m, y=$01[m, s=$00[m, p=$00[m)
$800A: LDA $0000, Y                   (a=[31m$01[m, x=$00[m, y=$01[m, s=$00[m, p=$00[m)
$800D: INY                            (a=$01[m, x=$00[m, y=[31m$02[m, s=$00[m, p=$00[m)
$800E: BNE $FA                        (a=$01[m, x=$00[m, y=$02[m, s=$00[m, p=$00[m)
$800A: LDA $0000, Y                   (a=[31m$02[m, x=$00[m, y=$02[m, s=$00[m, p=$00[m)
$800D: INY                            (a=$02[m, x=$00[m, y=[31m$03[m, s=$00[m, p=$00[m)
$800E: BNE $FA                        (a=$02[m, x=$00[m, y=$03[m, s=$00[m, p=$00[m)
$800A: LDA $0000, Y                   (a=[31m$03[m, x=$00[m, y=$03[m, s=$00[m, p=$00[m)
$800D: INY                            (a=$03[m, x=$00[m, y=[31m$04[m, s=$00[m, p=$00[m)
$800E: BNE $FA                        (a=$03[m, x=$00[m, y=$04[m, s=$00[m, p=$00[m)
$800A: LDA $0000, Y                   (a=[31m$04[m, x=$00[m, y=$04[m, s=$00[m, p=$00[m)
$800D: INY                            (a=$04[m, x=$00[m, y=[31m$05[m, s=$00[m, p=$00[m)
$800E: BNE $FA                        (a=$04[m, x=$00[m, y=$05[m, s=$00[m, p=$00[m)
$800A: LDA $0000, Y                   (a=[31m$05[m, x=$00[m, y=$05[m, s=$00[m, p=$00[m)
$800D: INY                            (a=$05[m, x=$00[m, y=[31m$06[m, s=$00[m, p=$00[m)
$800E: BNE $FA                        (a=$05[m, x=$00[m, y=$06[m, s=$00[m, p=$00[m)
$800A: LDA $0000, Y                   (a=[31m$06[m, x=$00[m, y=$06[m, s=$00[m, p=$00[m)
$800D: INY                            (a=$06[m, x=$00[m, y=[31m$07[m, s=$00[m, p=$00[m)
$800E: BNE $FA                        (a=$06[m, x=$00[m, y=$07[m, s=$00[m, p=$00[m)
$800A: LDA $0000, Y                   (a=[31m$07[m, x=$00[m, y=$07[m, s=$00[m, p=$00[m)
$800D: INY                            (a=$07[m, x=$00[m, y=[31m$08[m, s=$00[m, p=$00[m)
$800E: BNE $FA                        (a=$07[m, x=$00[m, y=$08[m, s=$00[m, p=$00[m)
$800A: LDA $0000, Y                   (a=[31m$08[m, x=$00[m, y=$08[m, s=$00[m, p=$00[m)
$800D: INY                            (a=$08[m, x=$00[m, y=[31m$09[m, s=$00[m, p=$00[m)
$800E: BNE $FA                        (a=$08[m, x=$00[m, y=$09[m, s=$00[m, p=$00[m)
$800A: LDA $0000, Y                   (a=[31m$09[m, x=$00[m, y=$09[m, s=$00[m, p=$00[m)
$800D: INY                            (a=$09[m, x=$00[m, y=[31m$0A[m, s=$00[m, p=$00[m)
$800E: BNE $FA                        (a=$09[m, x=$00[m, y=$0A[m, s=$00[m, p=$00[m)
$800A: LDA $0000, Y                   (a=[31m$0A[m, x=$00[m, y=$0A[m, s=$00[m, p=$00[m)
$800D: INY                            (a=$0A[m, x=$00[m, y=[31m$0B[m, s=$00[m, p=$00[m)
$800E: BNE $FA                        (a=$0A[m, x=$00[m, y=$0B[m, s=$00[m, p=$00[m)
$800A: LDA $0000, Y                   (a=[31m$0B[m, x=$00[m, y=$0B[m, s=$00[m, p=$00[m)
$800D: INY                            (a=$0B[m, x=$00[m, y=[31m$0C[m, s=$00[m, p=$00[m)
$800E: BNE $FA                        (a=$0B[m, x=$00[m, y=$0C[m, s=$00[m, p=$00[m)
$800A: LDA $0000, Y                   (a=[31m$0C[m, x=$00[m, y=$0C[m, s=$00[m, p=$00[m)
$800D: INY                            (a=$0C[m, x=$00[m, y=[31m$0D[m, s=$00[m, p=$00[m)
$800E: BNE $FA                        (a=$0C[m, x=$00[m, y=$0D[m, s=$00[m, p=$00[m)
$800A: LDA $0000, Y                   (a=[31m$0D[m, x=$00[m, y=$0D[m, s=$00[m, p=$00[m)
$800D: INY                            (a=$0D[m, x=$00[m, y=[31m$0E[m, s=$00[m, p=$00[m)
$800E: BNE $FA                        (a=$0D[m, x=$00[m, y=$0E[m, s=$00[m, p=$00[m)
$800A: LDA $0000, Y                   (a=[31m$0E[m, x=$00[m, y=$0E[m, s=$00[m, p=$00[m)
$800D: INY                            (a=$0E[m, x=$00[m, y=[31m$0F[m, s=$00[m, p=$00[m)
$800E: BNE $FA                        (a=$0E[m, x=$00[m, y=$0F[m, s=$00[m, p=$00[m)
$800A: LDA $0000, Y                   (a=[31m$0F[m, x=$00[m, y=$0F[m, s=$00[m, p=$00[m)
$800D: INY                            (a=$0F[m, x=$00[m, y=[31m$10[m, s=$00[m, p=$00[m)
$800E: BNE $FA                        (a=$0F[m, x=$00[m, y=$10[m, s=$00[m, p=$00[m)
$800A: LDA $0000, Y                   (a=[31m$10[m, x=$00[m, y=$10[m, s=$00[m, p=$00[m)
$800D: INY                            (a=$10[m, x=$00[m, y=[31m$11[m, s=$00[m, p=$00[m)
$800E: BNE $FA                        (a=$10[m, x=$00[m, y=$11[m, s=$00[m, p=$00[m)
$800A: LDA $0000, Y                   (a=[31m$11[m, x=$00[m, y=$11[m, s=$00[m, p=$00[m)
$800D: INY                            (a=$11[m, x=$00[m, y=[31m$12[m, s=$00[m, p=$00[m)
$800E: BNE $FA                        (a=$11[m, x=$00[m, y=$12[m, s=$00[m, p=$00[m)
$800A: LDA $0000, Y                   (a=[31m$12[m, x=$00[m, y=$12[m, s=$00[m, p=$00[m)
$800D: INY                            (a=$12[m, x=$00[m, y=[31m$13[m, s=$00[m, p=$00[m)
$800E: BNE $FA                        (a=$12[m, x=$00[m, y=$13[m, s=$00[m, p=$00[m)
$800A: LDA $0000, Y                   (a=[31m$13[m, x=$00[m, y=$13[m, s=$00[m, p=$00[m)
$800D: INY                            (a=$13[m, x=$00[m, y=[31m$14[m, s=$00[m, p=$00[m)
$800E: BNE $FA                        (a=$13[m, x=$00[m, y=$14[m, s=$00[m, p=$00[m)
$800A: LDA $0000, Y                   (a=[31m$14[m, x=$00[m, y=$14[m, s=$00[m, p=$00[m)
$800D: INY                            (a=$14[m, x=$00[m, y=[31m$15[m, s=$00[m, p=$00[m)
$800E: BNE $FA                        (a=$14[m, x=$00[m, y=$15[m, s=$00[m, p=$00[m)
$800A: LDA $0000, Y                   (a=[31m$15[m, x=$00[m, y=$15[m, s=$00[m, p=$00[m)
$800D: INY                            (a=$15[m, x=$00[m, y=[31m$16[m, s=$00[m, p=$00[m)
$800E: BNE $FA                        (a=$15[m, x=$00[m, y=$16[m, s=$00[m, p=$00[m)
$800A: LDA $0000, Y                   (a=[31m$16[m, x=$00[m, y=$16[m, s=$00[m, p=$00[m)
$800D: INY                            (a=$16[m, x=$00[m, y=[31m$17[m, s=$00[m, p=$00[m)
$800E: BNE $FA                        (a=$16[m, x=$00[m, y=$17[m, s=$00[m, p=$00[m)
$800A: LDA $0000, Y                   (a=[31m$17[m, x=$00[m, y=$17[m, s=$00[m, p=$00[m)
$800D: INY                            (a=$17[m, x=$00[m, y=[31m$18[m, s=$00[m, p=$00[m)
$800E: BNE $FA                        (a=$17[m, x=$00[m, y=$18[m, s=$00[m, p=$00[m)
$800A: LDA $0000, Y                   (a=[31m$18[m, x=$00[m, y=$18[m, s=$00[m, p=$00[m)
$800D: INY                            (a=$18[m, x=$00[m, y=[31m$19[m, s=$00[m, p=$00[m)
$800E: BNE $FA                        (a=$18[m, x=$00[m, y=$19[m, s=$00[m, p=$00[m)
$800A: LDA $0000, Y                   (a=[31m$19[m, x=$00[m, y=$19[m, s=$00[m, p=$00[m)
$800D: INY                            (a=$19[m, x=$00[m, y=[31m$1A[m, s=$00[m, p=$00[m)
$800E: BNE $FA                        (a=$19[m, x=$00[m, y=$1A[m, s=$00[m, p=$00[m)
$800A: LDA $0000, Y                   (a=[31m$1A[m, x=$00[m, y=$1A[m, s=$00[m, p=$00[m)
$800D: INY                            (a=$1A[m, x=$00[m, y=[31m$1B[m, s=$00[m, p=$00[m)
$800E: BNE $FA                        (a=$1A[m, x=$00[m, y=$1B[m, s=$00[m, p=$00[m)
$800A: LDA $0000, Y                   (a=[31m$1B[m, x=$00[m, y=$1B[m, s=$00[m, p=$00[m)
$800D: INY                            (a=$1B[m, x=$00[m, y=[31m$1C[m, s=$00[m, p=$00[m)
$800E: BNE $FA                        (a=$1B[m, x=$00[m, y=$1C[m, s=$00[m, p=$00[m)
$800A: LDA $0000, Y                   (a=[31m$1C[m, x=$00[m, y=$1C[m, s=$00[m, p=$00[m)
$800D: INY                            (a=$1C[m, x=$00[m, y=[31m$1D[m, s=$00[m, p=$00[m)
$800E: BNE $FA                        (a=$1C[m, x=$00[m, y=$1D[m, s=$00[m, p=$00[m)
$800A: LDA $0000, Y                   (a=[31m$1D[m, x=$00[m, y=$1D[m, s=$00[m, p=$00[m)
$800D: INY                            (a=$1D[m, x=$00[m, y=[31m$1E[m, s=$00[m, p=$00[m)
$800E: BNE $FA                        (a=$1D[m, x=$00[m, y=$1E[m, s=$00[m, p=$00[m)
$800A: LDA $0000, Y                   (a=[31m$1E[m, x=$00[m, y=$1E[m, s=$00[m, p=$00[m)
$800D: INY                            (a=$1E[m, x=$00[m, y=[31m$1F[m, s=$00[m, p=$00[m)
$800E: BNE $FA                        (a=$1E[m, x=$00[m, y=$1F[m, s=$00[m, p=$00[m)
$800A: LDA $0000, Y                   (a=[31m$1F[m, x=$00[m, y=$1F[m, s=$00[m, p=$00[m)
$800D: INY                            (a=$1F[m, x=$00[m, y=[31m$20[m, s=$00[m, p=$00[m)
$800E: BNE $FA                        (a=$1F[m, x=$00[m, y=$20[m, s=$00[m, p=$00[m)
$800A: LDA $0000, Y                   (a=[31m$20[m, x=$00[m, y=$20[m, s=$00[m, p=$00[m)
$800D: INY                            (a=$20[m, x=$00[m, y=[31m$21[m, s=$00[m, p=$00[m)
$800E: BNE $FA                        (a=$20[m, x=$00[m, y=$21[m, s=$00[m, p=$00[m)
$800A: LDA $0000, Y                   (a=[31m$21[m, x=$00[m, y=$21[m, s=$00[m, p=$00[m)
$800D: INY                            (a=$21[m, x=$00[m, y=[31m$22[m, s=$00[m, p=$00[m)
$800E: BNE $FA                        (a=$21[m, x=$00[m, y=$22[m, s=$00[m, p=$00[m)
$800A: LDA $0000, Y                   (a=[31m$22[m, x=$00[m, y=$22[m, s=$00[m, p=$00[m)
$800D: INY                            (a=$22[m, x=$00[m, y=[31m$23[m, s=$00[m, p=$00[m)
$800E: BNE $FA                        (a=$22[m, x=$00[m, y=$23[m, s=$00[m, p=$00[m)
$800A: LDA $0000, Y                   (a=[31m$23[m, x=$00[m, y=$23[m, s=$00[m, p=$00[m)
$800D: INY                            (a=$23[m, x=$00[m, y=[31m$24[m, s=$00[m, p=$00[m)
$800E: BNE $FA                        (a=$23[m, x=$00[m, y=$24[m, s=$00[m, p=$00[m)
$800A: LDA $0000, Y                   (a=[31m$24[m, x=$00[m, y=$24[m, s=$00[m, p=$00[m)
$800D: INY                            (a=$24[m, x=$00[m, y=[31m$25[m, s=$00[m, p=$00[m)
$800E: BNE $FA                        (a=$24[m, x=$00[m, y=$25[m, s=$00[m, p=$00[m)
$800A: LDA $0000, Y                   (a=[31m$25[m, x=$00[m, y=$25[m, s=$00[m, p=$00[m)
$800D: INY                            (a=$25[m, x=$00[m, y=[31m$26[m, s=$00[m, p=$00[m)
$800E: BNE $FA                        (a=$25[m, x=$00[m, y=$26[m, s=$00[m, p=$00[m)
$800A: LDA $0000, Y                   (a=[31m$26[m, x=$00[m, y=$26[m, s=$00[m, p=$00[m)
$800D: INY                            (a=$26[m, x=$00[m, y=[31m$27[m, s=$00[m, p=$00[m)
$800E: BNE $FA                        (a=$26[m, x=$00[m, y=$27[m, s=$00[m, p=$00[m)
$800A: LDA $0000, Y                   (a=[31m$27[m, x=$00[m, y=$27[m, s=$00[m, p=$00[m)
$800D: INY                            (a=$27[m, x=$00[m, y=[31m$28[m, s=$00[m, p=$00[m)
$800E: BNE $FA                        (a=$27[m, x=$00[m, y=$28[m, s=$00[m, p=$00[m)
$800A: LDA $0000, Y                   (a=[31m$28[m, x=$00[m, y=$28[m, s=$00[m, p=$00[m)
$800D: INY                            (a=$28[m, x=$00[m, y=[31m$29[m, s=$00[m, p=$00[m)
$800E: BNE $FA                        (a=$28[m, x=$00[m, y=$29[m, s=$00[m, p=$00[m)
$800A: LDA $0000, Y                   (a=[31m$29[m, x=$00[m, y=$29[m, s=$00[m, p=$00[m)
$800D: INY                            (a=$29[m, x=$00[m, y=[31m$2A[m, s=$00[m, p=$00[m)
$800E: BNE $FA                        (a=$29[m, x=$00[m, y=$2A[m, s=$00[m, p=$00[m)
$800A: LDA $0000, Y                   (a=[31m$2A[m, x=$00[m, y=$2A[m, s=$00[m, p=$00[m)
$800D: INY                            (a=$2A[m, x=$00[m, y=[31m$2B[m, s=$00[m, p=$00[m)
$800E: BNE $FA                        (a=$2A[m, x=$00[m, y=$2B[m, s=$00[m, p=$00[m)
$800A: LDA $0000, Y                   (a=[31m$2B[m, x=$00[m, y=$2B[m, s=$00[m, p=$00[m)
$800D: INY                            (a=$2B[m, x=$00[m, y=[31m$2C[m, s=$00[m, p=$00[m)
$800E: BNE $FA                        (a=$2B[m, x=$00[m, y=$2C[m, s=$00[m, p=$00[m)
$800A: LDA $0000, Y                   (a=[31m$2C[m, x=$00[m, y=$2C[m, s=$00[m, p=$00[m)
$800D: INY                            (a=$2C[m, x=$00[m, y=[31m$2D[m, s=$00[m, p=$00[m)
$800E: BNE $FA                        (a=$2C[m, x=$00[m, y=$2D[m, s=$00[m, p=$00[m)
$800A: LDA $0000, Y                   (a=[31m$2D[m, x=$00[m, y=$2D[m, s=$00[m, p=$00[m)
$800D: INY                            (a=$2D[m, x=$00[m, y=[31m$2E[m, s=$00[m, p=$00[m)
$800E: BNE $FA                        (a=$2D[m, x=$00[m, y=$2E[m, s=$00[m, p=$00[m)
$800A: LDA $0000, Y                   (a=[31m$2E[m, x=$00[m, y=$2E[m, s=$00[m, p=$00[m)
$800D: INY                            (a=$2E[m, x=$00[m, y=[31m$2F[m, s=$00[m, p=$00[m)
$800E: BNE $FA                        (a=$2E[m, x=$00[m, y=$2F[m, s=$00[m, p=$00[m)
$800A: LDA $0000, Y                   (a=[31m$2F[m, x=$00[m, y=$2F[m, s=$00[m, p=$00[m)
$800D: INY                            (a=$2F[m, x=$00[m, y=[31m$30[m, s=$00[m, p=$00[m)
$800E: BNE $FA                        (a=$2F[m, x=$00[m, y=$30[m, s=$00[m, p=$00[m)
$800A: LDA $0000, Y                   (a=[31m$30[m, x=$00[m, y=$30[m, s=$00[m, p=$00[m)
$800D: INY                            (a=$30[m, x=$00[m, y=[31m$31[m, s=$00[m, p=$00[m)
$800E: BNE $FA                        (a=$30[m, x=$00[m, y=$31[m, s=$00[m, p=$00[m)
$800A: LDA $0000, Y                   (a=[31m$31[m, x=$00[m, y=$31[m, s=$00[m, p=$00[m)
$800D: INY                            (a=$31[m, x=$00[m, y=[31m$32[m, s=$00[m, p=$00[m)
$800E: BNE $FA                        (a=$31[m, x=$00[m, y=$32[m, s=$00[m, p=$00[m)
$800A: LDA $0000, Y                   (a=[31m$32[m, x=$00[m, y=$32[m, s=$00[m, p=$00[m)
$800D: INY                            (a=$32[m, x=$00[m, y=[31m$33[m, s=$00[m, p=$00[m)
$800E: BNE $FA                        (a=$32[m, x=$00[m, y=$33[m, s=$00[m, p=$00[m)
$800A: LDA $0000, Y                   (a=[31m$33[m, x=$00[m, y=$33[m, s=$00[m, p=$00[m)
$800D: INY                            (a=$33[m, x=$00[m, y=[31m$34[m, s=$00[m, p=$00[m)
$800E: BNE $FA                        (a=$33[m, x=$00[m, y=$34[m, s=$00[m, p=$00[m)
$800A: LDA $0000, Y                   (a=[31m$34[m, x=$00[m, y=$34[m, s=$00[m, p=$00[m)
$800D: INY                            (a=$34[m, x=$00[m, y=[31m$35[m, s=$00[m, p=$00[m)
$800E: BNE $FA                        (a=$34[m, x=$00[m, y=$35[m, s=$00[m, p=$00[m)
$800A: LDA $0000, Y                   (a=[31m$35[m, x=$00[m, y=$35[m, s=$00[m, p=$00[m)
$800D: INY                            (a=$35[m, x=$00[m, y=[31m$36[m, s=$00[m, p=$00[m)
$800E: BNE $FA                        (a=$35[m, x=$00[m, y=$36[m, s=$00[m, p=$00[m)
$800A: LDA $0000, Y                   (a=[31m$36[m, x=$00[m, y=$36[m, s=$00[m, p=$00[m)
$800D: INY                            (a=$36[m, x=$00[m, y=[31m$37[m, s=$00[m, p=$00[m)
$800E: BNE $FA                        (a=$36[m, x=$00[m, y=$37[m, s=$00[m, p=$00[m)
$800A: LDA $0000, Y                   (a=[31m$37[m, x=$00[m, y=$37[m, s=$00[m, p=$00[m)
$800D: INY                            (a=$37[m, x=$00[m, y=[31m$38[m, s=$00[m, p=$00[m)
$800E: BNE $FA                        (a=$37[m, x=$00[m, y=$38[m, s=$00[m, p=$00[m)
$800A: LDA $0000, Y                   (a=[31m$38[m, x=$00[m, y=$38[m, s=$00[m, p=$00[m)
$800D: INY                            (a=$38[m, x=$00[m, y=[31m$39[m, s=$00[m, p=$00[m)
$800E: BNE $FA                        (a=$38[m, x=$00[m, y=$39[m, s=$00[m, p=$00[m)
$800A: LDA $0000, Y                   (a=[31m$39[m, x=$00[m, y=$39[m, s=$00[m, p=$00[m)
$800D: INY                            (a=$39[m, x=$00[m, y=[31m$3A[m, s=$00[m, p=$00[m)
$800E: BNE $FA                        (a=$39[m, x=$00[m, y=$3A[m, s=$00[m, p=$00[m)
$800A: LDA $0000, Y                   (a=[31m$3A[m, x=$00[m, y=$3A[m, s=$00[m, p=$00[m)
$800D: INY                            (a=$3A[m, x=$00[m, y=[31m$3B[m, s=$00[m, p=$00[m)
$800E: BNE $FA                        (a=$3A[m, x=$00[m, y=$3B[m, s=$00[m, p=$00[m)
$800A: LDA $0000, Y                   (a=[31m$3B[m, x=$00[m, y=$3B[m, s=$00[m, p=$00[m)
$800D: INY                            (a=$3B[m, x=$00[m, y=[31m$3C[m, s=$00[m, p=$00[m)
$800E: BNE $FA                        (a=$3B[m, x=$00[m, y=$3C[m, s=$00[m, p=$00[m)
$800A: LDA $0000, Y                   (a=[31m$3C[m, x=$00[m, y=$3C[m, s=$00[m, p=$00[m)
$800D: INY                            (a=$3C[m, x=$00[m, y=[31m$3D[m, s=$00[m, p=$00[m)
$800E: BNE $FA                        (a=$3C[m, x=$00[m, y=$3D[m, s=$00[m, p=$00[m)
$800A: LDA $0000, Y                   (a=[31m$3D[m, x=$00[m, y=$3D[m, s=$00[m, p=$00[m)
$800D: INY                            (a=$3D[m, x=$00[m, y=[31m$3E[m, s=$00[m, p=$00[m)
$800E: BNE $FA                        (a=$3D[m, x=$00[m, y=$3E[m, s=$00[m, p=$00[m)
$800A: LDA $0000, Y                   (a=[31m$3E[m, x=$00[m, y=$3E[m, s=$00[m, p=$00[m)
$800D: INY                            (a=$3E[m, x=$00[m, y=[31m$3F[m, s=$00[m, p=$00[m)
$800E: BNE $FA                        (a=$3E[m, x=$00[m, y=$3F[m, s=$00[m, p=$00[m)
$800A: LDA $0000, Y                   (a=[31m$3F[m, x=$00[m, y=$3F[m, s=$00[m, p=$00[m)
$800D: INY                            (a=$3F[m, x=$00[m, y=[31m$40[m, s=$00[m, p=$00[m)
$800E: BNE $FA                        (a=$3F[m, x=$00[m, y=$40[m, s=$00[m, p=$00[m)
$800A: LDA $0000, Y                   (a=[31m$40[m, x=$00[m, y=$40[m, s=$00[m, p=$00[m)
$800D: INY                            (a=$40[m, x=$00[m, y=[31m$41[m, s=$00[m, p=$00[m)
$800E: BNE $FA                        (a=$40[m, x=$00[m, y=$41[m, s=$00[m, p=$00[m)
$800A: LDA $0000, Y                   (a=[31m$41[m, x=$00[m, y=$41[m, s=$00[m, p=$00[m)
$800D: INY                            (a=$41[m, x=$00[m, y=[31m$42[m, s=$00[m, p=$00[m)
$800E: BNE $FA                        (a=$41[m, x=$00[m, y=$42[m, s=$00[m, p=$00[m)
$800A: LDA $0000, Y                   (a=[31m$42[m, x=$00[m, y=$42[m, s=$00[m, p=$00[m)
$800D: INY                            (a=$42[m, x=$00[m, y=[31m$43[m, s=$00[m, p=$00[m)
$800E: BNE $FA                        (a=$42[m, x=$00[m, y=$43[m, s=$00[m, p=$00[m)
$800A: LDA $0000, Y                   (a=[31m$43[m, x=$00[m, y=$43[m, s=$00[m, p=$00[m)
$800D: INY                            (a=$43[m, x=$00[m, y=[31m$44[m, s=$00[m, p=$00[m)
$800E: BNE $FA                        (a=$43[m, x=$00[m, y=$44[m, s=$00[m, p=$00[m)
$800A: LDA $0000, Y                   (a=[31m$44[m, x=$00[m, y=$44[m, s=$00[m, p=$00[m)
$800D: INY                            (a=$44[m, x=$00[m, y=[31m$45[m, s=$00[m, p=$00[m)
$800E: BNE $FA                        (a=$44[m, x=$00[m, y=$45[m, s=$00[m, p=$00[m)
$800A: LDA $0000, Y                   (a=[31m$45[m, x=$00[m, y=$45[m, s=$00[m, p=$00[m)
$800D: INY                            (a=$45[m, x=$00[m, y=[31m$46[m, s=$00[m, p=$00[m)
$800E: BNE $FA                        (a=$45[m, x=$00[m, y=$46[m, s=$00[m, p=$00[m)
$800A: LDA $0000, Y                   (a=[31m$46[m, x=$00[m, y=$46[m, s=$00[m, p=$00[m)
$800D: INY                            (a=$46[m, x=$00[m, y=[31m$47[m, s=$00[m, p=$00[m)
$800E: BNE $FA                        (a=$46[m, x=$00[m, y=$47[m, s=$00[m, p=$00[m)
$800A: LDA $0000, Y                   (a=[31m$47[m, x=$00[m, y=$47[m, s=$00[m, p=$00[m)
$800D: INY                            (a=$47[m, x=$00[m, y=[31m$48[m, s=$00[m, p=$00[m)
$800E: BNE $FA                        (a=$47[m, x=$00[m, y=$48[m, s=$00[m, p=$00[m)
$800A: LDA $0000, Y                   (a=[31m$48[m, x=$00[m, y=$48[m, s=$00[m, p=$00[m)
$800D: INY                            (a=$48[m, x=$00[m, y=[31m$49[m, s=$00[m, p=$00[m)
$800E: BNE $FA                        (a=$48[m, x=$00[m, y=$49[m, s=$00[m, p=$00[m)
$800A: LDA $0000, Y                   (a=[31m$49[m, x=$00[m, y=$49[m, s=$00[m, p=$00[m)
$800D: INY                            (a=$49[m, x=$00[m, y=[31m$4A[m, s=$00[m, p=$00[m)
$800E: BNE $FA                        (a=$49[m, x=$00[m, y=$4A[m, s=$00[m, p=$00[m)
$800A: LDA $0000, Y                   (a=[31m$4A[m, x=$00[m, y=$4A[m, s=$00[m, p=$00[m)
$800D: INY                            (a=$4A[m, x=$00[m, y=[31m$4B[m, s=$00[m, p=$00[m)
$800E: BNE $FA                        (a=$4A[m, x=$00[m, y=$4B[m, s=$00[m, p=$00[m)
$800A: LDA $0000, Y                   (a=[31m$4B[m, x=$00[m, y=$4B[m, s=$00[m, p=$00[m)
$800D: INY                            (a=$4B[m, x=$00[m, y=[31m$4C[m, s=$00[m, p=$00[m)
$800E: BNE $FA                        (a=$4B[m, x=$00[m, y=$4C[m, s=$00[m, p=$00[m)
$800A: LDA $0000, Y                   (a=[31m$4C[m, x=$00[m, y=$4C[m, s=$00[m, p=$00[m)
$800D: INY                            (a=$4C[m, x=$00[m, y=[31m$4D[m, s=$00[m, p=$00[m)
$800E: BNE $FA                        (a=$4C[m, x=$00[m, y=$4D[m, s=$00[m, p=$00[m)
$800A: LDA $0000, Y                   (a=[31m$4D[m, x=$00[m, y=$4D[m, s=$00[m, p=$00[m)
$800D: INY                            (a=$4D[m, x=$00[m, y=[31m$4E[m, s=$00[m, p=$00[m)
$800E: BNE $FA                        (a=$4D[m, x=$00[m, y=$4E[m, s=$00[m, p=$00[m)
$800A: LDA $0000, Y                   (a=[31m$4E[m, x=$00[m, y=$4E[m, s=$00[m, p=$00[m)
$800D: INY                            (a=$4E[m, x=$00[m, y=[31m$4F[m, s=$00[m, p=$00[m)
$800E: BNE $FA                        (a=$4E[m, x=$00[m, y=$4F[m, s=$00[m, p=$00[m)
$800A: LDA $0000, Y                   (a=[31m$4F[m, x=$00[m, y=$4F[m, s=$00[m, p=$00[m)
$800D: INY                            (a=$4F[m, x=$00[m, y=[31m$50[m, s=$00[m, p=$00[m)
$800E: BNE $FA                        (a=$4F[m, x=$00[m, y=$50[m, s=$00[m, p=$00[m)
$800A: LDA $0000, Y                   (a=[31m$50[m, x=$00[m, y=$50[m, s=$00[m, p=$00[m)
$800D: INY                            (a=$50[m, x=$00[m, y=[31m$51[m, s=$00[m, p=$00[m)
$800E: BNE $FA                        (a=$50[m, x=$00[m, y=$51[m, s=$00[m, p=$00[m)
$800A: LDA $0000, Y                   (a=[31m$51[m, x=$00[m, y=$51[m, s=$00[m, p=$00[m)
$800D: INY                            (a=$51[m, x=$00[m, y=[31m$52[m, s=$00[m, p=$00[m)
$800E: BNE $FA                        (a=$51[m, x=$00[m, y=$52[m, s=$00[m, p=$00[m)
$800A: LDA $0000, Y                   (a=[31m$52[m, x=$00[m, y=$52[m, s=$00[m, p=$00[m)
$800D: INY                            (a=$52[m, x=$00[m, y=[31m$53[m, s=$00[m, p=$00[m)
$800E: BNE $FA                        (a=$52[m, x=$00[m, y=$53[m, s=$00[m, p=$00[m)
$800A: LDA $0000, Y                   (a=[31m$53[m, x=$00[m, y=$53[m, s=$00[m, p=$00[m)
$800D: INY                            (a=$53[m, x=$00[m, y=[31m$54[m, s=$00[m, p=$00[m)
$800E: BNE $FA                        (a=$53[m, x=$00[m, y=$54[m, s=$00[m, p=$00[m)
$800A: LDA $0000, Y                   (a=[31m$54[m, x=$00[m, y=$54[m, s=$00[m, p=$00[m)
$800D: INY                            (a=$54[m, x=$00[m, y=[31m$55[m, s=$00[m, p=$00[m)
$800E: BNE $FA                        (a=$54[m, x=$00[m, y=$55[m, s=$00[m, p=$00[m)
$800A: LDA $0000, Y                   (a=[31m$55[m, x=$00[m, y=$55[m, s=$00[m, p=$00[m)
$800D: INY                            (a=$55[m, x=$00[m, y=[31m$56[m, s=$00[m, p=$00[m)
$800E: BNE $FA                        (a=$55[m, x=$00[m, y=$56[m, s=$00[m, p=$00[m)
$800A: LDA $0000, Y                   (a=[31m$56[m, x=$00[m, y=$56[m, s=$00[m, p=$00[m)
$800D: INY                            (a=$56[m, x=$00[m, y=[31m$57[m, s=$00[m, p=$00[m)
$800E: BNE $FA                        (a=$56[m, x=$00[m, y=$57[m, s=$00[m, p=$00[m)
$800A: LDA $0000, Y                   (a=[31m$57[m, x=$00[m, y=$57[m, s=$00[m, p=$00[m)
$800D: INY                            (a=$57[m, x=$00[m, y=[31m$58[m, s=$00[m, p=$00[m)
$800E: BNE $FA                        (a=$57[m, x=$00[m, y=$58[m, s=$00[m, p=$00[m)
$800A: LDA $0000, Y                   (a=[31m$58[m, x=$00[m, y=$58[m, s=$00[m, p=$00[m)
$800D: INY                            (a=$58[m, x=$00[m, y=[31m$59[m, s=$00[m, p=$00[m)
$800E: BNE $FA                        (a=$58[m, x=$00[m, y=$59[m, s=$00[m, p=$00[m)
$800A: LDA $0000, Y                   (a=[31m$59[m, x=$00[m, y=$59[m, s=$00[m, p=$00[m)
$800D: INY                            (a=$59[m, x=$00[m, y=[31m$5A[m, s=$00[m, p=$00[m)
$800E: BNE $FA                        (a=$59[m, x=$00[m, y=$5A[m, s=$00[m, p=$00[m)
$800A: LDA $0000, Y                   (a=[31m$5A[m, x=$00[m, y=$5A[m, s=$00[m, p=$00[m)
$800D: INY                            (a=$5A[m, x=$00[m, y=[31m$5B[m, s=$00[m, p=$00[m)
$800E: BNE $FA                        (a=$5A[m, x=$00[m, y=$5B[m, s=$00[m, p=$00[m)
$800A: LDA $0000, Y                   (a=[31m$5B[m, x=$00[m, y=$5B[m, s=$00[m, p=$00[m)
$800D: INY                            (a=$5B[m, x=$00[m, y=[31m$5C[m, s=$00[m, p=$00[m)
$800E: BNE $FA                        (a=$5B[m, x=$00[m, y=$5C[m, s=$00[m, p=$00[m)
$800A: LDA $0000, Y                   (a=[31m$5C[m, x=$00[m, y=$5C[m, s=$00[m, p=$00[m)
$800D: INY                            (a=$5C[m, x=$00[m, y=[31m$5D[m, s=$00[m, p=$00[m)
$800E: BNE $FA                        (a=$5C[m, x=$00[m, y=$5D[m, s=$00[m, p=$00[m)
$800A: LDA $0000, Y                   (a=[31m$5D[m, x=$00[m, y=$5D[m, s=$00[m, p=$00[m)
$800D: INY                            (a=$5D[m, x=$00[m, y=[31m$5E[m, s=$00[m, p=$00[m)
$800E: BNE $FA                        (a=$5D[m, x=$00[m, y=$5E[m, s=$00[m, p=$00[m)
$800A: LDA $0000, Y                   (a=[31m$5E[m, x=$00[m, y=$5E[m, s=$00[m, p=$00[m)
$800D: INY                            (a=$5E[m, x=$00[m, y=[31m$5F[m, s=$00[m, p=$00[m)
$800E: BNE $FA                        (a=$5E[m, x=$00[m, y=$5F[m, s=$00[m, p=$00[m)
$800A: LDA $0000, Y                   (a=[31m$5F[m, x=$00[m, y=$5F[m, s=$00[m, p=$00[m)
$800D: INY                            (a=$5F[m, x=$00[m, y=[31m$60[m, s=$00[m, p=$00[m)
$800E: BNE $FA                        (a=$5F[m, x=$00[m, y=$60[m, s=$00[m, p=$00[m)
$800A: LDA $0000, Y                   (a=[31m$60[m, x=$00[m, y=$60[m, s=$00[m, p=$00[m)
$800D: INY                            (a=$60[m, x=$00[m, y=[31m$61[m, s=$00[m, p=$00[m)
$800E: BNE $FA                        (a=$60[m, x=$00[m, y=$61[m, s=$00[m, p=$00[m)
$800A: LDA $0000, Y                   (a=[31m$61[m, x=$00[m, y=$61[m, s=$00[m, p=$00[m)
$800D: INY                            (a=$61[m, x=$00[m, y=[31m$62[m, s=$00[m, p=$00[m)
$800E: BNE $FA                        (a=$61[m, x=$00[m, y=$62[m, s=$00[m, p=$00[m)
$800A: LDA $0000, Y                   (a=[31m$62[m, x=$00[m, y=$62[m, s=$00[m, p=$00[m)
$800D: INY                            (a=$62[m, x=$00[m, y=[31m$63[m, s=$00[m, p=$00[m)
$800E: BNE $FA                        (a=$62[m, x=$00[m, y=$63[m, s=$00[m, p=$00[m)
$800A: LDA $0000, Y                   (a=[31m$63[m, x=$00[m, y=$63[m, s=$00[m, p=$00[m)
$800D: INY                            (a=$63[m, x=$00[m, y=[31m$64[m, s=$00[m, p=$00[m)
$800E: BNE $FA                        (a=$63[m, x=$00[m, y=$64[m, s=$00[m, p=$00[m)
$800A: LDA $0000, Y                   (a=[31m$64[m, x=$00[m, y=$64[m, s=$00[m, p=$00[m)
$800D: INY                            (a=$64[m, x=$00[m, y=[31m$65[m, s=$00[m, p=$00[m)
$800E: BNE $FA                        (a=$64[m, x=$00[m, y=$65[m, s=$00[m, p=$00[m)
$800A: LDA $0000, Y                   (a=[31m$65[m, x=$00[m, y=$65[m, s=$00[m, p=$00[m)
$800D: INY                            (a=$65[m, x=$00[m, y=[31m$66[m, s=$00[m, p=$00[m)
$800E: BNE $FA                        (a=$65[m, x=$00[m, y=$66[m, s=$00[m, p=$00[m)
$800A: LDA $0000, Y                   (a=[31m$66[m, x=$00[m, y=$66[m, s=$00[m, p=$00[m)
$800D: INY                            (a=$66[m, x=$00[m, y=[31m$67[m, s=$00[m, p=$00[m)
$800E: BNE $FA                        (a=$66[m, x=$00[m, y=$67[m, s=$00[m, p=$00[m)
$800A: LDA $0000, Y                   (a=[31m$67[m, x=$00[m, y=$67[m, s=$00[m, p=$00[m)
$800D: INY                            (a=$67[m, x=$00[m, y=[31m$68[m, s=$00[m, p=$00[m)
$800E: BNE $FA                        (a=$67[m, x=$00[m, y=$68[m, s=$00[m, p=$00[m)
$800A: LDA $0000, Y                   (a=[31m$68[m, x=$00[m, y=$68[m, s=$00[m, p=$00[m)
$800D: INY                            (a=$68[m, x=$00[m, y=[31m$69[m, s=$00[m, p=$00[m)
$800E: BNE $FA                        (a=$68[m, x=$00[m, y=$69[m, s=$00[m, p=$00[m)
$800A: LDA $0000, Y                   (a=[31m$69[m, x=$00[m, y=$69[m, s=$00[m, p=$00[m)
$800D: INY                            (a=$69[m, x=$00[m, y=[31m$6A[m, s=$00[m, p=$00[m)
$800E: BNE $FA                        (a=$69[m, x=$00[m, y=$6A[m, s=$00[m, p=$00[m)
$800A: LDA $0000, Y                   (a=[31m$6A[m, x=$00[m, y=$6A[m, s=$00[m, p=$00[m)
$800D: INY                            (a=$6A[m, x=$00[m, y=[31m$6B[m, s=$00[m, p=$00[m)
$800E: BNE $FA                        (a=$6A[m, x=$00[m, y=$6B[m, s=$00[m, p=$00[m)
$800A: LDA $0000, Y                   (a=[31m$6B[m, x=$00[m, y=$6B[m, s=$00[m, p=$00[m)
$800D: INY                            (a=$6B[m, x=$00[m, y=[31m$6C[m, s=$00[m, p=$00[m)
$800E: BNE $FA                        (a=$6B[m, x=$00[m, y=$6C[m, s=$00[m, p=$00[m)
$800A: LDA $0000, Y                   (a=[31m$6C[m, x=$00[m, y=$6C[m, s=$00[m, p=$00[m)
$800D: INY                            (a=$6C[m, x=$00[m, y=[31m$6D[m, s=$00[m, p=$00[m)
$800E: BNE $FA                        (a=$6C[m, x=$00[m, y=$6D[m, s=$00[m, p=$00[m)
$800A: LDA $0000, Y                   (a=[31m$6D[m, x=$00[m, y=$6D[m, s=$00[m, p=$00[m)
$800D: INY                            (a=$6D[m, x=$00[m, y=[31m$6E[m, s=$00[m, p=$00[m)
$800E: BNE $FA                        (a=$6D[m, x=$00[m, y=$6E[m, s=$00[m, p=$00[m)
$800A: LDA $0000, Y                   (a=[31m$6E[m, x=$00[m, y=$6E[m, s=$00[m, p=$00[m)
$800D: INY                            (a=$6E[m, x=$00[m, y=[31m$6F[m, s=$00[m, p=$00[m)
$800E: BNE $FA                        (a=$6E[m, x=$00[m, y=$6F[m, s=$00[m, p=$00[m)
$800A: LDA $0000, Y                   (a=[31m$6F[m, x=$00[m, y=$6F[m, s=$00[m, p=$00[m)
$800D: INY                            (a=$6F[m, x=$00[m, y=[31m$70[m, s=$00[m, p=$00[m)
$800E: BNE $FA                        (a=$6F[m, x=$00[m, y=$70[m, s=$00[m, p=$00[m)
$800A: LDA $0000, Y                   (a=[31m$70[m, x=$00[m, y=$70[m, s=$00[m, p=$00[m)
$800D: INY                            (a=$70[m, x=$00[m, y=[31m$71[m, s=$00[m, p=$00[m)
$800E: BNE $FA                        (a=$70[m, x=$00[m, y=$71[m, s=$00[m, p=$00[m)
$800A: LDA $0000, Y                   (a=[31m$71[m, x=$00[m, y=$71[m, s=$00[m, p=$00[m)
$800D: INY                            (a=$71[m, x=$00[m, y=[31m$72[m, s=$00[m, p=$00[m)
$800E: BNE $FA                        (a=$71[m, x=$00[m, y=$72[m, s=$00[m, p=$00[m)
$800A: LDA $0000, Y                   (a=[31m$72[m, x=$00[m, y=$72[m, s=$00[m, p=$00[m)
$800D: INY                            (a=$72[m, x=$00[m, y=[31m$73[m, s=$00[m, p=$00[m)
$800E: BNE $FA                        (a=$72[m, x=$00[m, y=$73[m, s=$00[m, p=$00[m)
$800A: LDA $0000, Y                   (a=[31m$73[m, x=$00[m, y=$73[m, s=$00[m, p=$00[m)
$800D: INY                            (a=$73[m, x=$00[m, y=[31m$74[m, s=$00[m, p=$00[m)
$800E: BNE $FA                        (a=$73[m, x=$00[m, y=$74[m, s=$00[m, p=$00[m)
$800A: LDA $0000, Y                   (a=[31m$74[m, x=$00[m, y=$74[m, s=$00[m, p=$00[m)
$800D: INY                            (a=$74[m, x=$00[m, y=[31m$75[m, s=$00[m, p=$00[m)
$800E: BNE $FA                        (a=$74[m, x=$00[m, y=$75[m, s=$00[m, p=$00[m)
$800A: LDA $0000, Y                   (a=[31m$75[m, x=$00[m, y=$75[m, s=$00[m, p=$00[m)
$800D: INY                            (a=$75[m, x=$00[m, y=[31m$76[m, s=$00[m, p=$00[m)
$800E: BNE $FA                        (a=$75[m, x=$00[m, y=$76[m, s=$00[m, p=$00[m)
$800A: LDA $0000, Y                   (a=[31m$76[m, x=$00[m, y=$76[m, s=$00[m, p=$00[m)
$800D: INY                            (a=$76[m, x=$00[m, y=[31m$77[m, s=$00[m, p=$00[m)
$800E: BNE $FA                        (a=$76[m, x=$00[m, y=$77[m, s=$00[m, p=$00[m)
$800A: LDA $0000, Y                   (a=[31m$77[m, x=$00[m, y=$77[m, s=$00[m, p=$00[m)
$800D: INY                            (a=$77[m, x=$00[m, y=[31m$78[m, s=$00[m, p=$00[m)
$800E: BNE $FA                        (a=$77[m, x=$00[m, y=$78[m, s=$00[m, p=$00[m)
$800A: LDA $0000, Y                   (a=[31m$78[m, x=$00[m, y=$78[m, s=$00[m, p=$00[m)
$800D: INY                            (a=$78[m, x=$00[m, y=[31m$79[m, s=$00[m, p=$00[m)
$800E: BNE $FA                        (a=$78[m, x=$00[m, y=$79[m, s=$00[m, p=$00[m)
$800A: LDA $0000, Y                   (a=[31m$79[m, x=$00[m, y=$79[m, s=$00[m, p=$00[m)
$800D: INY                            (a=$79[m, x=$00[m, y=[31m$7A[m, s=$00[m, p=$00[m)
$800E: BNE $FA                        (a=$79[m, x=$00[m, y=$7A[m, s=$00[m, p=$00[m)
$800A: LDA $0000, Y                   (a=[31m$7A[m, x=$00[m, y=$7A[m, s=$00[m, p=$00[m)
$800D: INY                            (a=$7A[m, x=$00[m, y=[31m$7B[m, s=$00[m, p=$00[m)
$800E: BNE $FA                        (a=$7A[m, x=$00[m, y=$7B[m, s=$00[m, p=$00[m)
$800A: LDA $0000, Y                   (a=[31m$7B[m, x=$00[m, y=$7B[m, s=$00[m, p=$00[m)
$800D: INY                            (a=$7B[m, x=$00[m, y=[31m$7C[m, s=$00[m, p=$00[m)
$800E: BNE $FA                        (a=$7B[m, x=$00[m, y=$7C[m, s=$00[m, p=$00[m)
$800A: LDA $0000, Y                   (a=[31m$7C[m, x=$00[m, y=$7C[m, s=$00[m, p=$00[m)
$800D: INY                            (a=$7C[m, x=$00[m, y=[31m$7D[m, s=$00[m, p=$00[m)
$800E: BNE $FA                        (a=$7C[m, x=$00[m, y=$7D[m, s=$00[m, p=$00[m)
$800A: LDA $0000, Y                   (a=[31m$7D[m, x=$00[m, y=$7D[m, s=$00[m, p=$00[m)
$800D: INY                            (a=$7D[m, x=$00[m, y=[31m$7E[m, s=$00[m, p=$00[m)
$800E: BNE $FA                        (a=$7D[m, x=$00[m, y=$7E[m, s=$00[m, p=$00[m)
$800A: LDA $0000, Y                   (a=[31m$7E[m, x=$00[m, y=$7E[m, s=$00[m, p=$00[m)
$800D: INY                            (a=$7E[m, x=$00[m, y=[31m$7F[m, s=$00[m, p=$00[m)
$800E: BNE $FA                        (a=$7E[m, x=$00[m, y=$7F[m, s=$00[m, p=$00[m)
$800A: LDA $0000, Y                   (a=[31m$7F[m, x=$00[m, y=$7F[m, s=$00[m, p=$00[m)
$800D: INY                            (a=$7F[m, x=$00[m, y=[31m$80[m, s=$00[m, p=[31m$80[m)
$800E: BNE $FA                        (a=$7F[m, x=$00[m, y=$80[m, s=$00[m, p=$80[m)
$800A: LDA $0000, Y                   (a=[31m$80[m, x=$00[m, y=$80[m, s=$00[m, p=$80[m)
$800D: INY                            (a=$80[m, x=$00[m, y=[31m$81[m, s=$00[m, p=$80[m)
$800E: BNE $FA                        (a=$80[m, x=$00[m, y=$81[m, s=$00[m, p=$80[m)
$800A: LDA $0000, Y                   (a=[31m$81[m, x=$00[m, y=$81[m, s=$00[m, p=$80[m)
$800D: INY                            (a=$81[m, x=$00[m, y=[31m$82[m, s=$00[m, p=$80[m)
$800E: BNE $FA                        (a=$81[m, x=$00[m, y=$82[m, s=$00[m, p=$80[m)
$800A: LDA $0000, Y                   (a=[31m$82[m, x=$00[m, y=$82[m, s=$00[m, p=$80[m)
$800D: INY                            (a=$82[m, x=$00[m, y=[31m$83[m, s=$00[m, p=$80[m)
$800E: BNE $FA                        (a=$82[m, x=$00[m, y=$83[m, s=$00[m, p=$80[m)
$800A: LDA $0000, Y                   (a=[31m$83[m, x=$00[m, y=$83[m, s=$00[m, p=$80[m)
$800D: INY                            (a=$83[m, x=$00[m, y=[31m$84[m, s=$00[m, p=$80[m)
$800E: BNE $FA                        (a=$83[m, x=$00[m, y=$84[m, s=$00[m, p=$80[m)
$800A: LDA $0000, Y                   (a=[31m$84[m, x=$00[m, y=$84[m, s=$00[m, p=$80[m)
$800D: INY                            (a=$84[m, x=$00[m, y=[31m$85[m, s=$00[m, p=$80[m)
$800E: BNE $FA                        (a=$84[m, x=$00[m, y=$85[m, s=$00[m, p=$80[m)
$800A: LDA $0000, Y                   (a=[31m$85[m, x=$00[m, y=$85[m, s=$00[m, p=$80[m)
$800D: INY                            (a=$85[m, x=$00[m, y=[31m$86[m, s=$00[m, p=$80[m)
$800E: BNE $FA                        (a=$85[m, x=$00[m, y=$86[m, s=$00[m, p=$80[m)
$800A: LDA $0000, Y                   (a=[31m$86[m, x=$00[m, y=$86[m, s=$00[m, p=$80[m)
$800D: INY                            (a=$86[m, x=$00[m, y=[31m$87[m, s=$00[m, p=$80[m)
$800E: BNE $FA                        (a=$86[m, x=$00[m, y=$87[m, s=$00[m, p=$80[m)
$800A: LDA $0000, Y                   (a=[31m$87[m, x=$00[m, y=$87[m, s=$00[m, p=$80[m)
$800D: INY                            (a=$87[m, x=$00[m, y=[31m$88[m, s=$00[m, p=$80[m)
$800E: BNE $FA                        (a=$87[m, x=$00[m, y=$88[m, s=$00[m, p=$80[m)
$800A: LDA $0000, Y                   (a=[31m$88[m, x=$00[m, y=$88[m, s=$00[m, p=$80[m)
$800D: INY                            (a=$88[m, x=$00[m, y=[31m$89[m, s=$00[m, p=$80[m)
$800E: BNE $FA                        (a=$88[m, x=$00[m, y=$89[m, s=$00[m, p=$80[m)
$800A: LDA $0000, Y                   (a=[31m$89[m, x=$00[m, y=$89[m, s=$00[m, p=$80[m)
$800D: INY                            (a=$89[m, x=$00[m, y=[31m$8A[m, s=$00[m, p=$80[m)
$800E: BNE $FA                        (a=$89[m, x=$00[m, y=$8A[m, s=$00[m, p=$80[m)
$800A: LDA $0000, Y                   (a=[31m$8A[m, x=$00[m, y=$8A[m, s=$00[m, p=$80[m)
$800D: INY                            (a=$8A[m, x=$00[m, y=[31m$8B[m, s=$00[m, p=$80[m)
$800E: BNE $FA                        (a=$8A[m, x=$00[m, y=$8B[m, s=$00[m, p=$80[m)
$800A: LDA $0000, Y                   (a=[31m$8B[m, x=$00[m, y=$8B[m, s=$00[m, p=$80[m)
$800D: INY                            (a=$8B[m, x=$00[m, y=[31m$8C[m, s=$00[m, p=$80[m)
$800E: BNE $FA                        (a=$8B[m, x=$00[m, y=$8C[m, s=$00[m, p=$80[m)
$800A: LDA $0000, Y                   (a=[31m$8C[m, x=$00[m, y=$8C[m, s=$00[m, p=$80[m)
$800D: INY                            (a=$8C[m, x=$00[m, y=[31m$8D[m, s=$00[m, p=$80[m)
$800E: BNE $FA                        (a=$8C[m, x=$00[m, y=$8D[m, s=$00[m, p=$80[m)
$800A: LDA $0000, Y                   (a=[31m$8D[m, x=$00[m, y=$8D[m, s=$00[m, p=$80[m)
$800D: INY                            (a=$8D[m, x=$00[m, y=[31m$8E[m, s=$00[m, p=$80[m)
$800E: BNE $FA                        (a=$8D[m, x=$00[m, y=$8E[m, s=$00[m, p=$80[m)
$800A: LDA $0000, Y                   (a=[31m$8E[m, x=$00[m, y=$8E[m, s=$00[m, p=$80[m)
$800D: INY                            (a=$8E[m, x=$00[m, y=[31m$8F[m, s=$00[m, p=$80[m)
$800E: BNE $FA                        (a=$8E[m, x=$00[m, y=$8F[m, s=$00[m, p=$80[m)
$800A: LDA $0000, Y                   (a=[31m$8F[m, x=$00[m, y=$8F[m, s=$00[m, p=$80[m)
$800D: INY                            (a=$8F[m, x=$00[m, y=[31m$90[m, s=$00[m, p=$80[m)
$800E: BNE $FA                        (a=$8F[m, x=$00[m, y=$90[m, s=$00[m, p=$80[m)
$800A: LDA $0000, Y                   (a=[31m$90[m, x=$00[m, y=$90[m, s=$00[m, p=$80[m)
$800D: INY                            (a=$90[m, x=$00[m, y=[31m$91[m, s=$00[m, p=$80[m)
$800E: BNE $FA                        (a=$90[m, x=$00[m, y=$91[m, s=$00[m, p=$80[m)
$800A: LDA $0000, Y                   (a=[31m$91[m, x=$00[m, y=$91[m, s=$00[m, p=$80[m)
$800D: INY                            (a=$91[m, x=$00[m, y=[31m$92[m, s=$00[m, p=$80[m)
$800E: BNE $FA                        (a=$91[m, x=$00[m, y=$92[m, s=$00[m, p=$80[m)
$800A: LDA $0000, Y                   (a=[31m$92[m, x=$00[m, y=$92[m, s=$00[m, p=$80[m)
$800D: INY                            (a=$92[m, x=$00[m, y=[31m$93[m, s=$00[m, p=$80[m)
$800E: BNE $FA                        (a=$92[m, x=$00[m, y=$93[m, s=$00[m, p=$80[m)
$800A: LDA $0000, Y                   (a=[31m$93[m, x=$00[m, y=$93[m, s=$00[m, p=$80[m)
$800D: INY                            (a=$93[m, x=$00[m, y=[31m$94[m, s=$00[m, p=$80[m)
$800E: BNE $FA                        (a=$93[m, x=$00[m, y=$94[m, s=$00[m, p=$80[m)
$800A: LDA $0000, Y                   (a=[31m$94[m, x=$00[m, y=$94[m, s=$00[m, p=$80[m)
$800D: INY                            (a=$94[m, x=$00[m, y=[31m$95[m, s=$00[m, p=$80[m)
$800E: BNE $FA                        (a=$94[m, x=$00[m, y=$95[m, s=$00[m, p=$80[m)
$800A: LDA $0000, Y                   (a=[31m$95[m, x=$00[m, y=$95[m, s=$00[m, p=$80[m)
$800D: INY                            (a=$95[m, x=$00[m, y=[31m$96[m, s=$00[m, p=$80[m)
$800E: BNE $FA                        (a=$95[m, x=$00[m, y=$96[m, s=$00[m, p=$80[m)
$800A: LDA $0000, Y                   (a=[31m$96[m, x=$00[m, y=$96[m, s=$00[m, p=$80[m)
$800D: INY                            (a=$96[m, x=$00[m, y=[31m$97[m, s=$00[m, p=$80[m)
$800E: BNE $FA                        (a=$96[m, x=$00[m, y=$97[m, s=$00[m, p=$80[m)
$800A: LDA $0000, Y                   (a=[31m$97[m, x=$00[m, y=$97[m, s=$00[m, p=$80[m)
$800D: INY                            (a=$97[m, x=$00[m, y=[31m$98[m, s=$00[m, p=$80[m)
$800E: BNE $FA                        (a=$97[m, x=$00[m, y=$98[m, s=$00[m, p=$80[m)
$800A: LDA $0000, Y                   (a=[31m$98[m, x=$00[m, y=$98[m, s=$00[m, p=$80[m)
$800D: INY                            (a=$98[m, x=$00[m, y=[31m$99[m, s=$00[m, p=$80[m)
$800E: BNE $FA                        (a=$98[m, x=$00[m, y=$99[m, s=$00[m, p=$80[m)
$800A: LDA $0000, Y                   (a=[31m$99[m, x=$00[m, y=$99[m, s=$00[m, p=$80[m)
$800D: INY                            (a=$99[m, x=$00[m, y=[31m$9A[m, s=$00[m, p=$80[m)
$800E: BNE $FA                        (a=$99[m, x=$00[m, y=$9A[m, s=$00[m, p=$80[m)
$800A: LDA $0000, Y                   (a=[31m$9A[m, x=$00[m, y=$9A[m, s=$00[m, p=$80[m)
$800D: INY                            (a=$9A[m, x=$00[m, y=[31m$9B[m, s=$00[m, p=$80[m)
$800E: BNE $FA                        (a=$9A[m, x=$00[m, y=$9B[m, s=$00[m, p=$80[m)
$800A: LDA $0000, Y                   (a=[31m$9B[m, x=$00[m, y=$9B[m, s=$00[m, p=$80[m)
$800D: INY                            (a=$9B[m, x=$00[m, y=[31m$9C[m, s=$00[m, p=$80[m)
$800E: BNE $FA                        (a=$9B[m, x=$00[m, y=$9C[m, s=$00[m, p=$80[m)
$800A: LDA $0000, Y                   (a=[31m$9C[m, x=$00[m, y=$9C[m, s=$00[m, p=$80[m)
$800D: INY                            (a=$9C[m, x=$00[m, y=[31m$9D[m, s=$00[m, p=$80[m)
$800E: BNE $FA                        (a=$9C[m, x=$00[m, y=$9D[m, s=$00[m, p=$80[m)
$800A: LDA $0000, Y                   (a=[31m$9D[m, x=$00[m, y=$9D[m, s=$00[m, p=$80[m)
$800D: INY                            (a=$9D[m, x=$00[m, y=[31m$9E[m, s=$00[m, p=$80[m)
$800E: BNE $FA                        (a=$9D[m, x=$00[m, y=$9E[m, s=$00[m, p=$80[m)
$800A: LDA $0000, Y                   (a=[31m$9E[m, x=$00[m, y=$9E[m, s=$00[m, p=$80[m)
$800D: INY                            (a=$9E[m, x=$00[m, y=[31m$9F[m, s=$00[m, p=$80[m)
$800E: BNE $FA                        (a=$9E[m, x=$00[m, y=$9F[m, s=$00[m, p=$80[m)
$800A: LDA $0000, Y                   (a=[31m$9F[m, x=$00[m, y=$9F[m, s=$00[m, p=$80[m)
$800D: INY                            (a=$9F[m, x=$00[m, y=[31m$A0[m, s=$00[m, p=$80[m)
$800E: BNE $FA                        (a=$9F[m, x=$00[m, y=$A0[m, s=$00[m, p=$80[m)
$800A: LDA $0000, Y                   (a=[31m$A0[m, x=$00[m, y=$A0[m, s=$00[m, p=$80[m)
$800D: INY                            (a=$A0[m, x=$00[m, y=[31m$A1[m, s=$00[m, p=$80[m)
$800E: BNE $FA                        (a=$A0[m, x=$00[m, y=$A1[m, s=$00[m, p=$80[m)
$800A: LDA $0000, Y                   (a=[31m$A1[m, x=$00[m, y=$A1[m, s=$00[m, p=$80[m)
$800D: INY                            (a=$A1[m, x=$00[m, y=[31m$A2[m, s=$00[m, p=$80[m)
$800E: BNE $FA                        (a=$A1[m, x=$00[m, y=$A2[m, s=$00[m, p=$80[m)
$800A: LDA $0000, Y                   (a=[31m$A2[m, x=$00[m, y=$A2[m, s=$00[m, p=$80[m)
$800D: INY                            (a=$A2[m, x=$00[m, y=[31m$A3[m, s=$00[m, p=$80[m)
$800E: BNE $FA                        (a=$A2[m, x=$00[m, y=$A3[m, s=$00[m, p=$80[m)
$800A: LDA $0000, Y                   (a=[31m$A3[m, x=$00[m, y=$A3[m, s=$00[m, p=$80[m)
$800D: INY                            (a=$A3[m, x=$00[m, y=[31m$A4[m, s=$00[m, p=$80[m)
$800E: BNE $FA                        (a=$A3[m, x=$00[m, y=$A4[m, s=$00[m, p=$80[m)
$800A: LDA $0000, Y                   (a=[31m$A4[m, x=$00[m, y=$A4[m, s=$00[m, p=$80[m)
$800D: INY                            (a=$A4[m, x=$00[m, y=[31m$A5[m, s=$00[m, p=$80[m)
$800E: BNE $FA                        (a=$A4[m, x=$00[m, y=$A5[m, s=$00[m, p=$80[m)
$800A: LDA $0000, Y                   (a=[31m$A5[m, x=$00[m, y=$A5[m, s=$00[m, p=$80[m)
$800D: INY                            (a=$A5[m, x=$00[m, y=[31m$A6[m, s=$00[m, p=$80[m)
$800E: BNE $FA                        (a=$A5[m, x=$00[m, y=$A6[m, s=$00[m, p=$80[m)
$800A: LDA $0000, Y                   (a=[31m$A6[m, x=$00[m, y=$A6[m, s=$00[m, p=$80[m)
$800D: INY                            (a=$A6[m, x=$00[m, y=[31m$A7[m, s=$00[m, p=$80[m)
$800E: BNE $FA                        (a=$A6[m, x=$00[m, y=$A7[m, s=$00[m, p=$80[m)
$800A: LDA $0000, Y                   (a=[31m$A7[m, x=$00[m, y=$A7[m, s=$00[m, p=$80[m)
$800D: INY                            (a=$A7[m, x=$00[m, y=[31m$A8[m, s=$00[m, p=$80[m)
$800E: BNE $FA                        (a=$A7[m, x=$00[m, y=$A8[m, s=$00[m, p=$80[m)
$800A: LDA $0000, Y                   (a=[31m$A8[m, x=$00[m, y=$A8[m, s=$00[m, p=$80[m)
$800D: INY                            (a=$A8[m, x=$00[m, y=[31m$A9[m, s=$00[m, p=$80[m)
$800E: BNE $FA                        (a=$A8[m, x=$00[m, y=$A9[m, s=$00[m, p=$80[m)
$800A: LDA $0000, Y                   (a=[31m$A9[m, x=$00[m, y=$A9[m, s=$00[m, p=$80[m)
$800D: INY                            (a=$A9[m, x=$00[m, y=[31m$AA[m, s=$00[m, p=$80[m)
$800E: BNE $FA                        (a=$A9[m, x=$00[m, y=$AA[m, s=$00[m, p=$80[m)
$800A: LDA $0000, Y                   (a=[31m$AA[m, x=$00[m, y=$AA[m, s=$00[m, p=$80[m)
$800D: INY                            (a=$AA[m, x=$00[m, y=[31m$AB[m, s=$00[m, p=$80[m)
$800E: BNE $FA                        (a=$AA[m, x=$00[m, y=$AB[m, s=$00[m, p=$80[m)
$800A: LDA $0000, Y                   (a=[31m$AB[m, x=$00[m, y=$AB[m, s=$00[m, p=$80[m)
$800D: INY                            (a=$AB[m, x=$00[m, y=[31m$AC[m, s=$00[m, p=$80[m)
$800E: BNE $FA                        (a=$AB[m, x=$00[m, y=$AC[m, s=$00[m, p=$80[m)
$800A: LDA $0000, Y                   (a=[31m$AC[m, x=$00[m, y=$AC[m, s=$00[m, p=$80[m)
$800D: INY                            (a=$AC[m, x=$00[m, y=[31m$AD[m, s=$00[m, p=$80[m)
$800E: BNE $FA                        (a=$AC[m, x=$00[m, y=$AD[m, s=$00[m, p=$80[m)
$800A: LDA $0000, Y                   (a=[31m$AD[m, x=$00[m, y=$AD[m, s=$00[m, p=$80[m)
$800D: INY                            (a=$AD[m, x=$00[m, y=[31m$AE[m, s=$00[m, p=$80[m)
$800E: BNE $FA                        (a=$AD[m, x=$00[m, y=$AE[m, s=$00[m, p=$80[m)
$800A: LDA $0000, Y                   (a=[31m$AE[m, x=$00[m, y=$AE[m, s=$00[m, p=$80[m)
$800D: INY                            (a=$AE[m, x=$00[m, y=[31m$AF[m, s=$00[m, p=$80[m)
$800E: BNE $FA                        (a=$AE[m, x=$00[m, y=$AF[m, s=$00[m, p=$80[m)
$800A: LDA $0000, Y                   (a=[31m$AF[m, x=$00[m, y=$AF[m, s=$00[m, p=$80[m)
$800D: INY                            (a=$AF[m, x=$00[m, y=[31m$B0[m, s=$00[m, p=$80[m)
$800E: BNE $FA                        (a=$AF[m, x=$00[m, y=$B0[m, s=$00[m, p=$80[m)
$800A: LDA $0000, Y                   (a=[31m$B0[m, x=$00[m, y=$B0[m, s=$00[m, p=$80[m)
$800D: INY                            (a=$B0[m, x=$00[m, y=[31m$B1[m, s=$00[m, p=$80[m)
$800E: BNE $FA                        (a=$B0[m, x=$00[m, y=$B1[m, s=$00[m, p=$80[m)
$800A: LDA $0000, Y                   (a=[31m$B1[m, x=$00[m, y=$B1[m, s=$00[m, p=$80[m)
$800D: INY                            (a=$B1[m, x=$00[m, y=[31m$B2[m, s=$00[m, p=$80[m)
$800E: BNE $FA                        (a=$B1[m, x=$00[m, y=$B2[m, s=$00[m, p=$80[m)
$800A: LDA $0000, Y                   (a=[31m$B2[m, x=$00[m, y=$B2[m, s=$00[m, p=$80[m)
$800D: INY                            (a=$B2[m, x=$00[m, y=[31m$B3[m, s=$00[m, p=$80[m)
$800E: BNE $FA                        (a=$B2[m, x=$00[m, y=$B3[m, s=$00[m, p=$80[m)
$800A: LDA $0000, Y                   (a=[31m$B3[m, x=$00[m, y=$B3[m, s=$00[m, p=$80[m)
$800D: INY                            (a=$B3[m, x=$00[m, y=[31m$B4[m, s=$00[m, p=$80[m)
$800E: BNE $FA                        (a=$B3[m, x=$00[m, y=$B4[m, s=$00[m, p=$80[m)
$800A: LDA $0000, Y                   (a=[31m$B4[m, x=$00[m, y=$B4[m, s=$00[m, p=$80[m)
$800D: INY                            (a=$B4[m, x=$00[m, y=[31m$B5[m, s=$00[m, p=$80[m)
$800E: BNE $FA                        (a=$B4[m, x=$00[m, y=$B5[m, s=$00[m, p=$80[m)
$800A: LDA $0000, Y                   (a=[31m$B5[m, x=$00[m, y=$B5[m, s=$00[m, p=$80[m)
$800D: INY                            (a=$B5[m, x=$00[m, y=[31m$B6[m, s=$00[m, p=$80[m)
$800E: BNE $FA                        (a=$B5[m, x=$00[m, y=$B6[m, s=$00[m, p=$80[m)
$800A: LDA $0000, Y                   (a=[31m$B6[m, x=$00[m, y=$B6[m, s=$00[m, p=$80[m)
$800D: INY                            (a=$B6[m, x=$00[m, y=[31m$B7[m, s=$00[m, p=$80[m)
$800E: BNE $FA                        (a=$B6[m, x=$00[m, y=$B7[m, s=$00[m, p=$80[m)
$800A: LDA $0000, Y                   (a=[31m$B7[m, x=$00[m, y=$B7[m, s=$00[m, p=$80[m)
$800D: INY                            (a=$B7[m, x=$00[m, y=[31m$B8[m, s=$00[m, p=$80[m)
$800E: BNE $FA                        (a=$B7[m, x=$00[m, y=$B8[m, s=$00[m, p=$80[m)
$800A: LDA $0000, Y                   (a=[31m$B8[m, x=$00[m, y=$B8[m, s=$00[m, p=$80[m)
$800D: INY                            (a=$B8[m, x=$00[m, y=[31m$B9[m, s=$00[m, p=$80[m)
$800E: BNE $FA                        (a=$B8[m, x=$00[m, y=$B9[m, s=$00[m, p=$80[m)
$800A: LDA $0000, Y                   (a=[31m$B9[m, x=$00[m, y=$B9[m, s=$00[m, p=$80[m)
$800D: INY                            (a=$B9[m, x=$00[m, y=[31m$BA[m, s=$00[m, p=$80[m)
$800E: BNE $FA                        (a=$B9[m, x=$00[m, y=$BA[m, s=$00[m, p=$80[m)
$800A: LDA $0000, Y                   (a=[31m$BA[m, x=$00[m, y=$BA[m, s=$00[m, p=$80[m)
$800D: INY                            (a=$BA[m, x=$00[m, y=[31m$BB[m, s=$00[m, p=$80[m)
$800E: BNE $FA                        (a=$BA[m, x=$00[m, y=$BB[m, s=$00[m, p=$80[m)
$800A: LDA $0000, Y                   (a=[31m$BB[m, x=$00[m, y=$BB[m, s=$00[m, p=$80[m)
$800D: INY                            (a=$BB[m, x=$00[m, y=[31m$BC[m, s=$00[m, p=$80[m)
$800E: BNE $FA                        (a=$BB[m, x=$00[m, y=$BC[m, s=$00[m, p=$80[m)
$800A: LDA $0000, Y                   (a=[31m$BC[m, x=$00[m, y=$BC[m, s=$00[m, p=$80[m)
$800D: INY                            (a=$BC[m, x=$00[m, y=[31m$BD[m, s=$00[m, p=$80[m)
$800E: BNE $FA                        (a=$BC[m, x=$00[m, y=$BD[m, s=$00[m, p=$80[m)
$800A: LDA $0000, Y                   (a=[31m$BD[m, x=$00[m, y=$BD[m, s=$00[m, p=$80[m)
$800D: INY                            (a=$BD[m, x=$00[m, y=[31m$BE[m, s=$00[m, p=$80[m)
$800E: BNE $FA                        (a=$BD[m, x=$00[m, y=$BE[m, s=$00[m, p=$80[m)
$800A: LDA $0000, Y                   (a=[31m$BE[m, x=$00[m, y=$BE[m, s=$00[m, p=$80[m)
$800D: INY                            (a=$BE[m, x=$00[m, y=[31m$BF[m, s=$00[m, p=$80[m)
$800E: BNE $FA                        (a=$BE[m, x=$00[m, y=$BF[m, s=$00[m, p=$80[m)
$800A: LDA $0000, Y                   (a=[31m$BF[m, x=$00[m, y=$BF[m, s=$00[m, p=$80[m)
$800D: INY                            (a=$BF[m, x=$00[m, y=[31m$C0[m, s=$00[m, p=$80[m)
$800E: BNE $FA                        (a=$BF[m, x=$00[m, y=$C0[m, s=$00[m, p=$80[m)
$800A: LDA $0000, Y                   (a=[31m$C0[m, x=$00[m, y=$C0[m, s=$00[m, p=$80[m)
$800D: INY                            (a=$C0[m, x=$00[m, y=[31m$C1[m, s=$00[m, p=$80[m)
$800E: BNE $FA                        (a=$C0[m, x=$00[m, y=$C1[m, s=$00[m, p=$80[m)
$800A: LDA $0000, Y                   (a=[31m$C1[m, x=$00[m, y=$C1[m, s=$00[m, p=$80[m)
$800D: INY                            (a=$C1[m, x=$00[m, y=[31m$C2[m, s=$00[m, p=$80[m)
$800E: BNE $FA                        (a=$C1[m, x=$00[m, y=$C2[m, s=$00[m, p=$80[m)
$800A: LDA $0000, Y                   (a=[31m$C2[m, x=$00[m, y=$C2[m, s=$00[m, p=$80[m)
$800D: INY                            (a=$C2[m, x=$00[m, y=[31m$C3[m, s=$00[m, p=$80[m)
$800E: BNE $FA                        (a=$C2[m, x=$00[m, y=$C3[m, s=$00[m, p=$80[m)
$800A: LDA $0000, Y                   (a=[31m$C3[m, x=$00[m, y=$C3[m, s=$00[m, p=$80[m)
$800D: INY                            (a=$C3[m, x=$00[m, y=[31m$C4[m, s=$00[m, p=$80[m)
$800E: BNE $FA                        (a=$C3[m, x=$00[m, y=$C4[m, s=$00[m, p=$80[m)
$800A: LDA $0000, Y                   (a=[31m$C4[m, x=$00[m, y=$C4[m, s=$00[m, p=$80[m)
$800D: INY                            (a=$C4[m, x=$00[m, y=[31m$C5[m, s=$00[m, p=$80[m)
$800E: BNE $FA                        (a=$C4[m, x=$00[m, y=$C5[m, s=$00[m, p=$80[m)
$800A: LDA $0000, Y                   (a=[31m$C5[m, x=$00[m, y=$C5[m, s=$00[m, p=$80[m)
$800D: INY                            (a=$C5[m, x=$00[m, y=[31m$C6[m, s=$00[m, p=$80[m)
$800E: BNE $FA                        (a=$C5[m, x=$00[m, y=$C6[m, s=$00[m, p=$80[m)
$800A: LDA $0000, Y                   (a=[31m$C6[m, x=$00[m, y=$C6[m, s=$00[m, p=$80[m)
$800D: INY                            (a=$C6[m, x=$00[m, y=[31m$C7[m, s=$00[m, p=$80[m)
$800E: BNE $FA                        (a=$C6[m, x=$00[m, y=$C7[m, s=$00[m, p=$80[m)
$800A: LDA $0000, Y                   (a=[31m$C7[m, x=$00[m, y=$C7[m, s=$00[m, p=$80[m)
$800D: INY                            (a=$C7[m, x=$00[m, y=[31m$C8[m, s=$00[m, p=$80[m)
$800E: BNE $FA                        (a=$C7[m, x=$00[m, y=$C8[m, s=$00[m, p=$80[m)
$800A: LDA $0000, Y                   (a=[31m$C8[m, x=$00[m, y=$C8[m, s=$00[m, p=$80[m)
$800D: INY                            (a=$C8[m, x=$00[m, y=[31m$C9[m, s=$00[m, p=$80[m)
$800E: BNE $FA                        (a=$C8[m, x=$00[m, y=$C9[m, s=$00[m, p=$80[m)
$800A: LDA $0000, Y                   (a=[31m$C9[m, x=$00[m, y=$C9[m, s=$00[m, p=$80[m)
$800D: INY                            (a=$C9[m, x=$00[m, y=[31m$CA[m, s=$00[m, p=$80[m)
$800E: BNE $FA                        (a=$C9[m, x=$00[m, y=$CA[m, s=$00[m, p=$80[m)
$800A: LDA $0000, Y                   (a=[31m$CA[m, x=$00[m, y=$CA[m, s=$00[m, p=$80[m)
$800D: INY                            (a=$CA[m, x=$00[m, y=[31m$CB[m, s=$00[m, p=$80[m)
$800E: BNE $FA                        (a=$CA[m, x=$00[m, y=$CB[m, s=$00[m, p=$80[m)
$800A: LDA $0000, Y                   (a=[31m$CB[m, x=$00[m, y=$CB[m, s=$00[m, p=$80[m)
$800D: INY                            (a=$CB[m, x=$00[m, y=[31m$CC[m, s=$00[m, p=$80[m)
$800E: BNE $FA                        (a=$CB[m, x=$00[m, y=$CC[m, s=$00[m, p=$80[m)
$800A: LDA $0000, Y                   (a=[31m$CC[m, x=$00[m, y=$CC[m, s=$00[m, p=$80[m)
$800D: INY                            (a=$CC[m, x=$00[m, y=[31m$CD[m, s=$00[m, p=$80[m)
$800E: BNE $FA                        (a=$CC[m, x=$00[m, y=$CD[m, s=$00[m, p=$80[m)
$800A: LDA $0000, Y                   (a=[31m$CD[m, x=$00[m, y=$CD[m, s=$00[m, p=$80[m)
$800D: INY                            (a=$CD[m, x=$00[m, y=[31m$CE[m, s=$00[m, p=$80[m)
$800E: BNE $FA                        (a=$CD[m, x=$00[m, y=$CE[m, s=$00[m, p=$80[m)
$800A: LDA $0000, Y                   (a=[31m$CE[m, x=$00[m, y=$CE[m, s=$00[m, p=$80[m)
$800D: INY                            (a=$CE[m, x=$00[m, y=[31m$CF[m, s=$00[m, p=$80[m)
$800E: BNE $FA                        (a=$CE[m, x=$00[m, y=$CF[m, s=$00[m, p=$80[m)
$800A: LDA $0000, Y                   (a=[31m$CF[m, x=$00[m, y=$CF[m, s=$00[m, p=$80[m)
$800D: INY                            (a=$CF[m, x=$00[m, y=[31m$D0[m, s=$00[m, p=$80[m)
$800E: BNE $FA                        (a=$CF[m, x=$00[m, y=$D0[m, s=$00[m, p=$80[m)
$800A: LDA $0000, Y                   (a=[31m$D0[m, x=$00[m, y=$D0[m, s=$00[m, p=$80[m)
$800D: INY                            (a=$D0[m, x=$00[m, y=[31m$D1[m, s=$00[m, p=$80[m)
$800E: BNE $FA                        (a=$D0[m, x=$00[m, y=$D1[m, s=$00[m, p=$80[m)
$800A: LDA $0000, Y                   (a=[31m$D1[m, x=$00[m, y=$D1[m, s=$00[m, p=$80[m)
$800D: INY                            (a=$D1[m, x=$00[m, y=[31m$D2[m, s=$00[m, p=$80[m)
$800E: BNE $FA                        (a=$D1[m, x=$00[m, y=$D2[m, s=$00[m, p=$80[m)
$800A: LDA $0000, Y                   (a=[31m$D2[m, x=$00[m, y=$D2[m, s=$00[m, p=$80[m)
$800D: INY                            (a=$D2[m, x=$00[m, y=[31m$D3[m, s=$00[m, p=$80[m)
$800E: BNE $FA                        (a=$D2[m, x=$00[m, y=$D3[m, s=$00[m, p=$80[m)
$800A: LDA $0000, Y                   (a=[31m$D3[m, x=$00[m, y=$D3[m, s=$00[m, p=$80[m)
$800D: INY                            (a=$D3[m, x=$00[m, y=[31m$D4[m, s=$00[m, p=$80[m)
$800E: BNE $FA                        (a=$D3[m, x=$00[m, y=$D4[m, s=$00[m, p=$80[m)
$800A: LDA $0000, Y                   (a=[31m$D4[m, x=$00[m, y=$D4[m, s=$00[m, p=$80[m)
$800D: INY                            (a=$D4[m, x=$00[m, y=[31m$D5[m, s=$00[m, p=$80[m)
$800E: BNE $FA                        (a=$D4[m, x=$00[m, y=$D5[m, s=$00[m, p=$80[m)
$800A: LDA $0000, Y                   (a=[31m$D5[m, x=$00[m, y=$D5[m, s=$00[m, p=$80[m)
$800D: INY                            (a=$D5[m, x=$00[m, y=[31m$D6[m, s=$00[m, p=$80[m)
$800E: BNE $FA                        (a=$D5[m, x=$00[m, y=$D6[m, s=$00[m, p=$80[m)
$800A: LDA $0000, Y                   (a=[31m$D6[m, x=$00[m, y=$D6[m, s=$00[m, p=$80[m)
$800D: INY                            (a=$D6[m, x=$00[m, y=[31m$D7[m, s=$00[m, p=$80[m)
$800E: BNE $FA                        (a=$D6[m, x=$00[m, y=$D7[m, s=$00[m, p=$80[m)
$800A: LDA $0000, Y                   (a=[31m$D7[m, x=$00[m, y=$D7[m, s=$00[m, p=$80[m)
$800D: INY                            (a=$D7[m, x=$00[m, y=[31m$D8[m, s=$00[m, p=$80[m)
$800E: BNE $FA                        (a=$D7[m, x=$00[m, y=$D8[m, s=$00[m, p=$80[m)
$800A: LDA $0000, Y                   (a=[31m$D8[m, x=$00[m, y=$D8[m, s=$00[m, p=$80[m)
$800D: INY                            (a=$D8[m, x=$00[m, y=[31m$D9[m, s=$00[m, p=$80[m)
$800E: BNE $FA                        (a=$D8[m, x=$00[m, y=$D9[m, s=$00[m, p=$80[m)
$800A: LDA $0000, Y                   (a=[31m$D9[m, x=$00[m, y=$D9[m, s=$00[m, p=$80[m)
$800D: INY                            (a=$D9[m, x=$00[m, y=[31m$DA[m, s=$00[m, p=$80[m)
$800E: BNE $FA                        (a=$D9[m, x=$00[m, y=$DA[m, s=$00[m, p=$80[m)
$800A: LDA $0000, Y                   (a=[31m$DA[m, x=$00[m, y=$DA[m, s=$00[m, p=$80[m)
$800D: INY                            (a=$DA[m, x=$00[m, y=[31m$DB[m, s=$00[m, p=$80[m)
$800E: BNE $FA                        (a=$DA[m, x=$00[m, y=$DB[m, s=$00[m, p=$80[m)
$800A: LDA $0000, Y                   (a=[31m$DB[m, x=$00[m, y=$DB[m, s=$00[m, p=$80[m)
$800D: INY                            (a=$DB[m, x=$00[m, y=[31m$DC[m, s=$00[m, p=$80[m)
$800E: BNE $FA                        (a=$DB[m, x=$00[m, y=$DC[m, s=$00[m, p=$80[m)
$800A: LDA $0000, Y                   (a=[31m$DC[m, x=$00[m, y=$DC[m, s=$00[m, p=$80[m)
$800D: INY                            (a=$DC[m, x=$00[m, y=[31m$DD[m, s=$00[m, p=$80[m)
$800E: BNE $FA                        (a=$DC[m, x=$00[m, y=$DD[m, s=$00[m, p=$80[m)
$800A: LDA $0000, Y                   (a=[31m$DD[m, x=$00[m, y=$DD[m, s=$00[m, p=$80[m)
$800D: INY                            (a=$DD[m, x=$00[m, y=[31m$DE[m, s=$00[m, p=$80[m)
$800E: BNE $FA                        (a=$DD[m, x=$00[m, y=$DE[m, s=$00[m, p=$80[m)
$800A: LDA $0000, Y                   (a=[31m$DE[m, x=$00[m, y=$DE[m, s=$00[m, p=$80[m)
$800D: INY                            (a=$DE[m, x=$00[m, y=[31m$DF[m, s=$00[m, p=$80[m)
$800E: BNE $FA                        (a=$DE[m, x=$00[m, y=$DF[m, s=$00[m, p=$80[m)
$800A: LDA $0000, Y                   (a=[31m$DF[m, x=$00[m, y=$DF[m, s=$00[m, p=$80[m)
$800D: INY                            (a=$DF[m, x=$00[m, y=[31m$E0[m, s=$00[m, p=$80[m)
$800E: BNE $FA                        (a=$DF[m, x=$00[m, y=$E0[m, s=$00[m, p=$80[m)
$800A: LDA $0000, Y                   (a=[31m$E0[m, x=$00[m, y=$E0[m, s=$00[m, p=$80[m)
$800D: INY                            (a=$E0[m, x=$00[m, y=[31m$E1[m, s=$00[m, p=$80[m)
$800E: BNE $FA                        (a=$E0[m, x=$00[m, y=$E1[m, s=$00[m, p=$80[m)
$800A: LDA $0000, Y                   (a=[31m$E1[m, x=$00[m, y=$E1[m, s=$00[m, p=$80[m)
$800D: INY                            (a=$E1[m, x=$00[m, y=[31m$E2[m, s=$00[m, p=$80[m)
$800E: BNE $FA                        (a=$E1[m, x=$00[m, y=$E2[m, s=$00[m, p=$80[m)
$800A: LDA $0000, Y                   (a=[31m$E2[m, x=$00[m, y=$E2[m, s=$00[m, p=$80[m)
$800D: INY                            (a=$E2[m, x=$00[m, y=[31m$E3[m, s=$00[m, p=$80[m)
$800E: BNE $FA                        (a=$E2[m, x=$00[m, y=$E3[m, s=$00[m, p=$80[m)
$800A: LDA $0000, Y                   (a=[31m$E3[m, x=$00[m, y=$E3[m, s=$00[m, p=$80[m)
$800D: INY                            (a=$E3[m, x=$00[m, y=[31m$E4[m, s=$00[m, p=$80[m)
$800E: BNE $FA                        (a=$E3[m, x=$00[m, y=$E4[m, s=$00[m, p=$80[m)
$800A: LDA $0000, Y                   (a=[31m$E4[m, x=$00[m, y=$E4[m, s=$00[m, p=$80[m)
$800D: INY                            (a=$E4[m, x=$00[m, y=[31m$E5[m, s=$00[m, p=$80[m)
$800E: BNE $FA                        (a=$E4[m, x=$00[m, y=$E5[m, s=$00[m, p=$80[m)
$800A: LDA $0000, Y                   (a=[31m$E5[m, x=$00[m, y=$E5[m, s=$00[m, p=$80[m)
$800D: INY                            (a=$E5[m, x=$00[m, y=[31m$E6[m, s=$00[m, p=$80[m)
$800E: BNE $FA                        (a=$E5[m, x=$00[m, y=$E6[m, s=$00[m, p=$80[m)
$800A: LDA $0000, Y                   (a=[31m$E6[m, x=$00[m, y=$E6[m, s=$00[m, p=$80[m)
$800D: INY                            (a=$E6[m, x=$00[m, y=[31m$E7[m, s=$00[m, p=$80[m)
$800E: BNE $FA                        (a=$E6[m, x=$00[m, y=$E7[m, s=$00[m, p=$80[m)
$800A: LDA $0000, Y                   (a=[31m$E7[m, x=$00[m, y=$E7[m, s=$00[m, p=$80[m)
$800D: INY                            (a=$E7[m, x=$00[m, y=[31m$E8[m, s=$00[m, p=$80[m)
$800E: BNE $FA                        (a=$E7[m, x=$00[m, y=$E8[m, s=$00[m, p=$80[m)
$800A: LDA $0000, Y                   (a=[31m$E8[m, x=$00[m, y=$E8[m, s=$00[m, p=$80[m)
$800D: INY                            (a=$E8[m, x=$00[m, y=[31m$E9[m, s=$00[m, p=$80[m)
$800E: BNE $FA                        (a=$E8[m, x=$00[m, y=$E9[m, s=$00[m, p=$80[m)
$800A: LDA $0000, Y                   (a=[31m$E9[m, x=$00[m, y=$E9[m, s=$00[m, p=$80[m)
$800D: INY                            (a=$E9[m, x=$00[m, y=[31m$EA[m, s=$00[m, p=$80[m)
$800E: BNE $FA                        (a=$E9[m, x=$00[m, y=$EA[m, s=$00[m, p=$80[m)
$800A: LDA $0000, Y                   (a=[31m$EA[m, x=$00[m, y=$EA[m, s=$00[m, p=$80[m)
$800D: INY                            (a=$EA[m, x=$00[m, y=[31m$EB[m, s=$00[m, p=$80[m)
$800E: BNE $FA                        (a=$EA[m, x=$00[m, y=$EB[m, s=$00[m, p=$80[m)
$800A: LDA $0000, Y                   (a=[31m$EB[m, x=$00[m, y=$EB[m, s=$00[m, p=$80[m)
$800D: INY                            (a=$EB[m, x=$00[m, y=[31m$EC[m, s=$00[m, p=$80[m)
$800E: BNE $FA                        (a=$EB[m, x=$00[m, y=$EC[m, s=$00[m, p=$80[m)
$800A: LDA $0000, Y                   (a=[31m$EC[m, x=$00[m, y=$EC[m, s=$00[m, p=$80[m)
$800D: INY                            (a=$EC[m, x=$00[m, y=[31m$ED[m, s=$00[m, p=$80[m)
$800E: BNE $FA                        (a=$EC[m, x=$00[m, y=$ED[m, s=$00[m, p=$80[m)
$800A: LDA $0000, Y                   (a=[31m$ED[m, x=$00[m, y=$ED[m, s=$00[m, p=$80[m)
$800D: INY                            (a=$ED[m, x=$00[m, y=[31m$EE[m, s=$00[m, p=$80[m)
$800E: BNE $FA                        (a=$ED[m, x=$00[m, y=$EE[m, s=$00[m, p=$80[m)
$800A: LDA $0000, Y                   (a=[31m$EE[m, x=$00[m, y=$EE[m, s=$00[m, p=$80[m)
$800D: INY                            (a=$EE[m, x=$00[m, y=[31m$EF[m, s=$00[m, p=$80[m)
$800E: BNE $FA                        (a=$EE[m, x=$00[m, y=$EF[m, s=$00[m, p=$80[m)
$800A: LDA $0000, Y                   (a=[31m$EF[m, x=$00[m, y=$EF[m, s=$00[m, p=$80[m)
$800D: INY                            (a=$EF[m, x=$00[m, y=[31m$F0[m, s=$00[m, p=$80[m)
$800E: BNE $FA                        (a=$EF[m, x=$00[m, y=$F0[m, s=$00[m, p=$80[m)
$800A: LDA $0000, Y                   (a=[31m$F0[m, x=$00[m, y=$F0[m, s=$00[m, p=$80[m)
$800D: INY                            (a=$F0[m, x=$00[m, y=[31m$F1[m, s=$00[m, p=$80[m)
$800E: BNE $FA                        (a=$F0[m, x=$00[m, y=$F1[m, s=$00[m, p=$80[m)
$800A: LDA $0000, Y                   (a=[31m$F1[m, x=$00[m, y=$F1[m, s=$00[m, p=$80[m)
$800D: INY                            (a=$F1[m, x=$00[m, y=[31m$F2[m, s=$00[m, p=$80[m)
$800E: BNE $FA                        (a=$F1[m, x=$00[m, y=$F2[m, s=$00[m, p=$80[m)
$800A: LDA $0000, Y                   (a=[31m$F2[m, x=$00[m, y=$F2[m, s=$00[m, p=$80[m)
$800D: INY                            (a=$F2[m, x=$00[m, y=[31m$F3[m, s=$00[m, p=$80[m)
$800E: BNE $FA                        (a=$F2[m, x=$00[m, y=$F3[m, s=$00[m, p=$80[m)
$800A: LDA $0000, Y                   (a=[31m$F3[m, x=$00[m, y=$F3[m, s=$00[m, p=$80[m)
$800D: INY                            (a=$F3[m, x=$00[m, y=[31m$F4[m, s=$00[m, p=$80[m)
$800E: BNE $FA                        (a=$F3[m, x=$00[m, y=$F4[m, s=$00[m, p=$80[m)
$800A: LDA $0000, Y                   (a=[31m$F4[m, x=$00[m, y=$F4[m, s=$00[m, p=$80[m)
$800D: INY                            (a=$F4[m, x=$00[m, y=[31m$F5[m, s=$00[m, p=$80[m)
$800E: BNE $FA                        (a=$F4[m, x=$00[m, y=$F5[m, s=$00[m, p=$80[m)
$800A: LDA $0000, Y                   (a=[31m$F5[m, x=$00[m, y=$F5[m, s=$00[m, p=$80[m)
$800D: INY                            (a=$F5[m, x=$00[m, y=[31m$F6[m, s=$00[m, p=$80[m)
$800E: BNE $FA                        (a=$F5[m, x=$00[m, y=$F6[m, s=$00[m, p=$80[m)
$800A: LDA $0000, Y                   (a=[31m$F6[m, x=$00[m, y=$F6[m, s=$00[m, p=$80[m)
$800D: INY                            (a=$F6[m, x=$00[m, y=[31m$F7[m, s=$00[m, p=$80[m)
$800E: BNE $FA                        (a=$F6[m, x=$00[m, y=$F7[m, s=$00[m, p=$80[m)
$800A: LDA $0000, Y                   (a=[31m$F7[m, x=$00[m, y=$F7[m, s=$00[m, p=$80[m)
$800D: INY                            (a=$F7[m, x=$00[m, y=[31m$F8[m, s=$00[m, p=$80[m)
$800E: BNE $FA                        (a=$F7[m, x=$00[m, y=$F8[m, s=$00[m, p=$80[m)
$800A: LDA $0000, Y                   (a=[31m$F8[m, x=$00[m, y=$F8[m, s=$00[m, p=$80[m)
$800D: INY                            (a=$F8[m, x=$00[m, y=[31m$F9[m, s=$00[m, p=$80[m)
$800E: BNE $FA                        (a=$F8[m, x=$00[m, y=$F9[m, s=$00[m, p=$80[m)
$800A: LDA $0000, Y                   (a=[31m$F9[m, x=$00[m, y=$F9[m, s=$00[m, p=$80[m)
$800D: INY                            (a=$F9[m, x=$00[m, y=[31m$FA[m, s=$00[m, p=$80[m)
$800E: BNE $FA                        (a=$F9[m, x=$00[m, y=$FA[m, s=$00[m, p=$80[m)
$800A: LDA $0000, Y                   (a=[31m$FA[m, x=$00[m, y=$FA[m, s=$00[m, p=$80[m)
$800D: INY                            (a=$FA[m, x=$00[m, y=[31m$FB[m, s=$00[m, p=$80[m)
$800E: BNE $FA                        (a=$FA[m, x=$00[m, y=$FB[m, s=$00[m, p=$80[m)
$800A: LDA $0000, Y                   (a=[31m$FB[m, x=$00[m, y=$FB[m, s=$00[m, p=$80[m)
$800D: INY                            (a=$FB[m, x=$00[m, y=[31m$FC[m, s=$00[m, p=$80[m)
$800E: BNE $FA                        (a=$FB[m, x=$00[m, y=$FC[m, s=$00[m, p=$80[m)
$800A: LDA $0000, Y                   (a=[31m$FC[m, x=$00[m, y=$FC[m, s=$00[m, p=$80[m)
$800D: INY                            (a=$FC[m, x=$00[m, y=[31m$FD[m, s=$00[m, p=$80[m)
$800E: BNE $FA                        (a=$FC[m, x=$00[m, y=$FD[m, s=$00[m, p=$80[m)
$800A: LDA $0000, Y                   (a=[31m$FD[m, x=$00[m, y=$FD[m, s=$00[m, p=$80[m)
$800D: INY                            (a=$FD[m, x=$00[m, y=[31m$FE[m, s=$00[m, p=$80[m)
$800E: BNE $FA                        (a=$FD[m, x=$00[m, y=$FE[m, s=$00[m, p=$80[m)
$800A: LDA $0000, Y                   (a=[31m$FE[m, x=$00[m, y=$FE[m, s=$00[m, p=$80[m)
$800D: INY                            (a=$FE[m, x=$00[m, y=[31m$FF[m, s=$00[m, p=$80[m)
$800E: BNE $FA                        (a=$FE[m, x=$00[m, y=$FF[m, s=$00[m, p=$80[m)
$800A: LDA $0000, Y                   (a=[31m$FF[m, x=$00[m, y=$FF[m, s=$00[m, p=$80[m)
$800D: INY                            (a=$FF[m, x=$00[m, y=[31m$00[m, s=$00[m, p=[31m$02[m)
$800E: BNE $FA                        (a=$FF[m, x=$00[m, y=$00[m, s=$00[m, p=$02[m)
$8010: DEX                            (a=$FF[m, x=[31m$FF[m, y=$00[m, s=$00[m, p=[31m$80[m)
$8011: DEY                            (a=$FF[m, x=$FF[m, y=[31m$FF[m, s=$00[m, p=$80[m)
$8012: LDX $05                        (a=$FF[m, x=[31m$05[m, y=$FF[m, s=$00[m, p=[31m$00[m)
$8014: LDY $05                        (a=$FF[m, x=$05[m, y=[31m$05[m, s=$00[m, p=$00[m)
$8016: LDX $05, Y                     (a=$FF[m, x=[31m$0A[m, y=$05[m, s=$00[m, p=$00[m)
$8018: LDY $05, X                     (a=$FF[m, x=$0A[m, y=[31m$0F[m, s=$00[m, p=$00[m)
$801A: LDA $00                        (a=[31m$00[m, x=$0A[m, y=$0F[m, s=$00[m, p=[31m$02[m)
$801C: LDA $01                        (a=[31m$01[m, x=$0A[m, y=$0F[m, s=$00[m, p=[31m$00[m)
$801E: LDA $02                        (a=[31m$02[m, x=$0A[m, y=$0F[m, s=$00[m, p=$00[m)
$8020: LDA $03                        (a=[31m$03[m, x=$0A[m, y=$0F[m, s=$00[m, p=$00[m)
$8022: LDA ($01, X) = $0C0B           (a=[31m$00[m, x=$0A[m, y=$0F[m, s=$00[m, p=[31m$02[m)
$8024: LDA ($01), Y = $0210           (a=$00[m, x=$0A[m, y=$0F[m, s=$00[m, p=$02[m)
$8026: LDA $1000                      (a=$00[m, x=$0A[m, y=$0F[m, s=$00[m, p=$02[m)
$8029: LDA $1000, X                   (a=$00[m, x=$0A[m, y=$0F[m, s=$00[m, p=$02[m)
$802C: LDA $1000, Y                   (a=$00[m, x=$0A[m, y=$0F[m, s=$00[m, p=$02[m)
$802F: LDX $2000                      (a=$00[m, x=[31m$00[m, y=$0F[m, s=$00[m, p=$02[m)
$8032: LDX $2000, Y                   (a=$00[m, x=$00[m, y=$0F[m, s=$00[m, p=$02[m)
$8035: LDY $3000                      (a=$00[m, x=$00[m, y=[31m$00[m, s=$00[m, p=$02[m)
$8038: LDY $3000, X                   (a=$00[m, x=$00[m, y=$00[m, s=$00[m, p=$02[m)
$803B: BRK                            (a=$00[m, x=$00[m, y=$00[m, s=$00[m, p=$02[m)
FRAME #1 END (5ms, 4688Hz)
